#-----------------------------------------------------------
# Vivado v2019.2 (64-bit)
# SW Build 2708876 on Wed Nov  6 21:40:23 MST 2019
# IP Build 2700528 on Thu Nov  7 00:09:20 MST 2019
# Start of session at: Sun Apr 20 14:09:52 2025
# Process ID: 12900
# Current directory: D:/compute_lab/lab3_2/inst_rom
# Command line: vivado.exe -gui_launcher_event rodinguilauncherevent4176 D:\compute_lab\lab3_2\inst_rom\inst_rom.xpr
# Log file: D:/compute_lab/lab3_2/inst_rom/vivado.log
# Journal file: D:/compute_lab/lab3_2/inst_rom\vivado.jou
#-----------------------------------------------------------
start_gui
open_project D:/compute_lab/lab3_2/inst_rom/inst_rom.xpr
Scanning sources...
Finished scanning sources
INFO: [IP_Flow 19-234] Refreshing IP repositories
INFO: [IP_Flow 19-1704] No user IP repositories specified
INFO: [IP_Flow 19-2313] Loaded Vivado IP repository 'D:/developp/Vivado/2019.2/data/ip'.
WARNING: [IP_Flow 19-3664] IP 'inst_rom' generated file not found 'd:/compute_lab/lab3_2/inst_rom/inst_rom.srcs/sources_1/ip/inst_rom/inst_rom.dcp'. Please regenerate to continue.
WARNING: [IP_Flow 19-3664] IP 'inst_rom' generated file not found 'd:/compute_lab/lab3_2/inst_rom/inst_rom.srcs/sources_1/ip/inst_rom/inst_rom_stub.v'. Please regenerate to continue.
WARNING: [IP_Flow 19-3664] IP 'inst_rom' generated file not found 'd:/compute_lab/lab3_2/inst_rom/inst_rom.srcs/sources_1/ip/inst_rom/inst_rom_stub.vhdl'. Please regenerate to continue.
WARNING: [IP_Flow 19-3664] IP 'inst_rom' generated file not found 'd:/compute_lab/lab3_2/inst_rom/inst_rom.srcs/sources_1/ip/inst_rom/inst_rom_sim_netlist.v'. Please regenerate to continue.
WARNING: [IP_Flow 19-3664] IP 'inst_rom' generated file not found 'd:/compute_lab/lab3_2/inst_rom/inst_rom.srcs/sources_1/ip/inst_rom/inst_rom_sim_netlist.vhdl'. Please regenerate to continue.
update_compile_order -fileset sources_1
launch_simulation
Command: launch_simulation 
INFO: [Vivado 12-5698] Checking validity of IPs in the design for the 'XSim' simulator...
INFO: [Vivado 12-5682] Launching behavioral simulation in 'D:/compute_lab/lab3_2/inst_rom/inst_rom.sim/sim_1/behav/xsim'
INFO: [Vivado 12-4795] Using compiled simulation libraries for IPs
INFO: [SIM-utils-51] Simulation object is 'sim_1'
INFO: [USF-XSim-7] Finding pre-compiled libraries...
INFO: [USF-XSim-11] File 'D:/developp/Vivado/2019.2/data/xsim/xsim.ini' copied to run dir:'D:/compute_lab/lab3_2/inst_rom/inst_rom.sim/sim_1/behav/xsim'
INFO: [SIM-utils-54] Inspecting design source files for 'tb_inst_rom_top' in fileset 'sim_1'...
INFO: [SIM-utils-43] Exported 'D:/compute_lab/lab3_2/inst_rom/inst_rom.sim/sim_1/behav/xsim/inst_rom.mif'
INFO: [SIM-utils-43] Exported 'D:/compute_lab/lab3_2/inst_rom/inst_rom.sim/sim_1/behav/xsim/inst_ram.coe'
INFO: [USF-XSim-97] Finding global include files...
INFO: [USF-XSim-98] Fetching design files from 'sim_1'...
INFO: [USF-XSim-2] XSim::Compile design
INFO: [USF-XSim-61] Executing 'COMPILE and ANALYZE' step in 'D:/compute_lab/lab3_2/inst_rom/inst_rom.sim/sim_1/behav/xsim'
"xvlog --incr --relax -prj tb_inst_rom_top_vlog.prj"
INFO: [VRFC 10-2263] Analyzing Verilog file "D:/compute_lab/lab3_2/inst_rom/inst_rom.srcs/sources_1/ip/inst_rom/sim/inst_rom.v" into library xil_defaultlib
INFO: [VRFC 10-311] analyzing module inst_rom
INFO: [VRFC 10-2263] Analyzing Verilog file "D:/compute_lab/lab3_2/inst_rom/inst_rom.srcs/sources_1/new/inst_rom_top.v" into library xil_defaultlib
INFO: [VRFC 10-311] analyzing module inst_rom_top
INFO: [VRFC 10-2263] Analyzing Verilog file "D:/compute_lab/lab3_2/inst_rom/inst_rom.srcs/sim_1/new/tb_inst_rom_top.v" into library xil_defaultlib
INFO: [VRFC 10-311] analyzing module tb_inst_rom_top
INFO: [USF-XSim-69] 'compile' step finished in '1' seconds
INFO: [USF-XSim-3] XSim::Elaborate design
INFO: [USF-XSim-61] Executing 'ELABORATE' step in 'D:/compute_lab/lab3_2/inst_rom/inst_rom.sim/sim_1/behav/xsim'
"xelab -wto b86ae22084474de2b88956eb866a0eea --incr --debug typical --relax --mt 2 -L dist_mem_gen_v8_0_13 -L xil_defaultlib -L unisims_ver -L unimacro_ver -L secureip -L xpm --snapshot tb_inst_rom_top_behav xil_defaultlib.tb_inst_rom_top xil_defaultlib.glbl -log elaborate.log"
Vivado Simulator 2019.2
Copyright 1986-1999, 2001-2019 Xilinx, Inc. All Rights Reserved.
Running: D:/developp/Vivado/2019.2/bin/unwrapped/win64.o/xelab.exe -wto b86ae22084474de2b88956eb866a0eea --incr --debug typical --relax --mt 2 -L dist_mem_gen_v8_0_13 -L xil_defaultlib -L unisims_ver -L unimacro_ver -L secureip -L xpm --snapshot tb_inst_rom_top_behav xil_defaultlib.tb_inst_rom_top xil_defaultlib.glbl -log elaborate.log 
Using 2 slave threads.
Starting static elaboration
Pass Through NonSizing Optimizer
WARNING: [VRFC 10-3091] actual bit length 32 differs from formal bit length 16 for port 'a' [D:/compute_lab/lab3_2/inst_rom/inst_rom.srcs/sources_1/new/inst_rom_top.v:27]
Completed static elaboration
Starting simulation data flow analysis
Completed simulation data flow analysis
Time Resolution for simulation is 1ps
Compiling module dist_mem_gen_v8_0_13.dist_mem_gen_v8_0_13(C_FAMILY="a...
Compiling module xil_defaultlib.inst_rom
Compiling module xil_defaultlib.inst_rom_top
Compiling module xil_defaultlib.tb_inst_rom_top
Compiling module xil_defaultlib.glbl
Built simulation snapshot tb_inst_rom_top_behav

****** Webtalk v2019.2 (64-bit)
  **** SW Build 2708876 on Wed Nov  6 21:40:23 MST 2019
  **** IP Build 2700528 on Thu Nov  7 00:09:20 MST 2019
    ** Copyright 1986-2019 Xilinx, Inc. All Rights Reserved.

source D:/compute_lab/lab3_2/inst_rom/inst_rom.sim/sim_1/behav/xsim/xsim.dir/tb_inst_rom_top_behav/webtalk/xsim_webtalk.tcl -notrace
INFO: [Common 17-206] Exiting Webtalk at Sun Apr 20 14:19:45 2025...
INFO: [USF-XSim-69] 'elaborate' step finished in '5' seconds
INFO: [USF-XSim-4] XSim::Simulate design
INFO: [USF-XSim-61] Executing 'SIMULATE' step in 'D:/compute_lab/lab3_2/inst_rom/inst_rom.sim/sim_1/behav/xsim'
INFO: [USF-XSim-98] *** Running xsim
   with args "tb_inst_rom_top_behav -key {Behavioral:sim_1:Functional:tb_inst_rom_top} -tclbatch {tb_inst_rom_top.tcl} -log {simulate.log}"
INFO: [USF-XSim-8] Loading simulator feature
Vivado Simulator 2019.2
Time resolution is 1 ps
source tb_inst_rom_top.tcl
# set curr_wave [current_wave_config]
# if { [string length $curr_wave] == 0 } {
#   if { [llength [get_objects]] > 0} {
#     add_wave /
#     set_property needs_save false [current_wave_config]
#   } else {
#      send_msg_id Add_Wave-1 WARNING "No top level signals found. Simulator will start without a wave window. If you want to open a wave window go to 'File->New Waveform Configuration' or type 'create_wave_config' in the TCL console."
#   }
# }
# run 1000ns
WARNING: This core is supplied with a behavioral model. To model cycle-accurate behavior you must run timing simulation.
$finish called at time : 130 ns : File "D:/compute_lab/lab3_2/inst_rom/inst_rom.srcs/sim_1/new/tb_inst_rom_top.v" Line 78
xsim: Time (s): cpu = 00:00:29 ; elapsed = 00:00:10 . Memory (MB): peak = 886.484 ; gain = 35.289
INFO: [USF-XSim-96] XSim completed. Design snapshot 'tb_inst_rom_top_behav' loaded.
INFO: [USF-XSim-97] XSim simulation ran for 1000ns
launch_simulation: Time (s): cpu = 00:00:30 ; elapsed = 00:00:17 . Memory (MB): peak = 886.484 ; gain = 53.648
reset_run inst_rom_synth_1
launch_runs inst_rom_synth_1
[Sun Apr 20 14:45:01 2025] Launched inst_rom_synth_1...
Run output will be captured here: D:/compute_lab/lab3_2/inst_rom/inst_rom.runs/inst_rom_synth_1/runme.log
wait_on_run inst_rom_synth_1
[Sun Apr 20 14:45:01 2025] Waiting for inst_rom_synth_1 to finish...
[Sun Apr 20 14:45:06 2025] Waiting for inst_rom_synth_1 to finish...
[Sun Apr 20 14:45:11 2025] Waiting for inst_rom_synth_1 to finish...
[Sun Apr 20 14:45:16 2025] Waiting for inst_rom_synth_1 to finish...
[Sun Apr 20 14:45:26 2025] Waiting for inst_rom_synth_1 to finish...
[Sun Apr 20 14:45:36 2025] Waiting for inst_rom_synth_1 to finish...
[Sun Apr 20 14:45:46 2025] Waiting for inst_rom_synth_1 to finish...
[Sun Apr 20 14:45:56 2025] Waiting for inst_rom_synth_1 to finish...
[Sun Apr 20 14:46:16 2025] Waiting for inst_rom_synth_1 to finish...
[Sun Apr 20 14:46:36 2025] Waiting for inst_rom_synth_1 to finish...
[Sun Apr 20 14:46:56 2025] Waiting for inst_rom_synth_1 to finish...
[Sun Apr 20 14:47:16 2025] Waiting for inst_rom_synth_1 to finish...
[Sun Apr 20 14:47:57 2025] Waiting for inst_rom_synth_1 to finish...
[Sun Apr 20 14:48:37 2025] Waiting for inst_rom_synth_1 to finish...
[Sun Apr 20 14:49:17 2025] Waiting for inst_rom_synth_1 to finish...
[Sun Apr 20 14:49:57 2025] Waiting for inst_rom_synth_1 to finish...
[Sun Apr 20 14:51:17 2025] Waiting for inst_rom_synth_1 to finish...
[Sun Apr 20 14:52:37 2025] Waiting for inst_rom_synth_1 to finish...
[Sun Apr 20 14:53:58 2025] Waiting for inst_rom_synth_1 to finish...
[Sun Apr 20 14:55:18 2025] Waiting for inst_rom_synth_1 to finish...
INFO: [Common 17-41] Interrupt caught. Command should exit soon.
[Sun Apr 20 14:55:43 2025] Interrupt received

*** Running vivado
    with args -log inst_rom.vds -m64 -product Vivado -mode batch -messageDb vivado.pb -notrace -source inst_rom.tcl


****** Vivado v2019.2 (64-bit)
  **** SW Build 2708876 on Wed Nov  6 21:40:23 MST 2019
  **** IP Build 2700528 on Thu Nov  7 00:09:20 MST 2019
    ** Copyright 1986-2019 Xilinx, Inc. All Rights Reserved.

source inst_rom.tcl -notrace
Command: synth_design -top inst_rom -part xc7a200tfbg676-1 -mode out_of_context
Starting synth_design
Attempting to get a license for feature 'Synthesis' and/or device 'xc7a200t'
INFO: [Common 17-349] Got license for feature 'Synthesis' and/or device 'xc7a200t'
INFO: [Device 21-403] Loading part xc7a200tfbg676-1
INFO: Launching helper process for spawning children vivado processes
INFO: Helper process launched with PID 22452 
---------------------------------------------------------------------------------
Starting RTL Elaboration : Time (s): cpu = 00:00:02 ; elapsed = 00:00:02 . Memory (MB): peak = 897.793 ; gain = 234.133
---------------------------------------------------------------------------------
INFO: [Synth 8-638] synthesizing module 'inst_rom' [d:/compute_lab/lab3_2/inst_rom/inst_rom.srcs/sources_1/ip/inst_rom/synth/inst_rom.vhd:66]
	Parameter C_FAMILY bound to: artix7 - type: string 
	Parameter C_ADDR_WIDTH bound to: 16 - type: integer 
	Parameter C_DEFAULT_DATA bound to: 0 - type: string 
	Parameter C_DEPTH bound to: 65536 - type: integer 
	Parameter C_HAS_CLK bound to: 0 - type: integer 
	Parameter C_HAS_D bound to: 0 - type: integer 
	Parameter C_HAS_DPO bound to: 0 - type: integer 
	Parameter C_HAS_DPRA bound to: 0 - type: integer 
	Parameter C_HAS_I_CE bound to: 0 - type: integer 
	Parameter C_HAS_QDPO bound to: 0 - type: integer 
	Parameter C_HAS_QDPO_CE bound to: 0 - type: integer 
	Parameter C_HAS_QDPO_CLK bound to: 0 - type: integer 
	Parameter C_HAS_QDPO_RST bound to: 0 - type: integer 
	Parameter C_HAS_QDPO_SRST bound to: 0 - type: integer 
	Parameter C_HAS_QSPO bound to: 0 - type: integer 
	Parameter C_HAS_QSPO_CE bound to: 0 - type: integer 
	Parameter C_HAS_QSPO_RST bound to: 0 - type: integer 
	Parameter C_HAS_QSPO_SRST bound to: 0 - type: integer 
	Parameter C_HAS_SPO bound to: 1 - type: integer 
	Parameter C_HAS_WE bound to: 0 - type: integer 
	Parameter C_MEM_INIT_FILE bound to: inst_rom.mif - type: string 
	Parameter C_ELABORATION_DIR bound to: ./ - type: string 
	Parameter C_MEM_TYPE bound to: 0 - type: integer 
	Parameter C_PIPELINE_STAGES bound to: 0 - type: integer 
	Parameter C_QCE_JOINED bound to: 0 - type: integer 
	Parameter C_QUALIFY_WE bound to: 0 - type: integer 
	Parameter C_READ_MIF bound to: 1 - type: integer 
	Parameter C_REG_A_D_INPUTS bound to: 0 - type: integer 
	Parameter C_REG_DPRA_INPUT bound to: 0 - type: integer 
	Parameter C_SYNC_ENABLE bound to: 1 - type: integer 
	Parameter C_WIDTH bound to: 32 - type: integer 
	Parameter C_PARSER_TYPE bound to: 1 - type: integer 
INFO: [Synth 8-3491] module 'dist_mem_gen_v8_0_13' declared at 'd:/compute_lab/lab3_2/inst_rom/inst_rom.srcs/sources_1/ip/inst_rom/hdl/dist_mem_gen_v8_0_vhsyn_rfs.vhd:3237' bound to instance 'U0' of component 'dist_mem_gen_v8_0_13' [d:/compute_lab/lab3_2/inst_rom/inst_rom.srcs/sources_1/ip/inst_rom/synth/inst_rom.vhd:132]
wait_on_run: Time (s): cpu = 00:00:30 ; elapsed = 00:10:42 . Memory (MB): peak = 943.012 ; gain = 0.000
INFO: [Common 17-344] 'wait_on_run' was cancelled
ERROR: [Vivado 12-4146] Open Elaborated Design failed due to the following error:
ERROR: [Common 17-69] Command failed: 

wait_on_run inst_rom_synth_1
[Sun Apr 20 14:55:48 2025] Waiting for inst_rom_synth_1 to finish...
[Sun Apr 20 14:55:53 2025] Waiting for inst_rom_synth_1 to finish...
[Sun Apr 20 14:55:58 2025] Waiting for inst_rom_synth_1 to finish...
[Sun Apr 20 14:56:03 2025] Waiting for inst_rom_synth_1 to finish...
[Sun Apr 20 14:56:13 2025] Waiting for inst_rom_synth_1 to finish...
[Sun Apr 20 14:56:23 2025] Waiting for inst_rom_synth_1 to finish...
[Sun Apr 20 14:56:33 2025] Waiting for inst_rom_synth_1 to finish...
[Sun Apr 20 14:56:43 2025] Waiting for inst_rom_synth_1 to finish...
[Sun Apr 20 14:57:03 2025] Waiting for inst_rom_synth_1 to finish...
[Sun Apr 20 14:57:23 2025] Waiting for inst_rom_synth_1 to finish...
[Sun Apr 20 14:57:43 2025] Waiting for inst_rom_synth_1 to finish...
[Sun Apr 20 14:58:03 2025] Waiting for inst_rom_synth_1 to finish...
[Sun Apr 20 14:58:43 2025] Waiting for inst_rom_synth_1 to finish...
[Sun Apr 20 14:59:23 2025] Waiting for inst_rom_synth_1 to finish...
[Sun Apr 20 15:00:03 2025] Waiting for inst_rom_synth_1 to finish...
[Sun Apr 20 15:00:44 2025] Waiting for inst_rom_synth_1 to finish...
[Sun Apr 20 15:02:04 2025] Waiting for inst_rom_synth_1 to finish...
[Sun Apr 20 15:03:24 2025] Waiting for inst_rom_synth_1 to finish...
[Sun Apr 20 15:04:44 2025] Waiting for inst_rom_synth_1 to finish...
[Sun Apr 20 15:06:04 2025] Waiting for inst_rom_synth_1 to finish...
[Sun Apr 20 15:08:45 2025] Waiting for inst_rom_synth_1 to finish...
[Sun Apr 20 15:11:25 2025] Waiting for inst_rom_synth_1 to finish...
[Sun Apr 20 15:14:06 2025] Waiting for inst_rom_synth_1 to finish...
[Sun Apr 20 15:16:46 2025] Waiting for inst_rom_synth_1 to finish...

*** Running vivado
    with args -log inst_rom.vds -m64 -product Vivado -mode batch -messageDb vivado.pb -notrace -source inst_rom.tcl


****** Vivado v2019.2 (64-bit)
  **** SW Build 2708876 on Wed Nov  6 21:40:23 MST 2019
  **** IP Build 2700528 on Thu Nov  7 00:09:20 MST 2019
    ** Copyright 1986-2019 Xilinx, Inc. All Rights Reserved.

source inst_rom.tcl -notrace
Command: synth_design -top inst_rom -part xc7a200tfbg676-1 -mode out_of_context
Starting synth_design
Attempting to get a license for feature 'Synthesis' and/or device 'xc7a200t'
INFO: [Common 17-349] Got license for feature 'Synthesis' and/or device 'xc7a200t'
INFO: [Device 21-403] Loading part xc7a200tfbg676-1
INFO: Launching helper process for spawning children vivado processes
INFO: Helper process launched with PID 22452 
---------------------------------------------------------------------------------
Starting RTL Elaboration : Time (s): cpu = 00:00:02 ; elapsed = 00:00:02 . Memory (MB): peak = 897.793 ; gain = 234.133
---------------------------------------------------------------------------------
INFO: [Synth 8-638] synthesizing module 'inst_rom' [d:/compute_lab/lab3_2/inst_rom/inst_rom.srcs/sources_1/ip/inst_rom/synth/inst_rom.vhd:66]
	Parameter C_FAMILY bound to: artix7 - type: string 
	Parameter C_ADDR_WIDTH bound to: 16 - type: integer 
	Parameter C_DEFAULT_DATA bound to: 0 - type: string 
	Parameter C_DEPTH bound to: 65536 - type: integer 
	Parameter C_HAS_CLK bound to: 0 - type: integer 
	Parameter C_HAS_D bound to: 0 - type: integer 
	Parameter C_HAS_DPO bound to: 0 - type: integer 
	Parameter C_HAS_DPRA bound to: 0 - type: integer 
	Parameter C_HAS_I_CE bound to: 0 - type: integer 
	Parameter C_HAS_QDPO bound to: 0 - type: integer 
	Parameter C_HAS_QDPO_CE bound to: 0 - type: integer 
	Parameter C_HAS_QDPO_CLK bound to: 0 - type: integer 
	Parameter C_HAS_QDPO_RST bound to: 0 - type: integer 
	Parameter C_HAS_QDPO_SRST bound to: 0 - type: integer 
	Parameter C_HAS_QSPO bound to: 0 - type: integer 
	Parameter C_HAS_QSPO_CE bound to: 0 - type: integer 
	Parameter C_HAS_QSPO_RST bound to: 0 - type: integer 
	Parameter C_HAS_QSPO_SRST bound to: 0 - type: integer 
	Parameter C_HAS_SPO bound to: 1 - type: integer 
	Parameter C_HAS_WE bound to: 0 - type: integer 
	Parameter C_MEM_INIT_FILE bound to: inst_rom.mif - type: string 
	Parameter C_ELABORATION_DIR bound to: ./ - type: string 
	Parameter C_MEM_TYPE bound to: 0 - type: integer 
	Parameter C_PIPELINE_STAGES bound to: 0 - type: integer 
	Parameter C_QCE_JOINED bound to: 0 - type: integer 
	Parameter C_QUALIFY_WE bound to: 0 - type: integer 
	Parameter C_READ_MIF bound to: 1 - type: integer 
	Parameter C_REG_A_D_INPUTS bound to: 0 - type: integer 
	Parameter C_REG_DPRA_INPUT bound to: 0 - type: integer 
	Parameter C_SYNC_ENABLE bound to: 1 - type: integer 
	Parameter C_WIDTH bound to: 32 - type: integer 
	Parameter C_PARSER_TYPE bound to: 1 - type: integer 
INFO: [Synth 8-3491] module 'dist_mem_gen_v8_0_13' declared at 'd:/compute_lab/lab3_2/inst_rom/inst_rom.srcs/sources_1/ip/inst_rom/hdl/dist_mem_gen_v8_0_vhsyn_rfs.vhd:3237' bound to instance 'U0' of component 'dist_mem_gen_v8_0_13' [d:/compute_lab/lab3_2/inst_rom/inst_rom.srcs/sources_1/ip/inst_rom/synth/inst_rom.vhd:132]
INFO: [Synth 8-256] done synthesizing module 'inst_rom' (4#1) [d:/compute_lab/lab3_2/inst_rom/inst_rom.srcs/sources_1/ip/inst_rom/synth/inst_rom.vhd:66]
WARNING: [Synth 8-3331] design rom has unconnected port qspo[31]
WARNING: [Synth 8-3331] design rom has unconnected port qspo[30]
WARNING: [Synth 8-3331] design rom has unconnected port qspo[29]
WARNING: [Synth 8-3331] design rom has unconnected port qspo[28]
WARNING: [Synth 8-3331] design rom has unconnected port qspo[27]
WARNING: [Synth 8-3331] design rom has unconnected port qspo[26]
WARNING: [Synth 8-3331] design rom has unconnected port qspo[25]
WARNING: [Synth 8-3331] design rom has unconnected port qspo[24]
WARNING: [Synth 8-3331] design rom has unconnected port qspo[23]
WARNING: [Synth 8-3331] design rom has unconnected port qspo[22]
WARNING: [Synth 8-3331] design rom has unconnected port qspo[21]
WARNING: [Synth 8-3331] design rom has unconnected port qspo[20]
WARNING: [Synth 8-3331] design rom has unconnected port qspo[19]
WARNING: [Synth 8-3331] design rom has unconnected port qspo[18]
WARNING: [Synth 8-3331] design rom has unconnected port qspo[17]
WARNING: [Synth 8-3331] design rom has unconnected port qspo[16]
WARNING: [Synth 8-3331] design rom has unconnected port qspo[15]
WARNING: [Synth 8-3331] design rom has unconnected port qspo[14]
WARNING: [Synth 8-3331] design rom has unconnected port qspo[13]
WARNING: [Synth 8-3331] design rom has unconnected port qspo[12]
WARNING: [Synth 8-3331] design rom has unconnected port qspo[11]
WARNING: [Synth 8-3331] design rom has unconnected port qspo[10]
WARNING: [Synth 8-3331] design rom has unconnected port qspo[9]
WARNING: [Synth 8-3331] design rom has unconnected port qspo[8]
WARNING: [Synth 8-3331] design rom has unconnected port qspo[7]
WARNING: [Synth 8-3331] design rom has unconnected port qspo[6]
WARNING: [Synth 8-3331] design rom has unconnected port qspo[5]
WARNING: [Synth 8-3331] design rom has unconnected port qspo[4]
WARNING: [Synth 8-3331] design rom has unconnected port qspo[3]
WARNING: [Synth 8-3331] design rom has unconnected port qspo[2]
WARNING: [Synth 8-3331] design rom has unconnected port qspo[1]
WARNING: [Synth 8-3331] design rom has unconnected port qspo[0]
WARNING: [Synth 8-3331] design rom has unconnected port clk
WARNING: [Synth 8-3331] design rom has unconnected port qspo_ce
WARNING: [Synth 8-3331] design rom has unconnected port qspo_rst
WARNING: [Synth 8-3331] design rom has unconnected port qspo_srst
WARNING: [Synth 8-3331] design dist_mem_gen_v8_0_13_synth has unconnected port dpo[31]
WARNING: [Synth 8-3331] design dist_mem_gen_v8_0_13_synth has unconnected port dpo[30]
WARNING: [Synth 8-3331] design dist_mem_gen_v8_0_13_synth has unconnected port dpo[29]
WARNING: [Synth 8-3331] design dist_mem_gen_v8_0_13_synth has unconnected port dpo[28]
WARNING: [Synth 8-3331] design dist_mem_gen_v8_0_13_synth has unconnected port dpo[27]
WARNING: [Synth 8-3331] design dist_mem_gen_v8_0_13_synth has unconnected port dpo[26]
WARNING: [Synth 8-3331] design dist_mem_gen_v8_0_13_synth has unconnected port dpo[25]
WARNING: [Synth 8-3331] design dist_mem_gen_v8_0_13_synth has unconnected port dpo[24]
WARNING: [Synth 8-3331] design dist_mem_gen_v8_0_13_synth has unconnected port dpo[23]
WARNING: [Synth 8-3331] design dist_mem_gen_v8_0_13_synth has unconnected port dpo[22]
WARNING: [Synth 8-3331] design dist_mem_gen_v8_0_13_synth has unconnected port dpo[21]
WARNING: [Synth 8-3331] design dist_mem_gen_v8_0_13_synth has unconnected port dpo[20]
WARNING: [Synth 8-3331] design dist_mem_gen_v8_0_13_synth has unconnected port dpo[19]
WARNING: [Synth 8-3331] design dist_mem_gen_v8_0_13_synth has unconnected port dpo[18]
WARNING: [Synth 8-3331] design dist_mem_gen_v8_0_13_synth has unconnected port dpo[17]
WARNING: [Synth 8-3331] design dist_mem_gen_v8_0_13_synth has unconnected port dpo[16]
WARNING: [Synth 8-3331] design dist_mem_gen_v8_0_13_synth has unconnected port dpo[15]
WARNING: [Synth 8-3331] design dist_mem_gen_v8_0_13_synth has unconnected port dpo[14]
WARNING: [Synth 8-3331] design dist_mem_gen_v8_0_13_synth has unconnected port dpo[13]
WARNING: [Synth 8-3331] design dist_mem_gen_v8_0_13_synth has unconnected port dpo[12]
WARNING: [Synth 8-3331] design dist_mem_gen_v8_0_13_synth has unconnected port dpo[11]
WARNING: [Synth 8-3331] design dist_mem_gen_v8_0_13_synth has unconnected port dpo[10]
WARNING: [Synth 8-3331] design dist_mem_gen_v8_0_13_synth has unconnected port dpo[9]
WARNING: [Synth 8-3331] design dist_mem_gen_v8_0_13_synth has unconnected port dpo[8]
WARNING: [Synth 8-3331] design dist_mem_gen_v8_0_13_synth has unconnected port dpo[7]
WARNING: [Synth 8-3331] design dist_mem_gen_v8_0_13_synth has unconnected port dpo[6]
WARNING: [Synth 8-3331] design dist_mem_gen_v8_0_13_synth has unconnected port dpo[5]
WARNING: [Synth 8-3331] design dist_mem_gen_v8_0_13_synth has unconnected port dpo[4]
WARNING: [Synth 8-3331] design dist_mem_gen_v8_0_13_synth has unconnected port dpo[3]
WARNING: [Synth 8-3331] design dist_mem_gen_v8_0_13_synth has unconnected port dpo[2]
WARNING: [Synth 8-3331] design dist_mem_gen_v8_0_13_synth has unconnected port dpo[1]
WARNING: [Synth 8-3331] design dist_mem_gen_v8_0_13_synth has unconnected port dpo[0]
WARNING: [Synth 8-3331] design dist_mem_gen_v8_0_13_synth has unconnected port qdpo[31]
WARNING: [Synth 8-3331] design dist_mem_gen_v8_0_13_synth has unconnected port qdpo[30]
WARNING: [Synth 8-3331] design dist_mem_gen_v8_0_13_synth has unconnected port qdpo[29]
WARNING: [Synth 8-3331] design dist_mem_gen_v8_0_13_synth has unconnected port qdpo[28]
WARNING: [Synth 8-3331] design dist_mem_gen_v8_0_13_synth has unconnected port qdpo[27]
WARNING: [Synth 8-3331] design dist_mem_gen_v8_0_13_synth has unconnected port qdpo[26]
WARNING: [Synth 8-3331] design dist_mem_gen_v8_0_13_synth has unconnected port qdpo[25]
WARNING: [Synth 8-3331] design dist_mem_gen_v8_0_13_synth has unconnected port qdpo[24]
WARNING: [Synth 8-3331] design dist_mem_gen_v8_0_13_synth has unconnected port qdpo[23]
WARNING: [Synth 8-3331] design dist_mem_gen_v8_0_13_synth has unconnected port qdpo[22]
WARNING: [Synth 8-3331] design dist_mem_gen_v8_0_13_synth has unconnected port qdpo[21]
WARNING: [Synth 8-3331] design dist_mem_gen_v8_0_13_synth has unconnected port qdpo[20]
WARNING: [Synth 8-3331] design dist_mem_gen_v8_0_13_synth has unconnected port qdpo[19]
WARNING: [Synth 8-3331] design dist_mem_gen_v8_0_13_synth has unconnected port qdpo[18]
WARNING: [Synth 8-3331] design dist_mem_gen_v8_0_13_synth has unconnected port qdpo[17]
WARNING: [Synth 8-3331] design dist_mem_gen_v8_0_13_synth has unconnected port qdpo[16]
WARNING: [Synth 8-3331] design dist_mem_gen_v8_0_13_synth has unconnected port qdpo[15]
WARNING: [Synth 8-3331] design dist_mem_gen_v8_0_13_synth has unconnected port qdpo[14]
WARNING: [Synth 8-3331] design dist_mem_gen_v8_0_13_synth has unconnected port qdpo[13]
WARNING: [Synth 8-3331] design dist_mem_gen_v8_0_13_synth has unconnected port qdpo[12]
WARNING: [Synth 8-3331] design dist_mem_gen_v8_0_13_synth has unconnected port qdpo[11]
WARNING: [Synth 8-3331] design dist_mem_gen_v8_0_13_synth has unconnected port qdpo[10]
WARNING: [Synth 8-3331] design dist_mem_gen_v8_0_13_synth has unconnected port qdpo[9]
WARNING: [Synth 8-3331] design dist_mem_gen_v8_0_13_synth has unconnected port qdpo[8]
WARNING: [Synth 8-3331] design dist_mem_gen_v8_0_13_synth has unconnected port qdpo[7]
WARNING: [Synth 8-3331] design dist_mem_gen_v8_0_13_synth has unconnected port qdpo[6]
WARNING: [Synth 8-3331] design dist_mem_gen_v8_0_13_synth has unconnected port qdpo[5]
WARNING: [Synth 8-3331] design dist_mem_gen_v8_0_13_synth has unconnected port qdpo[4]
WARNING: [Synth 8-3331] design dist_mem_gen_v8_0_13_synth has unconnected port qdpo[3]
WARNING: [Synth 8-3331] design dist_mem_gen_v8_0_13_synth has unconnected port qdpo[2]
WARNING: [Synth 8-3331] design dist_mem_gen_v8_0_13_synth has unconnected port qdpo[1]
WARNING: [Synth 8-3331] design dist_mem_gen_v8_0_13_synth has unconnected port qdpo[0]
INFO: [Common 17-14] Message 'Synth 8-3331' appears 100 times and further instances of the messages will be disabled. Use the Tcl command set_msg_config to change the current settings.
---------------------------------------------------------------------------------
Finished RTL Elaboration : Time (s): cpu = 00:10:52 ; elapsed = 00:11:23 . Memory (MB): peak = 1574.082 ; gain = 910.422
---------------------------------------------------------------------------------

Report Check Netlist: 
+------+------------------+-------+---------+-------+------------------+
|      |Item              |Errors |Warnings |Status |Description       |
+------+------------------+-------+---------+-------+------------------+
|1     |multi_driven_nets |      0|        0|Passed |Multi driven nets |
+------+------------------+-------+---------+-------+------------------+
---------------------------------------------------------------------------------
Start Handling Custom Attributes
---------------------------------------------------------------------------------
---------------------------------------------------------------------------------
Finished Handling Custom Attributes : Time (s): cpu = 00:10:55 ; elapsed = 00:11:26 . Memory (MB): peak = 1574.082 ; gain = 910.422
---------------------------------------------------------------------------------
---------------------------------------------------------------------------------
Finished RTL Optimization Phase 1 : Time (s): cpu = 00:10:55 ; elapsed = 00:11:26 . Memory (MB): peak = 1574.082 ; gain = 910.422
---------------------------------------------------------------------------------
Netlist sorting complete. Time (s): cpu = 00:00:00 ; elapsed = 00:00:00.007 . Memory (MB): peak = 1574.082 ; gain = 0.000
INFO: [Project 1-570] Preparing netlist for logic optimization

Processing XDC Constraints
Initializing timing engine
Parsing XDC File [d:/compute_lab/lab3_2/inst_rom/inst_rom.srcs/sources_1/ip/inst_rom/inst_rom_ooc.xdc] for cell 'U0'
Finished Parsing XDC File [d:/compute_lab/lab3_2/inst_rom/inst_rom.srcs/sources_1/ip/inst_rom/inst_rom_ooc.xdc] for cell 'U0'
Parsing XDC File [D:/compute_lab/lab3_2/inst_rom/inst_rom.runs/inst_rom_synth_1/dont_touch.xdc]
Finished Parsing XDC File [D:/compute_lab/lab3_2/inst_rom/inst_rom.runs/inst_rom_synth_1/dont_touch.xdc]
Completed Processing XDC Constraints

Netlist sorting complete. Time (s): cpu = 00:00:00 ; elapsed = 00:00:00.001 . Memory (MB): peak = 1574.082 ; gain = 0.000
INFO: [Project 1-111] Unisim Transformation Summary:
No Unisim elements were transformed.

Constraint Validation Runtime : Time (s): cpu = 00:00:00 ; elapsed = 00:00:00.094 . Memory (MB): peak = 1574.082 ; gain = 0.000
---------------------------------------------------------------------------------
Finished Constraint Validation : Time (s): cpu = 00:11:14 ; elapsed = 00:11:47 . Memory (MB): peak = 1574.082 ; gain = 910.422
---------------------------------------------------------------------------------
---------------------------------------------------------------------------------
Start Loading Part and Timing Information
---------------------------------------------------------------------------------
Loading part: xc7a200tfbg676-1
---------------------------------------------------------------------------------
Finished Loading Part and Timing Information : Time (s): cpu = 00:11:14 ; elapsed = 00:11:47 . Memory (MB): peak = 1574.082 ; gain = 910.422
---------------------------------------------------------------------------------
---------------------------------------------------------------------------------
Start Applying 'set_property' XDC Constraints
---------------------------------------------------------------------------------
Applied set_property DONT_TOUCH = true for U0. (constraint file  D:/compute_lab/lab3_2/inst_rom/inst_rom.runs/inst_rom_synth_1/dont_touch.xdc, line 9).
---------------------------------------------------------------------------------
Finished applying 'set_property' XDC Constraints : Time (s): cpu = 00:11:14 ; elapsed = 00:11:47 . Memory (MB): peak = 1574.082 ; gain = 910.422
---------------------------------------------------------------------------------
---------------------------------------------------------------------------------
Finished RTL Optimization Phase 2 : Time (s): cpu = 00:21:19 ; elapsed = 00:22:14 . Memory (MB): peak = 1574.082 ; gain = 910.422
---------------------------------------------------------------------------------

Report RTL Partitions: 
+-+--------------+------------+----------+
| |RTL Partition |Replication |Instances |
+-+--------------+------------+----------+
+-+--------------+------------+----------+
---------------------------------------------------------------------------------
Start RTL Component Statistics 
---------------------------------------------------------------------------------
Detailed RTL Component Info : 
---------------------------------------------------------------------------------
Finished RTL Component Statistics 
---------------------------------------------------------------------------------
---------------------------------------------------------------------------------
Start RTL Hierarchical Component Statistics 
---------------------------------------------------------------------------------
Hierarchical RTL Component report 
---------------------------------------------------------------------------------
Finished RTL Hierarchical Component Statistics
---------------------------------------------------------------------------------
---------------------------------------------------------------------------------
Start Part Resource Summary
---------------------------------------------------------------------------------
Part Resources:
DSPs: 740 (col length:100)
BRAMs: 730 (col length: RAMB18 100 RAMB36 50)
---------------------------------------------------------------------------------
Finished Part Resource Summary
---------------------------------------------------------------------------------
---------------------------------------------------------------------------------
Start Cross Boundary and Area Optimization
---------------------------------------------------------------------------------
Warning: Parallel synthesis criteria is not met 
---------------------------------------------------------------------------------
Finished Cross Boundary and Area Optimization : Time (s): cpu = 00:32:24 ; elapsed = 00:33:48 . Memory (MB): peak = 1574.082 ; gain = 910.422
---------------------------------------------------------------------------------
---------------------------------------------------------------------------------
Start ROM, RAM, DSP and Shift Register Reporting
---------------------------------------------------------------------------------

ROM:
+------------+------------+---------------+----------------+
|Module Name | RTL Object | Depth x Width | Implemented As | 
+------------+------------+---------------+----------------+
|rom         | rom[65535] | 65536x23      | LUT            | 
|rom         | rom[65535] | 65536x23      | LUT            | 
+------------+------------+---------------+----------------+

---------------------------------------------------------------------------------
Finished ROM, RAM, DSP and Shift Register Reporting
---------------------------------------------------------------------------------

Report RTL Partitions: 
+-+--------------+------------+----------+
| |RTL Partition |Replication |Instances |
+-+--------------+------------+----------+
+-+--------------+------------+----------+
---------------------------------------------------------------------------------
Start Applying XDC Timing Constraints
---------------------------------------------------------------------------------
---------------------------------------------------------------------------------
Finished Applying XDC Timing Constraints : Time (s): cpu = 00:32:46 ; elapsed = 00:34:12 . Memory (MB): peak = 1574.082 ; gain = 910.422
---------------------------------------------------------------------------------
---------------------------------------------------------------------------------
Start Timing Optimization
---------------------------------------------------------------------------------
---------------------------------------------------------------------------------
Finished Timing Optimization : Time (s): cpu = 00:32:46 ; elapsed = 00:34:12 . Memory (MB): peak = 1574.082 ; gain = 910.422
---------------------------------------------------------------------------------

Report RTL Partitions: 
+-+--------------+------------+----------+
| |RTL Partition |Replication |Instances |
+-+--------------+------------+----------+
+-+--------------+------------+----------+
---------------------------------------------------------------------------------
Start Technology Mapping
---------------------------------------------------------------------------------
---------------------------------------------------------------------------------
Finished Technology Mapping : Time (s): cpu = 00:32:47 ; elapsed = 00:34:12 . Memory (MB): peak = 1574.082 ; gain = 910.422
---------------------------------------------------------------------------------

Report RTL Partitions: 
+-+--------------+------------+----------+
| |RTL Partition |Replication |Instances |
+-+--------------+------------+----------+
+-+--------------+------------+----------+
---------------------------------------------------------------------------------
Start IO Insertion
---------------------------------------------------------------------------------
---------------------------------------------------------------------------------
Start Flattening Before IO Insertion
---------------------------------------------------------------------------------
---------------------------------------------------------------------------------
Finished Flattening Before IO Insertion
---------------------------------------------------------------------------------
---------------------------------------------------------------------------------
Start Final Netlist Cleanup
---------------------------------------------------------------------------------
---------------------------------------------------------------------------------
Finished Final Netlist Cleanup
---------------------------------------------------------------------------------
---------------------------------------------------------------------------------
Finished IO Insertion : Time (s): cpu = 00:32:57 ; elapsed = 00:34:22 . Memory (MB): peak = 1574.082 ; gain = 910.422
---------------------------------------------------------------------------------
---------------------------------------------------------------------------------
Start Renaming Generated Instances
---------------------------------------------------------------------------------
---------------------------------------------------------------------------------
Finished Renaming Generated Instances : Time (s): cpu = 00:32:57 ; elapsed = 00:34:22 . Memory (MB): peak = 1574.082 ; gain = 910.422
---------------------------------------------------------------------------------

Report RTL Partitions: 
+-+--------------+------------+----------+
| |RTL Partition |Replication |Instances |
+-+--------------+------------+----------+
+-+--------------+------------+----------+

Report Check Netlist: 
+------+------------------+-------+---------+-------+------------------+
|      |Item              |Errors |Warnings |Status |Description       |
+------+------------------+-------+---------+-------+------------------+
|1     |multi_driven_nets |      0|        0|Passed |Multi driven nets |
+------+------------------+-------+---------+-------+------------------+
---------------------------------------------------------------------------------
Start Rebuilding User Hierarchy
---------------------------------------------------------------------------------
---------------------------------------------------------------------------------
Finished Rebuilding User Hierarchy : Time (s): cpu = 00:32:57 ; elapsed = 00:34:22 . Memory (MB): peak = 1574.082 ; gain = 910.422
---------------------------------------------------------------------------------
---------------------------------------------------------------------------------
Start Renaming Generated Ports
---------------------------------------------------------------------------------
---------------------------------------------------------------------------------
Finished Renaming Generated Ports : Time (s): cpu = 00:32:57 ; elapsed = 00:34:22 . Memory (MB): peak = 1574.082 ; gain = 910.422
---------------------------------------------------------------------------------
---------------------------------------------------------------------------------
Start Handling Custom Attributes
---------------------------------------------------------------------------------
---------------------------------------------------------------------------------
Finished Handling Custom Attributes : Time (s): cpu = 00:32:57 ; elapsed = 00:34:22 . Memory (MB): peak = 1574.082 ; gain = 910.422
---------------------------------------------------------------------------------
---------------------------------------------------------------------------------
Start Renaming Generated Nets
---------------------------------------------------------------------------------
---------------------------------------------------------------------------------
Finished Renaming Generated Nets : Time (s): cpu = 00:32:57 ; elapsed = 00:34:22 . Memory (MB): peak = 1574.082 ; gain = 910.422
---------------------------------------------------------------------------------
---------------------------------------------------------------------------------
Start Writing Synthesis Report
---------------------------------------------------------------------------------

Report BlackBoxes: 
+-+--------------+----------+
| |BlackBox name |Instances |
+-+--------------+----------+
+-+--------------+----------+

Report Cell Usage: 
+------+-----+------+
|      |Cell |Count |
+------+-----+------+
|1     |LUT5 |     2|
|2     |LUT6 |    22|
+------+-----+------+

Report Instance Areas: 
+------+----------------------------------+---------------------------+------+
|      |Instance                          |Module                     |Cells |
+------+----------------------------------+---------------------------+------+
|1     |top                               |                           |    24|
|2     |  U0                              |dist_mem_gen_v8_0_13       |    24|
|3     |    \synth_options.dist_mem_inst  |dist_mem_gen_v8_0_13_synth |    24|
|4     |      \gen_rom.rom_inst           |rom                        |    24|
+------+----------------------------------+---------------------------+------+
---------------------------------------------------------------------------------
Finished Writing Synthesis Report : Time (s): cpu = 00:32:57 ; elapsed = 00:34:22 . Memory (MB): peak = 1574.082 ; gain = 910.422
---------------------------------------------------------------------------------
Synthesis finished with 0 errors, 0 critical warnings and 158 warnings.
Synthesis Optimization Runtime : Time (s): cpu = 00:21:54 ; elapsed = 00:34:15 . Memory (MB): peak = 1574.082 ; gain = 910.422
Synthesis Optimization Complete : Time (s): cpu = 00:32:57 ; elapsed = 00:34:23 . Memory (MB): peak = 1574.082 ; gain = 910.422
INFO: [Project 1-571] Translating synthesized netlist
Netlist sorting complete. Time (s): cpu = 00:00:00 ; elapsed = 00:00:00.004 . Memory (MB): peak = 1574.082 ; gain = 0.000
INFO: [Project 1-570] Preparing netlist for logic optimization
INFO: [Opt 31-138] Pushed 0 inverter(s) to 0 load pin(s).
Netlist sorting complete. Time (s): cpu = 00:00:00 ; elapsed = 00:00:00 . Memory (MB): peak = 1574.082 ; gain = 0.000
INFO: [Project 1-111] Unisim Transformation Summary:
No Unisim elements were transformed.

INFO: [Common 17-83] Releasing license: Synthesis
13 Infos, 100 Warnings, 0 Critical Warnings and 0 Errors encountered.
synth_design completed successfully
synth_design: Time (s): cpu = 00:33:03 ; elapsed = 00:34:30 . Memory (MB): peak = 1574.082 ; gain = 1236.844
Netlist sorting complete. Time (s): cpu = 00:00:00 ; elapsed = 00:00:00 . Memory (MB): peak = 1574.082 ; gain = 0.000
WARNING: [Constraints 18-5210] No constraints selected for write.
Resolution: This message can indicate that there are no constraints for the design, or it can indicate that the used_in flags are set such that the constraints are ignored. This later case is used when running synth_design to not write synthesis constraints to the resulting checkpoint. Instead, project constraints are read when the synthesized design is opened.
INFO: [Common 17-1381] The checkpoint 'D:/compute_lab/lab3_2/inst_rom/inst_rom.runs/inst_rom_synth_1/inst_rom.dcp' has been generated.
WARNING: [Common 17-576] 'use_project_ipc' is deprecated. This option is deprecated and no longer used.
INFO: [Coretcl 2-1648] Added synthesis output to IP cache for IP inst_rom, cache-ID = 25b87038fb66071c
INFO: [Coretcl 2-1174] Renamed 3 cell refs.
Netlist sorting complete. Time (s): cpu = 00:00:00 ; elapsed = 00:00:00 . Memory (MB): peak = 1574.082 ; gain = 0.000
WARNING: [Constraints 18-5210] No constraints selected for write.
Resolution: This message can indicate that there are no constraints for the design, or it can indicate that the used_in flags are set such that the constraints are ignored. This later case is used when running synth_design to not write synthesis constraints to the resulting checkpoint. Instead, project constraints are read when the synthesized design is opened.
INFO: [Common 17-1381] The checkpoint 'D:/compute_lab/lab3_2/inst_rom/inst_rom.runs/inst_rom_synth_1/inst_rom.dcp' has been generated.
INFO: [runtcl-4] Executing : report_utilization -file inst_rom_utilization_synth.rpt -pb inst_rom_utilization_synth.pb
INFO: [Common 17-206] Exiting Vivado at Sun Apr 20 15:19:37 2025...
[Sun Apr 20 15:19:42 2025] inst_rom_synth_1 finished
wait_on_run: Time (s): cpu = 00:01:02 ; elapsed = 00:23:54 . Memory (MB): peak = 943.012 ; gain = 0.000
synth_design -rtl -name rtl_1
Command: synth_design -rtl -name rtl_1
Starting synth_design
Using part: xc7a200tfbg676-1
Top: inst_rom_top
INFO: [Device 21-403] Loading part xc7a200tfbg676-1
---------------------------------------------------------------------------------
Starting RTL Elaboration : Time (s): cpu = 00:00:02 ; elapsed = 00:00:02 . Memory (MB): peak = 1401.418 ; gain = 227.062
---------------------------------------------------------------------------------
INFO: [Synth 8-6157] synthesizing module 'inst_rom_top' [D:/compute_lab/lab3_2/inst_rom/inst_rom.srcs/sources_1/new/inst_rom_top.v:22]
INFO: [Synth 8-6157] synthesizing module 'inst_rom' [D:/compute_lab/lab3_2/inst_rom/.Xil/Vivado-12900-LAPTOP-6OFK5A0R/realtime/inst_rom_stub.v:6]
INFO: [Synth 8-6155] done synthesizing module 'inst_rom' (1#1) [D:/compute_lab/lab3_2/inst_rom/.Xil/Vivado-12900-LAPTOP-6OFK5A0R/realtime/inst_rom_stub.v:6]
WARNING: [Synth 8-689] width (32) of port connection 'a' does not match port width (16) of module 'inst_rom' [D:/compute_lab/lab3_2/inst_rom/inst_rom.srcs/sources_1/new/inst_rom_top.v:27]
INFO: [Synth 8-6155] done synthesizing module 'inst_rom_top' (2#1) [D:/compute_lab/lab3_2/inst_rom/inst_rom.srcs/sources_1/new/inst_rom_top.v:22]
WARNING: [Synth 8-3331] design inst_rom_top has unconnected port rom_addr[31]
WARNING: [Synth 8-3331] design inst_rom_top has unconnected port rom_addr[30]
WARNING: [Synth 8-3331] design inst_rom_top has unconnected port rom_addr[29]
WARNING: [Synth 8-3331] design inst_rom_top has unconnected port rom_addr[28]
WARNING: [Synth 8-3331] design inst_rom_top has unconnected port rom_addr[27]
WARNING: [Synth 8-3331] design inst_rom_top has unconnected port rom_addr[26]
WARNING: [Synth 8-3331] design inst_rom_top has unconnected port rom_addr[25]
WARNING: [Synth 8-3331] design inst_rom_top has unconnected port rom_addr[24]
WARNING: [Synth 8-3331] design inst_rom_top has unconnected port rom_addr[23]
WARNING: [Synth 8-3331] design inst_rom_top has unconnected port rom_addr[22]
WARNING: [Synth 8-3331] design inst_rom_top has unconnected port rom_addr[21]
WARNING: [Synth 8-3331] design inst_rom_top has unconnected port rom_addr[20]
WARNING: [Synth 8-3331] design inst_rom_top has unconnected port rom_addr[19]
WARNING: [Synth 8-3331] design inst_rom_top has unconnected port rom_addr[18]
WARNING: [Synth 8-3331] design inst_rom_top has unconnected port rom_addr[17]
WARNING: [Synth 8-3331] design inst_rom_top has unconnected port rom_addr[16]
---------------------------------------------------------------------------------
Finished RTL Elaboration : Time (s): cpu = 00:00:04 ; elapsed = 00:00:04 . Memory (MB): peak = 1453.266 ; gain = 278.910
---------------------------------------------------------------------------------

Report Check Netlist: 
+------+------------------+-------+---------+-------+------------------+
|      |Item              |Errors |Warnings |Status |Description       |
+------+------------------+-------+---------+-------+------------------+
|1     |multi_driven_nets |      0|        0|Passed |Multi driven nets |
+------+------------------+-------+---------+-------+------------------+
---------------------------------------------------------------------------------
Start Handling Custom Attributes
---------------------------------------------------------------------------------
---------------------------------------------------------------------------------
Finished Handling Custom Attributes : Time (s): cpu = 00:00:04 ; elapsed = 00:00:04 . Memory (MB): peak = 1453.266 ; gain = 278.910
---------------------------------------------------------------------------------
---------------------------------------------------------------------------------
Finished RTL Optimization Phase 1 : Time (s): cpu = 00:00:04 ; elapsed = 00:00:04 . Memory (MB): peak = 1453.266 ; gain = 278.910
---------------------------------------------------------------------------------
INFO: [Project 1-454] Reading design checkpoint 'd:/compute_lab/lab3_2/inst_rom/inst_rom.srcs/sources_1/ip/inst_rom/inst_rom.dcp' for cell 'u0_irom'
Netlist sorting complete. Time (s): cpu = 00:00:00 ; elapsed = 00:00:00.001 . Memory (MB): peak = 1453.266 ; gain = 0.000
INFO: [Project 1-479] Netlist was created with Vivado 2019.2
INFO: [Project 1-570] Preparing netlist for logic optimization
INFO: [Opt 31-140] Inserted 16 IBUFs to IO ports without IO buffers.
INFO: [Opt 31-141] Inserted 32 OBUFs to IO ports without IO buffers.

Processing XDC Constraints
Initializing timing engine
Completed Processing XDC Constraints

INFO: [Opt 31-138] Pushed 0 inverter(s) to 0 load pin(s).
Netlist sorting complete. Time (s): cpu = 00:00:00 ; elapsed = 00:00:00 . Memory (MB): peak = 1580.387 ; gain = 0.000
INFO: [Project 1-111] Unisim Transformation Summary:
No Unisim elements were transformed.

INFO: [Common 17-41] Interrupt caught. Command should exit soon.
13 Infos, 17 Warnings, 0 Critical Warnings and 0 Errors encountered.
synth_design completed successfully
synth_design: Time (s): cpu = 00:00:26 ; elapsed = 00:00:20 . Memory (MB): peak = 1667.770 ; gain = 724.758
INFO: [Common 17-344] 'synth_design' was cancelled
close_sim
INFO: [Common 17-41] Interrupt caught. Command should exit soon.
INFO: [Simtcl 6-16] Simulation closed
INFO: [Common 17-344] 'close_sim' was cancelled
close_project
open_project D:/compute_lab/lab3_2/inst_rom/inst_rom.xpr
Scanning sources...
Finished scanning sources
INFO: [IP_Flow 19-234] Refreshing IP repositories
INFO: [IP_Flow 19-1704] No user IP repositories specified
INFO: [IP_Flow 19-2313] Loaded Vivado IP repository 'D:/developp/Vivado/2019.2/data/ip'.
update_compile_order -fileset sources_1
synth_design -rtl -name rtl_1
Command: synth_design -rtl -name rtl_1
Starting synth_design
Using part: xc7a200tfbg676-1
Top: inst_rom_top
---------------------------------------------------------------------------------
Starting RTL Elaboration : Time (s): cpu = 00:00:02 ; elapsed = 00:00:02 . Memory (MB): peak = 1678.160 ; gain = 0.000
---------------------------------------------------------------------------------
INFO: [Synth 8-6157] synthesizing module 'inst_rom_top' [D:/compute_lab/lab3_2/inst_rom/inst_rom.srcs/sources_1/new/inst_rom_top.v:22]
INFO: [Synth 8-6157] synthesizing module 'inst_rom' [D:/compute_lab/lab3_2/inst_rom/.Xil/Vivado-12900-LAPTOP-6OFK5A0R/realtime/inst_rom_stub.v:6]
INFO: [Synth 8-6155] done synthesizing module 'inst_rom' (1#1) [D:/compute_lab/lab3_2/inst_rom/.Xil/Vivado-12900-LAPTOP-6OFK5A0R/realtime/inst_rom_stub.v:6]
WARNING: [Synth 8-689] width (32) of port connection 'a' does not match port width (16) of module 'inst_rom' [D:/compute_lab/lab3_2/inst_rom/inst_rom.srcs/sources_1/new/inst_rom_top.v:27]
INFO: [Synth 8-6155] done synthesizing module 'inst_rom_top' (2#1) [D:/compute_lab/lab3_2/inst_rom/inst_rom.srcs/sources_1/new/inst_rom_top.v:22]
WARNING: [Synth 8-3331] design inst_rom_top has unconnected port rom_addr[31]
WARNING: [Synth 8-3331] design inst_rom_top has unconnected port rom_addr[30]
WARNING: [Synth 8-3331] design inst_rom_top has unconnected port rom_addr[29]
WARNING: [Synth 8-3331] design inst_rom_top has unconnected port rom_addr[28]
WARNING: [Synth 8-3331] design inst_rom_top has unconnected port rom_addr[27]
WARNING: [Synth 8-3331] design inst_rom_top has unconnected port rom_addr[26]
WARNING: [Synth 8-3331] design inst_rom_top has unconnected port rom_addr[25]
WARNING: [Synth 8-3331] design inst_rom_top has unconnected port rom_addr[24]
WARNING: [Synth 8-3331] design inst_rom_top has unconnected port rom_addr[23]
WARNING: [Synth 8-3331] design inst_rom_top has unconnected port rom_addr[22]
WARNING: [Synth 8-3331] design inst_rom_top has unconnected port rom_addr[21]
WARNING: [Synth 8-3331] design inst_rom_top has unconnected port rom_addr[20]
WARNING: [Synth 8-3331] design inst_rom_top has unconnected port rom_addr[19]
WARNING: [Synth 8-3331] design inst_rom_top has unconnected port rom_addr[18]
WARNING: [Synth 8-3331] design inst_rom_top has unconnected port rom_addr[17]
WARNING: [Synth 8-3331] design inst_rom_top has unconnected port rom_addr[16]
---------------------------------------------------------------------------------
Finished RTL Elaboration : Time (s): cpu = 00:00:03 ; elapsed = 00:00:03 . Memory (MB): peak = 1678.160 ; gain = 0.000
---------------------------------------------------------------------------------

Report Check Netlist: 
+------+------------------+-------+---------+-------+------------------+
|      |Item              |Errors |Warnings |Status |Description       |
+------+------------------+-------+---------+-------+------------------+
|1     |multi_driven_nets |      0|        0|Passed |Multi driven nets |
+------+------------------+-------+---------+-------+------------------+
---------------------------------------------------------------------------------
Start Handling Custom Attributes
---------------------------------------------------------------------------------
---------------------------------------------------------------------------------
Finished Handling Custom Attributes : Time (s): cpu = 00:00:03 ; elapsed = 00:00:03 . Memory (MB): peak = 1678.160 ; gain = 0.000
---------------------------------------------------------------------------------
---------------------------------------------------------------------------------
Finished RTL Optimization Phase 1 : Time (s): cpu = 00:00:03 ; elapsed = 00:00:03 . Memory (MB): peak = 1678.160 ; gain = 0.000
---------------------------------------------------------------------------------
INFO: [Project 1-454] Reading design checkpoint 'd:/compute_lab/lab3_2/inst_rom/inst_rom.srcs/sources_1/ip/inst_rom/inst_rom.dcp' for cell 'u0_irom'
Netlist sorting complete. Time (s): cpu = 00:00:00 ; elapsed = 00:00:00.001 . Memory (MB): peak = 1678.160 ; gain = 0.000
INFO: [Project 1-479] Netlist was created with Vivado 2019.2
INFO: [Project 1-570] Preparing netlist for logic optimization
INFO: [Opt 31-140] Inserted 16 IBUFs to IO ports without IO buffers.
INFO: [Opt 31-141] Inserted 32 OBUFs to IO ports without IO buffers.

Processing XDC Constraints
Initializing timing engine
Completed Processing XDC Constraints

INFO: [Opt 31-138] Pushed 0 inverter(s) to 0 load pin(s).
Netlist sorting complete. Time (s): cpu = 00:00:00 ; elapsed = 00:00:00 . Memory (MB): peak = 1772.488 ; gain = 0.000
INFO: [Project 1-111] Unisim Transformation Summary:
No Unisim elements were transformed.

RTL Elaboration Complete:  : Time (s): cpu = 00:00:06 ; elapsed = 00:00:05 . Memory (MB): peak = 1772.488 ; gain = 94.328
11 Infos, 17 Warnings, 0 Critical Warnings and 0 Errors encountered.
synth_design completed successfully
exit
INFO: [Common 17-206] Exiting Vivado at Sun Apr 20 15:28:22 2025...
