#-----------------------------------------------------------
# Vivado v2019.2 (64-bit)
# SW Build 2708876 on Wed Nov  6 21:40:23 MST 2019
# IP Build 2700528 on Thu Nov  7 00:09:20 MST 2019
# Start of session at: Thu Apr 17 15:06:34 2025
# Process ID: 24008
# Current directory: D:/compute_lab/lab3_2/inst_rom
# Command line: vivado.exe -gui_launcher_event rodinguilauncherevent7872 D:\compute_lab\lab3_2\inst_rom\inst_rom.xpr
# Log file: D:/compute_lab/lab3_2/inst_rom/vivado.log
# Journal file: D:/compute_lab/lab3_2/inst_rom\vivado.jou
#-----------------------------------------------------------
start_gui
open_project D:/compute_lab/lab3_2/inst_rom/inst_rom.xpr
Scanning sources...
Finished scanning sources
INFO: [IP_Flow 19-234] Refreshing IP repositories
INFO: [IP_Flow 19-1704] No user IP repositories specified
INFO: [IP_Flow 19-2313] Loaded Vivado IP repository 'D:/developp/Vivado/2019.2/data/ip'.
WARNING: [IP_Flow 19-3664] IP 'inst_rom' generated file not found 'd:/compute_lab/lab3_2/inst_rom/inst_rom.srcs/sources_1/ip/inst_rom/inst_rom.dcp'. Please regenerate to continue.
WARNING: [IP_Flow 19-3664] IP 'inst_rom' generated file not found 'd:/compute_lab/lab3_2/inst_rom/inst_rom.srcs/sources_1/ip/inst_rom/inst_rom_stub.v'. Please regenerate to continue.
WARNING: [IP_Flow 19-3664] IP 'inst_rom' generated file not found 'd:/compute_lab/lab3_2/inst_rom/inst_rom.srcs/sources_1/ip/inst_rom/inst_rom_stub.vhdl'. Please regenerate to continue.
WARNING: [IP_Flow 19-3664] IP 'inst_rom' generated file not found 'd:/compute_lab/lab3_2/inst_rom/inst_rom.srcs/sources_1/ip/inst_rom/inst_rom_sim_netlist.v'. Please regenerate to continue.
WARNING: [IP_Flow 19-3664] IP 'inst_rom' generated file not found 'd:/compute_lab/lab3_2/inst_rom/inst_rom.srcs/sources_1/ip/inst_rom/inst_rom_sim_netlist.vhdl'. Please regenerate to continue.
update_compile_order -fileset sources_1
exit
INFO: [Common 17-206] Exiting Vivado at Thu Apr 17 15:25:15 2025...
