#-----------------------------------------------------------
# Vivado v2019.2 (64-bit)
# SW Build 2708876 on Wed Nov  6 21:40:23 MST 2019
# IP Build 2700528 on Thu Nov  7 00:09:20 MST 2019
# Start of session at: Sun Apr 20 11:48:06 2025
# Process ID: 16680
# Current directory: D:/compute_lab/lab3_3/pc
# Command line: vivado.exe -gui_launcher_event rodinguilauncherevent4568 D:\compute_lab\lab3_3\pc\pc.xpr
# Log file: D:/compute_lab/lab3_3/pc/vivado.log
# Journal file: D:/compute_lab/lab3_3/pc\vivado.jou
#-----------------------------------------------------------
start_gui
open_project D:/compute_lab/lab3_3/pc/pc.xpr
Scanning sources...
Finished scanning sources
INFO: [IP_Flow 19-234] Refreshing IP repositories
INFO: [IP_Flow 19-1704] No user IP repositories specified
INFO: [IP_Flow 19-2313] Loaded Vivado IP repository 'D:/developp/Vivado/2019.2/data/ip'.
open_project: Time (s): cpu = 00:00:33 ; elapsed = 00:00:14 . Memory (MB): peak = 801.352 ; gain = 95.379
update_compile_order -fileset sources_1
launch_simulation
Command: launch_simulation 
INFO: [Vivado 12-5698] Checking validity of IPs in the design for the 'XSim' simulator...
INFO: [Vivado 12-5682] Launching behavioral simulation in 'D:/compute_lab/lab3_3/pc/pc.sim/sim_1/behav/xsim'
INFO: [Vivado 12-4795] Using compiled simulation libraries for IPs
INFO: [SIM-utils-51] Simulation object is 'sim_1'
INFO: [USF-XSim-7] Finding pre-compiled libraries...
INFO: [USF-XSim-11] File 'D:/developp/Vivado/2019.2/data/xsim/xsim.ini' copied to run dir:'D:/compute_lab/lab3_3/pc/pc.sim/sim_1/behav/xsim'
INFO: [SIM-utils-54] Inspecting design source files for 'tb_pc' in fileset 'sim_1'...
INFO: [SIM-utils-43] Exported 'D:/compute_lab/lab3_3/pc/pc.sim/sim_1/behav/xsim/inst_rom.mif'
INFO: [SIM-utils-43] Exported 'D:/compute_lab/lab3_3/pc/pc.sim/sim_1/behav/xsim/inst_ram.coe'
INFO: [USF-XSim-97] Finding global include files...
INFO: [USF-XSim-98] Fetching design files from 'sim_1'...
INFO: [USF-XSim-2] XSim::Compile design
INFO: [USF-XSim-61] Executing 'COMPILE and ANALYZE' step in 'D:/compute_lab/lab3_3/pc/pc.sim/sim_1/behav/xsim'
"xvlog --incr --relax -prj tb_pc_vlog.prj"
INFO: [VRFC 10-2263] Analyzing Verilog file "D:/compute_lab/lab3_3/pc/pc.srcs/sources_1/ip/inst_rom/sim/inst_rom.v" into library xil_defaultlib
INFO: [VRFC 10-311] analyzing module inst_rom
INFO: [VRFC 10-2263] Analyzing Verilog file "D:/compute_lab/lab3_3/pc/pc.srcs/sources_1/new/pc.v" into library xil_defaultlib
INFO: [VRFC 10-311] analyzing module pc
INFO: [VRFC 10-2263] Analyzing Verilog file "D:/compute_lab/lab3_3/pc/pc.srcs/sim_1/new/tb_pc.v" into library xil_defaultlib
INFO: [VRFC 10-311] analyzing module tb_pc
INFO: [USF-XSim-69] 'compile' step finished in '1' seconds
INFO: [USF-XSim-3] XSim::Elaborate design
INFO: [USF-XSim-61] Executing 'ELABORATE' step in 'D:/compute_lab/lab3_3/pc/pc.sim/sim_1/behav/xsim'
"xelab -wto 2ef2b5e29d054b5a8947721e902dfe3c --incr --debug typical --relax --mt 2 -L dist_mem_gen_v8_0_13 -L xil_defaultlib -L unisims_ver -L unimacro_ver -L secureip -L xpm --snapshot tb_pc_behav xil_defaultlib.tb_pc xil_defaultlib.glbl -log elaborate.log"
Vivado Simulator 2019.2
Copyright 1986-1999, 2001-2019 Xilinx, Inc. All Rights Reserved.
Running: D:/developp/Vivado/2019.2/bin/unwrapped/win64.o/xelab.exe -wto 2ef2b5e29d054b5a8947721e902dfe3c --incr --debug typical --relax --mt 2 -L dist_mem_gen_v8_0_13 -L xil_defaultlib -L unisims_ver -L unimacro_ver -L secureip -L xpm --snapshot tb_pc_behav xil_defaultlib.tb_pc xil_defaultlib.glbl -log elaborate.log 
Using 2 slave threads.
Starting static elaboration
Pass Through NonSizing Optimizer
WARNING: [VRFC 10-3091] actual bit length 32 differs from formal bit length 16 for port 'a' [D:/compute_lab/lab3_3/pc/pc.srcs/sources_1/new/pc.v:24]
Completed static elaboration
Starting simulation data flow analysis
Completed simulation data flow analysis
Time Resolution for simulation is 1ps
Compiling module dist_mem_gen_v8_0_13.dist_mem_gen_v8_0_13(C_FAMILY="a...
Compiling module xil_defaultlib.inst_rom
Compiling module xil_defaultlib.pc
Compiling module xil_defaultlib.tb_pc
Compiling module xil_defaultlib.glbl
Built simulation snapshot tb_pc_behav

****** Webtalk v2019.2 (64-bit)
  **** SW Build 2708876 on Wed Nov  6 21:40:23 MST 2019
  **** IP Build 2700528 on Thu Nov  7 00:09:20 MST 2019
    ** Copyright 1986-2019 Xilinx, Inc. All Rights Reserved.

source D:/compute_lab/lab3_3/pc/pc.sim/sim_1/behav/xsim/xsim.dir/tb_pc_behav/webtalk/xsim_webtalk.tcl -notrace
INFO: [Common 17-206] Exiting Webtalk at Sun Apr 20 11:54:32 2025...
INFO: [USF-XSim-69] 'elaborate' step finished in '5' seconds
INFO: [USF-XSim-4] XSim::Simulate design
INFO: [USF-XSim-61] Executing 'SIMULATE' step in 'D:/compute_lab/lab3_3/pc/pc.sim/sim_1/behav/xsim'
INFO: [USF-XSim-98] *** Running xsim
   with args "tb_pc_behav -key {Behavioral:sim_1:Functional:tb_pc} -tclbatch {tb_pc.tcl} -log {simulate.log}"
INFO: [USF-XSim-8] Loading simulator feature
Vivado Simulator 2019.2
Time resolution is 1 ps
source tb_pc.tcl
# set curr_wave [current_wave_config]
# if { [string length $curr_wave] == 0 } {
#   if { [llength [get_objects]] > 0} {
#     add_wave /
#     set_property needs_save false [current_wave_config]
#   } else {
#      send_msg_id Add_Wave-1 WARNING "No top level signals found. Simulator will start without a wave window. If you want to open a wave window go to 'File->New Waveform Configuration' or type 'create_wave_config' in the TCL console."
#   }
# }
# run 1000ns
WARNING: This core is supplied with a behavioral model. To model cycle-accurate behavior you must run timing simulation.
INFO: [USF-XSim-96] XSim completed. Design snapshot 'tb_pc_behav' loaded.
INFO: [USF-XSim-97] XSim simulation ran for 1000ns
launch_simulation: Time (s): cpu = 00:00:06 ; elapsed = 00:00:09 . Memory (MB): peak = 885.164 ; gain = 36.023
close_sim
INFO: [Simtcl 6-16] Simulation closed
launch_simulation
Command: launch_simulation 
INFO: [Vivado 12-5698] Checking validity of IPs in the design for the 'XSim' simulator...
INFO: [Vivado 12-5682] Launching behavioral simulation in 'D:/compute_lab/lab3_3/pc/pc.sim/sim_1/behav/xsim'
INFO: [Vivado 12-4795] Using compiled simulation libraries for IPs
INFO: [SIM-utils-51] Simulation object is 'sim_1'
INFO: [USF-XSim-7] Finding pre-compiled libraries...
INFO: [USF-XSim-11] File 'D:/developp/Vivado/2019.2/data/xsim/xsim.ini' copied to run dir:'D:/compute_lab/lab3_3/pc/pc.sim/sim_1/behav/xsim'
INFO: [SIM-utils-54] Inspecting design source files for 'tb_pc' in fileset 'sim_1'...
INFO: [SIM-utils-43] Exported 'D:/compute_lab/lab3_3/pc/pc.sim/sim_1/behav/xsim/inst_rom.mif'
INFO: [SIM-utils-43] Exported 'D:/compute_lab/lab3_3/pc/pc.sim/sim_1/behav/xsim/inst_ram.coe'
INFO: [USF-XSim-97] Finding global include files...
INFO: [USF-XSim-98] Fetching design files from 'sim_1'...
INFO: [USF-XSim-2] XSim::Compile design
INFO: [USF-XSim-61] Executing 'COMPILE and ANALYZE' step in 'D:/compute_lab/lab3_3/pc/pc.sim/sim_1/behav/xsim'
"xvlog --incr --relax -prj tb_pc_vlog.prj"
INFO: [VRFC 10-2263] Analyzing Verilog file "D:/compute_lab/lab3_3/pc/pc.srcs/sources_1/ip/inst_rom/sim/inst_rom.v" into library xil_defaultlib
INFO: [VRFC 10-311] analyzing module inst_rom
INFO: [VRFC 10-2263] Analyzing Verilog file "D:/compute_lab/lab3_3/pc/pc.srcs/sources_1/new/pc.v" into library xil_defaultlib
INFO: [VRFC 10-311] analyzing module pc
INFO: [VRFC 10-2263] Analyzing Verilog file "D:/compute_lab/lab3_3/pc/pc.srcs/sim_1/new/tb_pc.v" into library xil_defaultlib
INFO: [VRFC 10-311] analyzing module tb_pc
INFO: [USF-XSim-69] 'compile' step finished in '1' seconds
INFO: [USF-XSim-3] XSim::Elaborate design
INFO: [USF-XSim-61] Executing 'ELABORATE' step in 'D:/compute_lab/lab3_3/pc/pc.sim/sim_1/behav/xsim'
"xelab -wto 2ef2b5e29d054b5a8947721e902dfe3c --incr --debug typical --relax --mt 2 -L dist_mem_gen_v8_0_13 -L xil_defaultlib -L unisims_ver -L unimacro_ver -L secureip -L xpm --snapshot tb_pc_behav xil_defaultlib.tb_pc xil_defaultlib.glbl -log elaborate.log"
Vivado Simulator 2019.2
Copyright 1986-1999, 2001-2019 Xilinx, Inc. All Rights Reserved.
Running: D:/developp/Vivado/2019.2/bin/unwrapped/win64.o/xelab.exe -wto 2ef2b5e29d054b5a8947721e902dfe3c --incr --debug typical --relax --mt 2 -L dist_mem_gen_v8_0_13 -L xil_defaultlib -L unisims_ver -L unimacro_ver -L secureip -L xpm --snapshot tb_pc_behav xil_defaultlib.tb_pc xil_defaultlib.glbl -log elaborate.log 
Using 2 slave threads.
Starting static elaboration
Pass Through NonSizing Optimizer
WARNING: [VRFC 10-3091] actual bit length 32 differs from formal bit length 16 for port 'a' [D:/compute_lab/lab3_3/pc/pc.srcs/sources_1/new/pc.v:24]
Completed static elaboration
Starting simulation data flow analysis
Completed simulation data flow analysis
Time Resolution for simulation is 1ps
Compiling module dist_mem_gen_v8_0_13.dist_mem_gen_v8_0_13(C_FAMILY="a...
Compiling module xil_defaultlib.inst_rom
Compiling module xil_defaultlib.pc
Compiling module xil_defaultlib.tb_pc
Compiling module xil_defaultlib.glbl
Built simulation snapshot tb_pc_behav
INFO: [USF-XSim-69] 'elaborate' step finished in '3' seconds
INFO: [USF-XSim-4] XSim::Simulate design
INFO: [USF-XSim-61] Executing 'SIMULATE' step in 'D:/compute_lab/lab3_3/pc/pc.sim/sim_1/behav/xsim'
INFO: [USF-XSim-98] *** Running xsim
   with args "tb_pc_behav -key {Behavioral:sim_1:Functional:tb_pc} -tclbatch {tb_pc.tcl} -log {simulate.log}"
INFO: [USF-XSim-8] Loading simulator feature
Vivado Simulator 2019.2
Time resolution is 1 ps
source tb_pc.tcl
# set curr_wave [current_wave_config]
# if { [string length $curr_wave] == 0 } {
#   if { [llength [get_objects]] > 0} {
#     add_wave /
#     set_property needs_save false [current_wave_config]
#   } else {
#      send_msg_id Add_Wave-1 WARNING "No top level signals found. Simulator will start without a wave window. If you want to open a wave window go to 'File->New Waveform Configuration' or type 'create_wave_config' in the TCL console."
#   }
# }
# run 1000ns
WARNING: This core is supplied with a behavioral model. To model cycle-accurate behavior you must run timing simulation.
INFO: [USF-XSim-96] XSim completed. Design snapshot 'tb_pc_behav' loaded.
INFO: [USF-XSim-97] XSim simulation ran for 1000ns
launch_simulation: Time (s): cpu = 00:00:03 ; elapsed = 00:00:07 . Memory (MB): peak = 886.055 ; gain = 0.000
close_sim
INFO: [Simtcl 6-16] Simulation closed
launch_simulation
Command: launch_simulation 
INFO: [Vivado 12-5698] Checking validity of IPs in the design for the 'XSim' simulator...
INFO: [Vivado 12-5682] Launching behavioral simulation in 'D:/compute_lab/lab3_3/pc/pc.sim/sim_1/behav/xsim'
INFO: [Vivado 12-4795] Using compiled simulation libraries for IPs
INFO: [SIM-utils-51] Simulation object is 'sim_1'
INFO: [USF-XSim-7] Finding pre-compiled libraries...
INFO: [USF-XSim-11] File 'D:/developp/Vivado/2019.2/data/xsim/xsim.ini' copied to run dir:'D:/compute_lab/lab3_3/pc/pc.sim/sim_1/behav/xsim'
INFO: [SIM-utils-54] Inspecting design source files for 'tb_pc' in fileset 'sim_1'...
INFO: [SIM-utils-43] Exported 'D:/compute_lab/lab3_3/pc/pc.sim/sim_1/behav/xsim/inst_rom.mif'
INFO: [SIM-utils-43] Exported 'D:/compute_lab/lab3_3/pc/pc.sim/sim_1/behav/xsim/inst_ram.coe'
INFO: [USF-XSim-97] Finding global include files...
INFO: [USF-XSim-98] Fetching design files from 'sim_1'...
INFO: [USF-XSim-2] XSim::Compile design
INFO: [USF-XSim-61] Executing 'COMPILE and ANALYZE' step in 'D:/compute_lab/lab3_3/pc/pc.sim/sim_1/behav/xsim'
"xvlog --incr --relax -prj tb_pc_vlog.prj"
INFO: [VRFC 10-2263] Analyzing Verilog file "D:/compute_lab/lab3_3/pc/pc.srcs/sources_1/ip/inst_rom/sim/inst_rom.v" into library xil_defaultlib
INFO: [VRFC 10-311] analyzing module inst_rom
INFO: [VRFC 10-2263] Analyzing Verilog file "D:/compute_lab/lab3_3/pc/pc.srcs/sources_1/new/pc.v" into library xil_defaultlib
INFO: [VRFC 10-311] analyzing module pc
INFO: [VRFC 10-2263] Analyzing Verilog file "D:/compute_lab/lab3_3/pc/pc.srcs/sim_1/new/tb_pc.v" into library xil_defaultlib
INFO: [VRFC 10-311] analyzing module tb_pc
INFO: [USF-XSim-69] 'compile' step finished in '1' seconds
INFO: [USF-XSim-3] XSim::Elaborate design
INFO: [USF-XSim-61] Executing 'ELABORATE' step in 'D:/compute_lab/lab3_3/pc/pc.sim/sim_1/behav/xsim'
"xelab -wto 2ef2b5e29d054b5a8947721e902dfe3c --incr --debug typical --relax --mt 2 -L dist_mem_gen_v8_0_13 -L xil_defaultlib -L unisims_ver -L unimacro_ver -L secureip -L xpm --snapshot tb_pc_behav xil_defaultlib.tb_pc xil_defaultlib.glbl -log elaborate.log"
Vivado Simulator 2019.2
Copyright 1986-1999, 2001-2019 Xilinx, Inc. All Rights Reserved.
Running: D:/developp/Vivado/2019.2/bin/unwrapped/win64.o/xelab.exe -wto 2ef2b5e29d054b5a8947721e902dfe3c --incr --debug typical --relax --mt 2 -L dist_mem_gen_v8_0_13 -L xil_defaultlib -L unisims_ver -L unimacro_ver -L secureip -L xpm --snapshot tb_pc_behav xil_defaultlib.tb_pc xil_defaultlib.glbl -log elaborate.log 
Using 2 slave threads.
Starting static elaboration
Pass Through NonSizing Optimizer
WARNING: [VRFC 10-3091] actual bit length 32 differs from formal bit length 16 for port 'a' [D:/compute_lab/lab3_3/pc/pc.srcs/sources_1/new/pc.v:23]
Completed static elaboration
Starting simulation data flow analysis
Completed simulation data flow analysis
Time Resolution for simulation is 1ps
Compiling module dist_mem_gen_v8_0_13.dist_mem_gen_v8_0_13(C_FAMILY="a...
Compiling module xil_defaultlib.inst_rom
Compiling module xil_defaultlib.pc
Compiling module xil_defaultlib.tb_pc
Compiling module xil_defaultlib.glbl
Built simulation snapshot tb_pc_behav
INFO: [USF-XSim-69] 'elaborate' step finished in '2' seconds
INFO: [USF-XSim-4] XSim::Simulate design
INFO: [USF-XSim-61] Executing 'SIMULATE' step in 'D:/compute_lab/lab3_3/pc/pc.sim/sim_1/behav/xsim'
INFO: [USF-XSim-98] *** Running xsim
   with args "tb_pc_behav -key {Behavioral:sim_1:Functional:tb_pc} -tclbatch {tb_pc.tcl} -log {simulate.log}"
INFO: [USF-XSim-8] Loading simulator feature
Vivado Simulator 2019.2
Time resolution is 1 ps
source tb_pc.tcl
# set curr_wave [current_wave_config]
# if { [string length $curr_wave] == 0 } {
#   if { [llength [get_objects]] > 0} {
#     add_wave /
#     set_property needs_save false [current_wave_config]
#   } else {
#      send_msg_id Add_Wave-1 WARNING "No top level signals found. Simulator will start without a wave window. If you want to open a wave window go to 'File->New Waveform Configuration' or type 'create_wave_config' in the TCL console."
#   }
# }
# run 1000ns
WARNING: This core is supplied with a behavioral model. To model cycle-accurate behavior you must run timing simulation.
INFO: [USF-XSim-96] XSim completed. Design snapshot 'tb_pc_behav' loaded.
INFO: [USF-XSim-97] XSim simulation ran for 1000ns
launch_simulation: Time (s): cpu = 00:00:02 ; elapsed = 00:00:06 . Memory (MB): peak = 975.355 ; gain = 0.000
close_sim
INFO: [Simtcl 6-16] Simulation closed
launch_simulation
Command: launch_simulation 
INFO: [Vivado 12-5698] Checking validity of IPs in the design for the 'XSim' simulator...
INFO: [Vivado 12-5682] Launching behavioral simulation in 'D:/compute_lab/lab3_3/pc/pc.sim/sim_1/behav/xsim'
INFO: [Vivado 12-4795] Using compiled simulation libraries for IPs
INFO: [SIM-utils-51] Simulation object is 'sim_1'
INFO: [USF-XSim-7] Finding pre-compiled libraries...
INFO: [USF-XSim-11] File 'D:/developp/Vivado/2019.2/data/xsim/xsim.ini' copied to run dir:'D:/compute_lab/lab3_3/pc/pc.sim/sim_1/behav/xsim'
INFO: [SIM-utils-54] Inspecting design source files for 'tb_pc' in fileset 'sim_1'...
INFO: [SIM-utils-43] Exported 'D:/compute_lab/lab3_3/pc/pc.sim/sim_1/behav/xsim/inst_rom.mif'
INFO: [SIM-utils-43] Exported 'D:/compute_lab/lab3_3/pc/pc.sim/sim_1/behav/xsim/inst_ram.coe'
INFO: [USF-XSim-97] Finding global include files...
INFO: [USF-XSim-98] Fetching design files from 'sim_1'...
INFO: [USF-XSim-2] XSim::Compile design
INFO: [USF-XSim-61] Executing 'COMPILE and ANALYZE' step in 'D:/compute_lab/lab3_3/pc/pc.sim/sim_1/behav/xsim'
"xvlog --incr --relax -prj tb_pc_vlog.prj"
INFO: [VRFC 10-2263] Analyzing Verilog file "D:/compute_lab/lab3_3/pc/pc.srcs/sources_1/ip/inst_rom/sim/inst_rom.v" into library xil_defaultlib
INFO: [VRFC 10-311] analyzing module inst_rom
INFO: [VRFC 10-2263] Analyzing Verilog file "D:/compute_lab/lab3_3/pc/pc.srcs/sources_1/new/pc.v" into library xil_defaultlib
INFO: [VRFC 10-311] analyzing module pc
INFO: [VRFC 10-2263] Analyzing Verilog file "D:/compute_lab/lab3_3/pc/pc.srcs/sim_1/new/tb_pc.v" into library xil_defaultlib
INFO: [VRFC 10-311] analyzing module tb_pc
INFO: [USF-XSim-69] 'compile' step finished in '1' seconds
INFO: [USF-XSim-3] XSim::Elaborate design
INFO: [USF-XSim-61] Executing 'ELABORATE' step in 'D:/compute_lab/lab3_3/pc/pc.sim/sim_1/behav/xsim'
"xelab -wto 2ef2b5e29d054b5a8947721e902dfe3c --incr --debug typical --relax --mt 2 -L dist_mem_gen_v8_0_13 -L xil_defaultlib -L unisims_ver -L unimacro_ver -L secureip -L xpm --snapshot tb_pc_behav xil_defaultlib.tb_pc xil_defaultlib.glbl -log elaborate.log"
Vivado Simulator 2019.2
Copyright 1986-1999, 2001-2019 Xilinx, Inc. All Rights Reserved.
Running: D:/developp/Vivado/2019.2/bin/unwrapped/win64.o/xelab.exe -wto 2ef2b5e29d054b5a8947721e902dfe3c --incr --debug typical --relax --mt 2 -L dist_mem_gen_v8_0_13 -L xil_defaultlib -L unisims_ver -L unimacro_ver -L secureip -L xpm --snapshot tb_pc_behav xil_defaultlib.tb_pc xil_defaultlib.glbl -log elaborate.log 
Using 2 slave threads.
Starting static elaboration
Pass Through NonSizing Optimizer
ERROR: [VRFC 10-3180] cannot find port 'rom_addr' on this module [D:/compute_lab/lab3_3/pc/pc.srcs/sim_1/new/tb_pc.v:13]
ERROR: [XSIM 43-3322] Static elaboration of top level Verilog design unit(s) in library work failed.
INFO: [USF-XSim-69] 'elaborate' step finished in '1' seconds
INFO: [USF-XSim-99] Step results log file:'D:/compute_lab/lab3_3/pc/pc.sim/sim_1/behav/xsim/elaborate.log'
ERROR: [USF-XSim-62] 'elaborate' step failed with error(s). Please check the Tcl console output or 'D:/compute_lab/lab3_3/pc/pc.sim/sim_1/behav/xsim/elaborate.log' file for more information.
ERROR: [Vivado 12-4473] Detected error while running simulation. Please correct the issue and retry this operation.
ERROR: [Common 17-39] 'launch_simulation' failed due to earlier errors.
launch_simulation
Command: launch_simulation 
INFO: [Vivado 12-5698] Checking validity of IPs in the design for the 'XSim' simulator...
INFO: [Vivado 12-5682] Launching behavioral simulation in 'D:/compute_lab/lab3_3/pc/pc.sim/sim_1/behav/xsim'
INFO: [Vivado 12-4795] Using compiled simulation libraries for IPs
INFO: [SIM-utils-51] Simulation object is 'sim_1'
INFO: [USF-XSim-7] Finding pre-compiled libraries...
INFO: [USF-XSim-11] File 'D:/developp/Vivado/2019.2/data/xsim/xsim.ini' copied to run dir:'D:/compute_lab/lab3_3/pc/pc.sim/sim_1/behav/xsim'
INFO: [SIM-utils-54] Inspecting design source files for 'tb_pc' in fileset 'sim_1'...
INFO: [SIM-utils-43] Exported 'D:/compute_lab/lab3_3/pc/pc.sim/sim_1/behav/xsim/inst_rom.mif'
INFO: [SIM-utils-43] Exported 'D:/compute_lab/lab3_3/pc/pc.sim/sim_1/behav/xsim/inst_ram.coe'
INFO: [USF-XSim-97] Finding global include files...
INFO: [USF-XSim-98] Fetching design files from 'sim_1'...
INFO: [USF-XSim-2] XSim::Compile design
INFO: [USF-XSim-61] Executing 'COMPILE and ANALYZE' step in 'D:/compute_lab/lab3_3/pc/pc.sim/sim_1/behav/xsim'
"xvlog --incr --relax -prj tb_pc_vlog.prj"
INFO: [VRFC 10-2263] Analyzing Verilog file "D:/compute_lab/lab3_3/pc/pc.srcs/sources_1/ip/inst_rom/sim/inst_rom.v" into library xil_defaultlib
INFO: [VRFC 10-311] analyzing module inst_rom
INFO: [VRFC 10-2263] Analyzing Verilog file "D:/compute_lab/lab3_3/pc/pc.srcs/sources_1/new/pc.v" into library xil_defaultlib
INFO: [VRFC 10-311] analyzing module pc
INFO: [VRFC 10-2263] Analyzing Verilog file "D:/compute_lab/lab3_3/pc/pc.srcs/sim_1/new/tb_pc.v" into library xil_defaultlib
INFO: [VRFC 10-311] analyzing module tb_pc
ERROR: [VRFC 10-2989] 'rom_addr' is not declared [D:/compute_lab/lab3_3/pc/pc.srcs/sim_1/new/tb_pc.v:31]
ERROR: [VRFC 10-2865] module 'tb_pc' ignored due to previous errors [D:/compute_lab/lab3_3/pc/pc.srcs/sim_1/new/tb_pc.v:2]
INFO: [USF-XSim-69] 'compile' step finished in '1' seconds
INFO: [USF-XSim-99] Step results log file:'D:/compute_lab/lab3_3/pc/pc.sim/sim_1/behav/xsim/xvlog.log'
ERROR: [USF-XSim-62] 'compile' step failed with error(s). Please check the Tcl console output or 'D:/compute_lab/lab3_3/pc/pc.sim/sim_1/behav/xsim/xvlog.log' file for more information.
ERROR: [Vivado 12-4473] Detected error while running simulation. Please correct the issue and retry this operation.
ERROR: [Common 17-39] 'launch_simulation' failed due to earlier errors.
launch_simulation
Command: launch_simulation 
INFO: [Vivado 12-5698] Checking validity of IPs in the design for the 'XSim' simulator...
INFO: [Vivado 12-5682] Launching behavioral simulation in 'D:/compute_lab/lab3_3/pc/pc.sim/sim_1/behav/xsim'
INFO: [Vivado 12-4795] Using compiled simulation libraries for IPs
INFO: [SIM-utils-51] Simulation object is 'sim_1'
INFO: [USF-XSim-7] Finding pre-compiled libraries...
INFO: [USF-XSim-11] File 'D:/developp/Vivado/2019.2/data/xsim/xsim.ini' copied to run dir:'D:/compute_lab/lab3_3/pc/pc.sim/sim_1/behav/xsim'
INFO: [SIM-utils-54] Inspecting design source files for 'tb_pc' in fileset 'sim_1'...
INFO: [SIM-utils-43] Exported 'D:/compute_lab/lab3_3/pc/pc.sim/sim_1/behav/xsim/inst_rom.mif'
INFO: [SIM-utils-43] Exported 'D:/compute_lab/lab3_3/pc/pc.sim/sim_1/behav/xsim/inst_ram.coe'
INFO: [USF-XSim-97] Finding global include files...
INFO: [USF-XSim-98] Fetching design files from 'sim_1'...
INFO: [USF-XSim-2] XSim::Compile design
INFO: [USF-XSim-61] Executing 'COMPILE and ANALYZE' step in 'D:/compute_lab/lab3_3/pc/pc.sim/sim_1/behav/xsim'
"xvlog --incr --relax -prj tb_pc_vlog.prj"
INFO: [VRFC 10-2263] Analyzing Verilog file "D:/compute_lab/lab3_3/pc/pc.srcs/sources_1/ip/inst_rom/sim/inst_rom.v" into library xil_defaultlib
INFO: [VRFC 10-311] analyzing module inst_rom
INFO: [VRFC 10-2263] Analyzing Verilog file "D:/compute_lab/lab3_3/pc/pc.srcs/sources_1/new/pc.v" into library xil_defaultlib
INFO: [VRFC 10-311] analyzing module pc
INFO: [VRFC 10-2263] Analyzing Verilog file "D:/compute_lab/lab3_3/pc/pc.srcs/sim_1/new/tb_pc.v" into library xil_defaultlib
INFO: [VRFC 10-311] analyzing module tb_pc
INFO: [USF-XSim-69] 'compile' step finished in '1' seconds
INFO: [USF-XSim-3] XSim::Elaborate design
INFO: [USF-XSim-61] Executing 'ELABORATE' step in 'D:/compute_lab/lab3_3/pc/pc.sim/sim_1/behav/xsim'
"xelab -wto 2ef2b5e29d054b5a8947721e902dfe3c --incr --debug typical --relax --mt 2 -L dist_mem_gen_v8_0_13 -L xil_defaultlib -L unisims_ver -L unimacro_ver -L secureip -L xpm --snapshot tb_pc_behav xil_defaultlib.tb_pc xil_defaultlib.glbl -log elaborate.log"
Vivado Simulator 2019.2
Copyright 1986-1999, 2001-2019 Xilinx, Inc. All Rights Reserved.
Running: D:/developp/Vivado/2019.2/bin/unwrapped/win64.o/xelab.exe -wto 2ef2b5e29d054b5a8947721e902dfe3c --incr --debug typical --relax --mt 2 -L dist_mem_gen_v8_0_13 -L xil_defaultlib -L unisims_ver -L unimacro_ver -L secureip -L xpm --snapshot tb_pc_behav xil_defaultlib.tb_pc xil_defaultlib.glbl -log elaborate.log 
Using 2 slave threads.
Starting static elaboration
Pass Through NonSizing Optimizer
WARNING: [VRFC 10-3091] actual bit length 32 differs from formal bit length 16 for port 'a' [D:/compute_lab/lab3_3/pc/pc.srcs/sources_1/new/pc.v:24]
Completed static elaboration
Starting simulation data flow analysis
Completed simulation data flow analysis
Time Resolution for simulation is 1ps
Compiling module dist_mem_gen_v8_0_13.dist_mem_gen_v8_0_13(C_FAMILY="a...
Compiling module xil_defaultlib.inst_rom
Compiling module xil_defaultlib.pc
Compiling module xil_defaultlib.tb_pc
Compiling module xil_defaultlib.glbl
Built simulation snapshot tb_pc_behav
INFO: [USF-XSim-69] 'elaborate' step finished in '3' seconds
INFO: [USF-XSim-4] XSim::Simulate design
INFO: [USF-XSim-61] Executing 'SIMULATE' step in 'D:/compute_lab/lab3_3/pc/pc.sim/sim_1/behav/xsim'
INFO: [USF-XSim-98] *** Running xsim
   with args "tb_pc_behav -key {Behavioral:sim_1:Functional:tb_pc} -tclbatch {tb_pc.tcl} -log {simulate.log}"
INFO: [USF-XSim-8] Loading simulator feature
Vivado Simulator 2019.2
Time resolution is 1 ps
source tb_pc.tcl
# set curr_wave [current_wave_config]
# if { [string length $curr_wave] == 0 } {
#   if { [llength [get_objects]] > 0} {
#     add_wave /
#     set_property needs_save false [current_wave_config]
#   } else {
#      send_msg_id Add_Wave-1 WARNING "No top level signals found. Simulator will start without a wave window. If you want to open a wave window go to 'File->New Waveform Configuration' or type 'create_wave_config' in the TCL console."
#   }
# }
# run 1000ns
WARNING: This core is supplied with a behavioral model. To model cycle-accurate behavior you must run timing simulation.
INFO: [USF-XSim-96] XSim completed. Design snapshot 'tb_pc_behav' loaded.
INFO: [USF-XSim-97] XSim simulation ran for 1000ns
launch_simulation: Time (s): cpu = 00:00:01 ; elapsed = 00:00:06 . Memory (MB): peak = 990.047 ; gain = 0.000
close_sim
INFO: [Simtcl 6-16] Simulation closed
launch_simulation
Command: launch_simulation 
INFO: [Vivado 12-5698] Checking validity of IPs in the design for the 'XSim' simulator...
INFO: [Vivado 12-5682] Launching behavioral simulation in 'D:/compute_lab/lab3_3/pc/pc.sim/sim_1/behav/xsim'
INFO: [Vivado 12-4795] Using compiled simulation libraries for IPs
INFO: [SIM-utils-51] Simulation object is 'sim_1'
INFO: [USF-XSim-7] Finding pre-compiled libraries...
INFO: [USF-XSim-11] File 'D:/developp/Vivado/2019.2/data/xsim/xsim.ini' copied to run dir:'D:/compute_lab/lab3_3/pc/pc.sim/sim_1/behav/xsim'
INFO: [SIM-utils-54] Inspecting design source files for 'tb_pc' in fileset 'sim_1'...
INFO: [SIM-utils-43] Exported 'D:/compute_lab/lab3_3/pc/pc.sim/sim_1/behav/xsim/inst_rom.mif'
INFO: [SIM-utils-43] Exported 'D:/compute_lab/lab3_3/pc/pc.sim/sim_1/behav/xsim/inst_ram.coe'
INFO: [USF-XSim-97] Finding global include files...
INFO: [USF-XSim-98] Fetching design files from 'sim_1'...
INFO: [USF-XSim-2] XSim::Compile design
INFO: [USF-XSim-61] Executing 'COMPILE and ANALYZE' step in 'D:/compute_lab/lab3_3/pc/pc.sim/sim_1/behav/xsim'
"xvlog --incr --relax -prj tb_pc_vlog.prj"
INFO: [VRFC 10-2263] Analyzing Verilog file "D:/compute_lab/lab3_3/pc/pc.srcs/sources_1/ip/inst_rom/sim/inst_rom.v" into library xil_defaultlib
INFO: [VRFC 10-311] analyzing module inst_rom
INFO: [VRFC 10-2263] Analyzing Verilog file "D:/compute_lab/lab3_3/pc/pc.srcs/sources_1/new/pc.v" into library xil_defaultlib
INFO: [VRFC 10-311] analyzing module pc
INFO: [VRFC 10-2263] Analyzing Verilog file "D:/compute_lab/lab3_3/pc/pc.srcs/sim_1/new/tb_pc.v" into library xil_defaultlib
INFO: [VRFC 10-311] analyzing module tb_pc
INFO: [USF-XSim-69] 'compile' step finished in '2' seconds
INFO: [USF-XSim-3] XSim::Elaborate design
INFO: [USF-XSim-61] Executing 'ELABORATE' step in 'D:/compute_lab/lab3_3/pc/pc.sim/sim_1/behav/xsim'
"xelab -wto 2ef2b5e29d054b5a8947721e902dfe3c --incr --debug typical --relax --mt 2 -L dist_mem_gen_v8_0_13 -L xil_defaultlib -L unisims_ver -L unimacro_ver -L secureip -L xpm --snapshot tb_pc_behav xil_defaultlib.tb_pc xil_defaultlib.glbl -log elaborate.log"
Vivado Simulator 2019.2
Copyright 1986-1999, 2001-2019 Xilinx, Inc. All Rights Reserved.
Running: D:/developp/Vivado/2019.2/bin/unwrapped/win64.o/xelab.exe -wto 2ef2b5e29d054b5a8947721e902dfe3c --incr --debug typical --relax --mt 2 -L dist_mem_gen_v8_0_13 -L xil_defaultlib -L unisims_ver -L unimacro_ver -L secureip -L xpm --snapshot tb_pc_behav xil_defaultlib.tb_pc xil_defaultlib.glbl -log elaborate.log 
Using 2 slave threads.
Starting static elaboration
Pass Through NonSizing Optimizer
ERROR: [VRFC 10-3180] cannot find port 'rom_addr' on this module [D:/compute_lab/lab3_3/pc/pc.srcs/sim_1/new/tb_pc.v:13]
ERROR: [XSIM 43-3322] Static elaboration of top level Verilog design unit(s) in library work failed.
INFO: [USF-XSim-69] 'elaborate' step finished in '1' seconds
INFO: [USF-XSim-99] Step results log file:'D:/compute_lab/lab3_3/pc/pc.sim/sim_1/behav/xsim/elaborate.log'
ERROR: [USF-XSim-62] 'elaborate' step failed with error(s). Please check the Tcl console output or 'D:/compute_lab/lab3_3/pc/pc.sim/sim_1/behav/xsim/elaborate.log' file for more information.
ERROR: [Vivado 12-4473] Detected error while running simulation. Please correct the issue and retry this operation.
ERROR: [Common 17-39] 'launch_simulation' failed due to earlier errors.
launch_simulation
Command: launch_simulation 
INFO: [Vivado 12-5698] Checking validity of IPs in the design for the 'XSim' simulator...
INFO: [Vivado 12-5682] Launching behavioral simulation in 'D:/compute_lab/lab3_3/pc/pc.sim/sim_1/behav/xsim'
INFO: [Vivado 12-4795] Using compiled simulation libraries for IPs
INFO: [SIM-utils-51] Simulation object is 'sim_1'
INFO: [USF-XSim-7] Finding pre-compiled libraries...
INFO: [USF-XSim-11] File 'D:/developp/Vivado/2019.2/data/xsim/xsim.ini' copied to run dir:'D:/compute_lab/lab3_3/pc/pc.sim/sim_1/behav/xsim'
INFO: [SIM-utils-54] Inspecting design source files for 'tb_pc' in fileset 'sim_1'...
INFO: [SIM-utils-43] Exported 'D:/compute_lab/lab3_3/pc/pc.sim/sim_1/behav/xsim/inst_rom.mif'
INFO: [SIM-utils-43] Exported 'D:/compute_lab/lab3_3/pc/pc.sim/sim_1/behav/xsim/inst_ram.coe'
INFO: [USF-XSim-97] Finding global include files...
INFO: [USF-XSim-98] Fetching design files from 'sim_1'...
INFO: [USF-XSim-2] XSim::Compile design
INFO: [USF-XSim-61] Executing 'COMPILE and ANALYZE' step in 'D:/compute_lab/lab3_3/pc/pc.sim/sim_1/behav/xsim'
"xvlog --incr --relax -prj tb_pc_vlog.prj"
INFO: [VRFC 10-2263] Analyzing Verilog file "D:/compute_lab/lab3_3/pc/pc.srcs/sources_1/ip/inst_rom/sim/inst_rom.v" into library xil_defaultlib
INFO: [VRFC 10-311] analyzing module inst_rom
INFO: [VRFC 10-2263] Analyzing Verilog file "D:/compute_lab/lab3_3/pc/pc.srcs/sources_1/new/pc.v" into library xil_defaultlib
INFO: [VRFC 10-311] analyzing module pc
INFO: [VRFC 10-2263] Analyzing Verilog file "D:/compute_lab/lab3_3/pc/pc.srcs/sim_1/new/tb_pc.v" into library xil_defaultlib
INFO: [VRFC 10-311] analyzing module tb_pc
INFO: [USF-XSim-69] 'compile' step finished in '1' seconds
INFO: [USF-XSim-3] XSim::Elaborate design
INFO: [USF-XSim-61] Executing 'ELABORATE' step in 'D:/compute_lab/lab3_3/pc/pc.sim/sim_1/behav/xsim'
"xelab -wto 2ef2b5e29d054b5a8947721e902dfe3c --incr --debug typical --relax --mt 2 -L dist_mem_gen_v8_0_13 -L xil_defaultlib -L unisims_ver -L unimacro_ver -L secureip -L xpm --snapshot tb_pc_behav xil_defaultlib.tb_pc xil_defaultlib.glbl -log elaborate.log"
Vivado Simulator 2019.2
Copyright 1986-1999, 2001-2019 Xilinx, Inc. All Rights Reserved.
Running: D:/developp/Vivado/2019.2/bin/unwrapped/win64.o/xelab.exe -wto 2ef2b5e29d054b5a8947721e902dfe3c --incr --debug typical --relax --mt 2 -L dist_mem_gen_v8_0_13 -L xil_defaultlib -L unisims_ver -L unimacro_ver -L secureip -L xpm --snapshot tb_pc_behav xil_defaultlib.tb_pc xil_defaultlib.glbl -log elaborate.log 
Using 2 slave threads.
Starting static elaboration
Pass Through NonSizing Optimizer
WARNING: [VRFC 10-3091] actual bit length 32 differs from formal bit length 16 for port 'a' [D:/compute_lab/lab3_3/pc/pc.srcs/sources_1/new/pc.v:25]
Completed static elaboration
Starting simulation data flow analysis
Completed simulation data flow analysis
Time Resolution for simulation is 1ps
Compiling module dist_mem_gen_v8_0_13.dist_mem_gen_v8_0_13(C_FAMILY="a...
Compiling module xil_defaultlib.inst_rom
Compiling module xil_defaultlib.pc
Compiling module xil_defaultlib.tb_pc
Compiling module xil_defaultlib.glbl
Built simulation snapshot tb_pc_behav
INFO: [USF-XSim-69] 'elaborate' step finished in '3' seconds
INFO: [USF-XSim-4] XSim::Simulate design
INFO: [USF-XSim-61] Executing 'SIMULATE' step in 'D:/compute_lab/lab3_3/pc/pc.sim/sim_1/behav/xsim'
INFO: [USF-XSim-98] *** Running xsim
   with args "tb_pc_behav -key {Behavioral:sim_1:Functional:tb_pc} -tclbatch {tb_pc.tcl} -log {simulate.log}"
INFO: [USF-XSim-8] Loading simulator feature
Vivado Simulator 2019.2
Time resolution is 1 ps
source tb_pc.tcl
# set curr_wave [current_wave_config]
# if { [string length $curr_wave] == 0 } {
#   if { [llength [get_objects]] > 0} {
#     add_wave /
#     set_property needs_save false [current_wave_config]
#   } else {
#      send_msg_id Add_Wave-1 WARNING "No top level signals found. Simulator will start without a wave window. If you want to open a wave window go to 'File->New Waveform Configuration' or type 'create_wave_config' in the TCL console."
#   }
# }
# run 1000ns
WARNING: This core is supplied with a behavioral model. To model cycle-accurate behavior you must run timing simulation.
$finish called at time : 140 ns : File "D:/compute_lab/lab3_3/pc/pc.srcs/sim_1/new/tb_pc.v" Line 42
INFO: [USF-XSim-96] XSim completed. Design snapshot 'tb_pc_behav' loaded.
INFO: [USF-XSim-97] XSim simulation ran for 1000ns
launch_simulation: Time (s): cpu = 00:00:02 ; elapsed = 00:00:07 . Memory (MB): peak = 990.047 ; gain = 0.000
close_sim
INFO: [Simtcl 6-16] Simulation closed
launch_simulation
Command: launch_simulation 
INFO: [Vivado 12-5698] Checking validity of IPs in the design for the 'XSim' simulator...
INFO: [Vivado 12-5682] Launching behavioral simulation in 'D:/compute_lab/lab3_3/pc/pc.sim/sim_1/behav/xsim'
INFO: [Vivado 12-4795] Using compiled simulation libraries for IPs
INFO: [SIM-utils-51] Simulation object is 'sim_1'
INFO: [USF-XSim-7] Finding pre-compiled libraries...
INFO: [USF-XSim-11] File 'D:/developp/Vivado/2019.2/data/xsim/xsim.ini' copied to run dir:'D:/compute_lab/lab3_3/pc/pc.sim/sim_1/behav/xsim'
INFO: [SIM-utils-54] Inspecting design source files for 'tb_pc' in fileset 'sim_1'...
INFO: [SIM-utils-43] Exported 'D:/compute_lab/lab3_3/pc/pc.sim/sim_1/behav/xsim/inst_rom.mif'
INFO: [SIM-utils-43] Exported 'D:/compute_lab/lab3_3/pc/pc.sim/sim_1/behav/xsim/inst_ram.coe'
INFO: [USF-XSim-97] Finding global include files...
INFO: [USF-XSim-98] Fetching design files from 'sim_1'...
INFO: [USF-XSim-2] XSim::Compile design
INFO: [USF-XSim-61] Executing 'COMPILE and ANALYZE' step in 'D:/compute_lab/lab3_3/pc/pc.sim/sim_1/behav/xsim'
"xvlog --incr --relax -prj tb_pc_vlog.prj"
INFO: [VRFC 10-2263] Analyzing Verilog file "D:/compute_lab/lab3_3/pc/pc.srcs/sources_1/ip/inst_rom/sim/inst_rom.v" into library xil_defaultlib
INFO: [VRFC 10-311] analyzing module inst_rom
INFO: [VRFC 10-2263] Analyzing Verilog file "D:/compute_lab/lab3_3/pc/pc.srcs/sources_1/new/pc.v" into library xil_defaultlib
INFO: [VRFC 10-311] analyzing module pc
INFO: [VRFC 10-2263] Analyzing Verilog file "D:/compute_lab/lab3_3/pc/pc.srcs/sim_1/new/tb_pc.v" into library xil_defaultlib
INFO: [VRFC 10-311] analyzing module tb_pc
INFO: [USF-XSim-69] 'compile' step finished in '1' seconds
INFO: [USF-XSim-3] XSim::Elaborate design
INFO: [USF-XSim-61] Executing 'ELABORATE' step in 'D:/compute_lab/lab3_3/pc/pc.sim/sim_1/behav/xsim'
"xelab -wto 2ef2b5e29d054b5a8947721e902dfe3c --incr --debug typical --relax --mt 2 -L dist_mem_gen_v8_0_13 -L xil_defaultlib -L unisims_ver -L unimacro_ver -L secureip -L xpm --snapshot tb_pc_behav xil_defaultlib.tb_pc xil_defaultlib.glbl -log elaborate.log"
Vivado Simulator 2019.2
Copyright 1986-1999, 2001-2019 Xilinx, Inc. All Rights Reserved.
Running: D:/developp/Vivado/2019.2/bin/unwrapped/win64.o/xelab.exe -wto 2ef2b5e29d054b5a8947721e902dfe3c --incr --debug typical --relax --mt 2 -L dist_mem_gen_v8_0_13 -L xil_defaultlib -L unisims_ver -L unimacro_ver -L secureip -L xpm --snapshot tb_pc_behav xil_defaultlib.tb_pc xil_defaultlib.glbl -log elaborate.log 
Using 2 slave threads.
Starting static elaboration
Pass Through NonSizing Optimizer
WARNING: [VRFC 10-3091] actual bit length 32 differs from formal bit length 16 for port 'a' [D:/compute_lab/lab3_3/pc/pc.srcs/sources_1/new/pc.v:25]
Completed static elaboration
Starting simulation data flow analysis
Completed simulation data flow analysis
Time Resolution for simulation is 1ps
Compiling module dist_mem_gen_v8_0_13.dist_mem_gen_v8_0_13(C_FAMILY="a...
Compiling module xil_defaultlib.inst_rom
Compiling module xil_defaultlib.pc
Compiling module xil_defaultlib.tb_pc
Compiling module xil_defaultlib.glbl
Built simulation snapshot tb_pc_behav
INFO: [USF-XSim-69] 'elaborate' step finished in '3' seconds
INFO: [USF-XSim-4] XSim::Simulate design
INFO: [USF-XSim-61] Executing 'SIMULATE' step in 'D:/compute_lab/lab3_3/pc/pc.sim/sim_1/behav/xsim'
INFO: [USF-XSim-98] *** Running xsim
   with args "tb_pc_behav -key {Behavioral:sim_1:Functional:tb_pc} -tclbatch {tb_pc.tcl} -log {simulate.log}"
INFO: [USF-XSim-8] Loading simulator feature
Vivado Simulator 2019.2
Time resolution is 1 ps
source tb_pc.tcl
# set curr_wave [current_wave_config]
# if { [string length $curr_wave] == 0 } {
#   if { [llength [get_objects]] > 0} {
#     add_wave /
#     set_property needs_save false [current_wave_config]
#   } else {
#      send_msg_id Add_Wave-1 WARNING "No top level signals found. Simulator will start without a wave window. If you want to open a wave window go to 'File->New Waveform Configuration' or type 'create_wave_config' in the TCL console."
#   }
# }
# run 1000ns
WARNING: This core is supplied with a behavioral model. To model cycle-accurate behavior you must run timing simulation.
$finish called at time : 110 ns : File "D:/compute_lab/lab3_3/pc/pc.srcs/sim_1/new/tb_pc.v" Line 42
INFO: [USF-XSim-96] XSim completed. Design snapshot 'tb_pc_behav' loaded.
INFO: [USF-XSim-97] XSim simulation ran for 1000ns
launch_simulation: Time (s): cpu = 00:00:01 ; elapsed = 00:00:06 . Memory (MB): peak = 999.312 ; gain = 0.000
file mkdir D:/compute_lab/lab3_3/pc/pc.srcs/constrs_1
file mkdir D:/compute_lab/lab3_3/pc/pc.srcs/constrs_1/new
close [ open D:/compute_lab/lab3_3/pc/pc.srcs/constrs_1/new/lab3_3.xdc w ]
add_files -fileset constrs_1 D:/compute_lab/lab3_3/pc/pc.srcs/constrs_1/new/lab3_3.xdc
launch_runs synth_1 -jobs 8
[Sun Apr 20 12:13:57 2025] Launched synth_1...
Run output will be captured here: D:/compute_lab/lab3_3/pc/pc.runs/synth_1/runme.log
close [ open D:/compute_lab/lab3_3/pc/pc.srcs/sources_1/new/pc_display.v w ]
add_files D:/compute_lab/lab3_3/pc/pc.srcs/sources_1/new/pc_display.v
update_compile_order -fileset sources_1
update_compile_order -fileset sources_1
add_files -norecurse D:/compute_lab/lcd_module/lcd_module.dcp
update_compile_order -fileset sources_1
close_sim
INFO: [Simtcl 6-16] Simulation closed
launch_simulation
Command: launch_simulation 
INFO: [Vivado 12-5698] Checking validity of IPs in the design for the 'XSim' simulator...
INFO: [Vivado 12-5682] Launching behavioral simulation in 'D:/compute_lab/lab3_3/pc/pc.sim/sim_1/behav/xsim'
INFO: [Vivado 12-4795] Using compiled simulation libraries for IPs
INFO: [SIM-utils-51] Simulation object is 'sim_1'
INFO: [USF-XSim-7] Finding pre-compiled libraries...
INFO: [USF-XSim-11] File 'D:/developp/Vivado/2019.2/data/xsim/xsim.ini' copied to run dir:'D:/compute_lab/lab3_3/pc/pc.sim/sim_1/behav/xsim'
INFO: [SIM-utils-54] Inspecting design source files for 'tb_pc' in fileset 'sim_1'...
INFO: [SIM-utils-43] Exported 'D:/compute_lab/lab3_3/pc/pc.sim/sim_1/behav/xsim/inst_rom.mif'
INFO: [SIM-utils-43] Exported 'D:/compute_lab/lab3_3/pc/pc.sim/sim_1/behav/xsim/inst_ram.coe'
INFO: [USF-XSim-97] Finding global include files...
INFO: [USF-XSim-98] Fetching design files from 'sim_1'...
INFO: [USF-XSim-2] XSim::Compile design
INFO: [USF-XSim-61] Executing 'COMPILE and ANALYZE' step in 'D:/compute_lab/lab3_3/pc/pc.sim/sim_1/behav/xsim'
"xvlog --incr --relax -prj tb_pc_vlog.prj"
INFO: [VRFC 10-2263] Analyzing Verilog file "D:/compute_lab/lab3_3/pc/pc.srcs/sources_1/ip/inst_rom/sim/inst_rom.v" into library xil_defaultlib
INFO: [VRFC 10-311] analyzing module inst_rom
INFO: [VRFC 10-2263] Analyzing Verilog file "D:/compute_lab/lab3_3/pc/pc.srcs/sources_1/new/pc.v" into library xil_defaultlib
INFO: [VRFC 10-311] analyzing module pc
INFO: [VRFC 10-2263] Analyzing Verilog file "D:/compute_lab/lab3_3/pc/pc.srcs/sim_1/new/tb_pc.v" into library xil_defaultlib
INFO: [VRFC 10-311] analyzing module tb_pc
INFO: [USF-XSim-69] 'compile' step finished in '1' seconds
INFO: [USF-XSim-3] XSim::Elaborate design
INFO: [USF-XSim-61] Executing 'ELABORATE' step in 'D:/compute_lab/lab3_3/pc/pc.sim/sim_1/behav/xsim'
"xelab -wto 2ef2b5e29d054b5a8947721e902dfe3c --incr --debug typical --relax --mt 2 -L dist_mem_gen_v8_0_13 -L xil_defaultlib -L unisims_ver -L unimacro_ver -L secureip -L xpm --snapshot tb_pc_behav xil_defaultlib.tb_pc xil_defaultlib.glbl -log elaborate.log"
Vivado Simulator 2019.2
Copyright 1986-1999, 2001-2019 Xilinx, Inc. All Rights Reserved.
Running: D:/developp/Vivado/2019.2/bin/unwrapped/win64.o/xelab.exe -wto 2ef2b5e29d054b5a8947721e902dfe3c --incr --debug typical --relax --mt 2 -L dist_mem_gen_v8_0_13 -L xil_defaultlib -L unisims_ver -L unimacro_ver -L secureip -L xpm --snapshot tb_pc_behav xil_defaultlib.tb_pc xil_defaultlib.glbl -log elaborate.log 
Using 2 slave threads.
Starting static elaboration
Pass Through NonSizing Optimizer
WARNING: [VRFC 10-3091] actual bit length 32 differs from formal bit length 16 for port 'a' [D:/compute_lab/lab3_3/pc/pc.srcs/sources_1/new/pc.v:25]
Completed static elaboration
Starting simulation data flow analysis
Completed simulation data flow analysis
Time Resolution for simulation is 1ps
Compiling module dist_mem_gen_v8_0_13.dist_mem_gen_v8_0_13(C_FAMILY="a...
Compiling module xil_defaultlib.inst_rom
Compiling module xil_defaultlib.pc
Compiling module xil_defaultlib.tb_pc
Compiling module xil_defaultlib.glbl
Built simulation snapshot tb_pc_behav
INFO: [USF-XSim-69] 'elaborate' step finished in '2' seconds
INFO: [USF-XSim-4] XSim::Simulate design
INFO: [USF-XSim-61] Executing 'SIMULATE' step in 'D:/compute_lab/lab3_3/pc/pc.sim/sim_1/behav/xsim'
INFO: [USF-XSim-98] *** Running xsim
   with args "tb_pc_behav -key {Behavioral:sim_1:Functional:tb_pc} -tclbatch {tb_pc.tcl} -log {simulate.log}"
INFO: [USF-XSim-8] Loading simulator feature
Vivado Simulator 2019.2
Time resolution is 1 ps
source tb_pc.tcl
# set curr_wave [current_wave_config]
# if { [string length $curr_wave] == 0 } {
#   if { [llength [get_objects]] > 0} {
#     add_wave /
#     set_property needs_save false [current_wave_config]
#   } else {
#      send_msg_id Add_Wave-1 WARNING "No top level signals found. Simulator will start without a wave window. If you want to open a wave window go to 'File->New Waveform Configuration' or type 'create_wave_config' in the TCL console."
#   }
# }
# run 1000ns
WARNING: This core is supplied with a behavioral model. To model cycle-accurate behavior you must run timing simulation.
$finish called at time : 110 ns : File "D:/compute_lab/lab3_3/pc/pc.srcs/sim_1/new/tb_pc.v" Line 38
INFO: [USF-XSim-96] XSim completed. Design snapshot 'tb_pc_behav' loaded.
INFO: [USF-XSim-97] XSim simulation ran for 1000ns
launch_simulation: Time (s): cpu = 00:00:03 ; elapsed = 00:00:09 . Memory (MB): peak = 1077.926 ; gain = 0.000
reset_run synth_1
WARNING: [Vivado 12-1017] Problems encountered:
1. Failed to delete one or more files in run directory D:/compute_lab/lab3_3/pc/pc.runs/synth_1

launch_runs synth_1 -jobs 8
[Sun Apr 20 12:21:15 2025] Launched synth_1...
Run output will be captured here: D:/compute_lab/lab3_3/pc/pc.runs/synth_1/runme.log
launch_runs impl_1 -jobs 8
[Sun Apr 20 12:23:18 2025] Launched impl_1...
Run output will be captured here: D:/compute_lab/lab3_3/pc/pc.runs/impl_1/runme.log
open_run impl_1
INFO: [Device 21-403] Loading part xc7a200tfbg676-1
Netlist sorting complete. Time (s): cpu = 00:00:00 ; elapsed = 00:00:00.006 . Memory (MB): peak = 1385.461 ; gain = 0.000
INFO: [Netlist 29-17] Analyzing 33 Unisim elements for replacement
INFO: [Netlist 29-28] Unisim Transformation completed in 0 CPU seconds
INFO: [Project 1-479] Netlist was created with Vivado 2019.2
INFO: [Project 1-570] Preparing netlist for logic optimization
INFO: [Timing 38-478] Restoring timing data from binary archive.
INFO: [Timing 38-479] Binary timing data restore complete.
INFO: [Project 1-856] Restoring constraints from binary archive.
INFO: [Project 1-853] Binary constraint restore complete.
Reading XDEF placement.
Reading placer database...
Reading XDEF routing.
Read XDEF File: Time (s): cpu = 00:00:00 ; elapsed = 00:00:00.066 . Memory (MB): peak = 2086.504 ; gain = 0.000
Restored from archive | CPU: 0.000000 secs | Memory: 0.000000 MB |
Finished XDEF File Restore: Time (s): cpu = 00:00:00 ; elapsed = 00:00:00.066 . Memory (MB): peak = 2086.504 ; gain = 0.000
Netlist sorting complete. Time (s): cpu = 00:00:00 ; elapsed = 00:00:00 . Memory (MB): peak = 2086.504 ; gain = 0.000
INFO: [Project 1-111] Unisim Transformation Summary:
  A total of 2 instances were transformed.
  IOBUF => IOBUF (IBUF, OBUFT): 2 instances

open_run: Time (s): cpu = 00:00:16 ; elapsed = 00:00:13 . Memory (MB): peak = 2266.160 ; gain = 1176.312
WARNING: [Timing 38-313] There are no user specified timing constraints. Timing constraints are needed for proper timing analysis.
set_property IOSTANDARD LVCMOS33 [get_ports [list clk]]
place_ports clk AC19
place_ports clkk Y3
set_property IOSTANDARD LVCMOS33 [get_ports [list clkk]]
place_ports reset_rom AB6
set_property IOSTANDARD LVCMOS33 [get_ports [list reset_rom]]
set_property IOSTANDARD LVCMOS33 [get_ports [list resetn]]
set_property IOSTANDARD LVCMOS33 [get_ports [list resetpc]]
place_ports resetn AC23
place_ports resetpc AC22
set_property target_constrs_file D:/compute_lab/lab3_3/pc/pc.srcs/constrs_1/new/lab3_3.xdc [current_fileset -constrset]
save_constraints -force
reset_run impl_1
launch_runs impl_1 -to_step write_bitstream -jobs 8
[Sun Apr 20 12:25:37 2025] Launched impl_1...
Run output will be captured here: D:/compute_lab/lab3_3/pc/pc.runs/impl_1/runme.log
open_hw_manager
connect_hw_server -allow_non_jtag
INFO: [Labtools 27-2285] Connecting to hw_server url TCP:localhost:3121
INFO: [Labtools 27-2222] Launching hw_server...
INFO: [Labtools 27-2221] Launch Output:

****** Xilinx hw_server v2019.2
  **** Build date : Nov  6 2019 at 22:12:23
    ** Copyright 1986-2019 Xilinx, Inc. All Rights Reserved.


INFO: [Labtools 27-3415] Connecting to cs_server url TCP:localhost:3042
INFO: [Labtools 27-3417] Launching cs_server...
INFO: [Labtools 27-2221] Launch Output:


****** Xilinx cs_server v2019.2.0
  **** Build date : Nov 07 2019-13:28:22
    ** Copyright 2017-2019 Xilinx, Inc. All Rights Reserved.



connect_hw_server: Time (s): cpu = 00:00:01 ; elapsed = 00:00:07 . Memory (MB): peak = 2272.844 ; gain = 0.000
open_hw_target
INFO: [Labtoolstcl 44-466] Opening hw_target localhost:3121/xilinx_tcf/Digilent/210251A08870
set_property PROGRAM.FILE {D:/compute_lab/lab3_3/pc/pc.runs/impl_1/pc_display.bit} [get_hw_devices xc7a200t_0]
current_hw_device [get_hw_devices xc7a200t_0]
refresh_hw_device -update_hw_probes false [lindex [get_hw_devices xc7a200t_0] 0]
INFO: [Labtools 27-1434] Device xc7a200t (JTAG device index = 0) is programmed with a design that has no supported debug core(s) in it.
set_property PROBES.FILE {} [get_hw_devices xc7a200t_0]
set_property FULL_PROBES.FILE {} [get_hw_devices xc7a200t_0]
set_property PROGRAM.FILE {D:/compute_lab/lab3_3/pc/pc.runs/impl_1/pc_display.bit} [get_hw_devices xc7a200t_0]
program_hw_devices [get_hw_devices xc7a200t_0]
INFO: [Labtools 27-3164] End of startup status: HIGH
program_hw_devices: Time (s): cpu = 00:00:06 ; elapsed = 00:00:06 . Memory (MB): peak = 3480.004 ; gain = 0.000
refresh_hw_device [lindex [get_hw_devices xc7a200t_0] 0]
INFO: [Labtools 27-1434] Device xc7a200t (JTAG device index = 0) is programmed with a design that has no supported debug core(s) in it.
close_sim
INFO: [Simtcl 6-16] Simulation closed
exit
INFO: [Common 17-206] Exiting Vivado at Sun Apr 20 12:29:20 2025...
