Copyright 1986-2019 Xilinx, Inc. All Rights Reserved.
----------------------------------------------------------------------------------------------------------------------------------------------------
| Tool Version     : Vivado v.2019.2 (win64) Build 2708876 Wed Nov  6 21:40:23 MST 2019
| Date             : Sun Apr 20 11:19:08 2025
| Host             : LAPTOP-6OFK5A0R running 64-bit major release  (build 9200)
| Command          : report_power -file pc_display_power_routed.rpt -pb pc_display_power_summary_routed.pb -rpx pc_display_power_routed.rpx
| Design           : pc_display
| Device           : xc7a200tfbg676-1
| Design State     : routed
| Grade            : commercial
| Process          : typical
| Characterization : Production
----------------------------------------------------------------------------------------------------------------------------------------------------

Power Report

Table of Contents
-----------------
1. Summary
1.1 On-Chip Components
1.2 Power Supply Summary
1.3 Confidence Level
2. Settings
2.1 Environment
2.2 Clock Constraints
3. Detailed Reports
3.1 By Hierarchy

1. Summary
----------

+--------------------------+----------------------------------+
| Total On-Chip Power (W)  | 52.973 (Junction temp exceeded!) |
| Design Power Budget (W)  | Unspecified*                     |
| Power Budget Margin (W)  | NA                               |
| Dynamic (W)              | 51.343                           |
| Device Static (W)        | 1.630                            |
| Effective TJA (C/W)      | 1.9                              |
| Max Ambient (C)          | 0.0                              |
| Junction Temperature (C) | 124.0                            |
| Confidence Level         | Low                              |
| Setting File             | ---                              |
| Simulation Activity File | ---                              |
| Design Nets Matched      | NA                               |
+--------------------------+----------------------------------+
* Specify Design Power Budget using, set_operating_conditions -design_power_budget <value in Watts>


1.1 On-Chip Components
----------------------

+--------------------------+-----------+----------+-----------+-----------------+
| On-Chip                  | Power (W) | Used     | Available | Utilization (%) |
+--------------------------+-----------+----------+-----------+-----------------+
| Slice Logic              |     3.411 |     1603 |       --- |             --- |
|   LUT as Logic           |     2.427 |      795 |    133800 |            0.59 |
|   LUT as Distributed RAM |     0.819 |       72 |     46200 |            0.16 |
|   Register               |     0.071 |      412 |    267600 |            0.15 |
|   BUFG                   |     0.058 |        3 |        32 |            9.38 |
|   CARRY4                 |     0.030 |       16 |     33450 |            0.05 |
|   F7/F8 Muxes            |     0.005 |        8 |    133800 |           <0.01 |
|   Others                 |     0.000 |       19 |       --- |             --- |
| Signals                  |     3.455 |     1262 |       --- |             --- |
| Block RAM                |     0.129 |        1 |       365 |            0.27 |
| I/O                      |    44.348 |       34 |       400 |            8.50 |
| Static Power             |     1.630 |          |           |                 |
| Total                    |    52.973 |          |           |                 |
+--------------------------+-----------+----------+-----------+-----------------+


1.2 Power Supply Summary
------------------------

+-----------+-------------+-----------+-------------+------------+
| Source    | Voltage (V) | Total (A) | Dynamic (A) | Static (A) |
+-----------+-------------+-----------+-------------+------------+
| Vccint    |       1.000 |     8.180 |       7.009 |      1.171 |
| Vccaux    |       1.800 |     1.824 |       1.624 |      0.200 |
| Vcco33    |       3.300 |    12.550 |      12.545 |      0.005 |
| Vcco25    |       2.500 |     0.000 |       0.000 |      0.000 |
| Vcco18    |       1.800 |     0.000 |       0.000 |      0.000 |
| Vcco15    |       1.500 |     0.000 |       0.000 |      0.000 |
| Vcco135   |       1.350 |     0.000 |       0.000 |      0.000 |
| Vcco12    |       1.200 |     0.000 |       0.000 |      0.000 |
| Vccaux_io |       1.800 |     0.000 |       0.000 |      0.000 |
| Vccbram   |       1.000 |     0.057 |       0.010 |      0.047 |
| MGTAVcc   |       1.000 |     0.000 |       0.000 |      0.000 |
| MGTAVtt   |       1.200 |     0.000 |       0.000 |      0.000 |
| Vccadc    |       1.800 |     0.020 |       0.000 |      0.020 |
+-----------+-------------+-----------+-------------+------------+


1.3 Confidence Level
--------------------

+-----------------------------+------------+--------------------------------------------------------+--------------------------------------------------------------------------------------------------------------------+
| User Input Data             | Confidence | Details                                                | Action                                                                                                             |
+-----------------------------+------------+--------------------------------------------------------+--------------------------------------------------------------------------------------------------------------------+
| Design implementation state | High       | Design is routed                                       |                                                                                                                    |
| Clock nodes activity        | Low        | User specified less than 75% of clocks                 | Provide missing clock activity with a constraint file, simulation results or by editing the "By Clock Domain" view |
| I/O nodes activity          | Low        | More than 75% of inputs are missing user specification | Provide missing input activity with simulation results or by editing the "By Resource Type -> I/Os" view           |
| Internal nodes activity     | Medium     | User specified less than 25% of internal nodes         | Provide missing internal nodes activity with simulation results or by editing the "By Resource Type" views         |
| Device models               | High       | Device models are Production                           |                                                                                                                    |
|                             |            |                                                        |                                                                                                                    |
| Overall confidence level    | Low        |                                                        |                                                                                                                    |
+-----------------------------+------------+--------------------------------------------------------+--------------------------------------------------------------------------------------------------------------------+


2. Settings
-----------

2.1 Environment
---------------

+-----------------------+--------------------------+
| Ambient Temp (C)      | 25.0                     |
| ThetaJA (C/W)         | 1.9                      |
| Airflow (LFM)         | 250                      |
| Heat Sink             | medium (Medium Profile)  |
| ThetaSA (C/W)         | 3.4                      |
| Board Selection       | medium (10"x10")         |
| # of Board Layers     | 12to15 (12 to 15 Layers) |
| Board Temperature (C) | 25.0                     |
+-----------------------+--------------------------+


2.2 Clock Constraints
---------------------

+-------+--------+-----------------+
| Clock | Domain | Constraint (ns) |
+-------+--------+-----------------+


3. Detailed Reports
-------------------

3.1 By Hierarchy
----------------

+----------------------------+-----------+
| Name                       | Power (W) |
+----------------------------+-----------+
| pc_display                 |    51.343 |
|   lcd_module               |    46.885 |
|     lcd_draw_module        |     0.596 |
|     lcd_init_module        |     0.641 |
|     lcd_rom_module         |     0.420 |
|       U0                   |     0.420 |
|     touch_module           |     0.266 |
|       sda_io               |     0.036 |
|   uut_pc                   |     4.133 |
|     uut_irom               |     0.059 |
|       U0                   |     0.059 |
|     uut_regfile            |     3.912 |
|       rf_reg_r1_0_31_0_5   |     0.077 |
|       rf_reg_r1_0_31_12_17 |     0.089 |
|       rf_reg_r1_0_31_18_23 |     0.090 |
|       rf_reg_r1_0_31_24_29 |     0.082 |
|       rf_reg_r1_0_31_30_31 |     0.022 |
|       rf_reg_r1_0_31_6_11  |     0.087 |
|       rf_reg_r2_0_31_0_5   |     0.072 |
|       rf_reg_r2_0_31_12_17 |     0.078 |
|       rf_reg_r2_0_31_18_23 |     0.075 |
|       rf_reg_r2_0_31_24_29 |     0.072 |
|       rf_reg_r2_0_31_30_31 |     0.024 |
|       rf_reg_r2_0_31_6_11  |     0.070 |
|       rf_reg_r3_0_31_0_5   |     0.067 |
|       rf_reg_r3_0_31_12_17 |     0.069 |
|       rf_reg_r3_0_31_18_23 |     0.070 |
|       rf_reg_r3_0_31_24_29 |     0.066 |
|       rf_reg_r3_0_31_30_31 |     0.022 |
|       rf_reg_r3_0_31_6_11  |     0.067 |
+----------------------------+-----------+


