Copyright 1986-2019 Xilinx, Inc. All Rights Reserved.
--------------------------------------------------------------------------------------------
| Tool Version : Vivado v.2019.2 (win64) Build 2708876 Wed Nov  6 21:40:23 MST 2019
| Date         : Sat Apr 19 21:02:02 2025
| Host         : LAPTOP-6OFK5A0R running 64-bit major release  (build 9200)
| Command      : report_control_sets -verbose -file regfile_display_control_sets_placed.rpt
| Design       : regfile_display
| Device       : xc7a200t
--------------------------------------------------------------------------------------------

Control Set Information

Table of Contents
-----------------
1. Summary
2. Histogram
3. Flip-Flop Distribution
4. Detailed Control Set Information

1. Summary
----------

+----------------------------------------------------------+-------+
|                          Status                          | Count |
+----------------------------------------------------------+-------+
| Total control sets                                       |    59 |
|    Minimum number of control sets                        |    59 |
|    Addition due to synthesis replication                 |     0 |
|    Addition due to physical synthesis replication        |     0 |
| Unused register locations in slices containing registers |    90 |
+----------------------------------------------------------+-------+
* Control sets can be merged at opt_design using control_set_merge or merge_equivalent_drivers
** Run report_qor_suggestions for automated merging and remapping suggestions


2. Histogram
------------

+--------------------+-------+
|       Fanout       | Count |
+--------------------+-------+
| Total control sets |    59 |
| >= 0 to < 4        |     1 |
| >= 4 to < 6        |     7 |
| >= 6 to < 8        |     4 |
| >= 8 to < 10       |     5 |
| >= 10 to < 12      |     3 |
| >= 12 to < 14      |     0 |
| >= 14 to < 16      |     0 |
| >= 16              |    39 |
+--------------------+-------+
* Control sets can be remapped at either synth_design or opt_design


3. Flip-Flop Distribution
-------------------------

+--------------+-----------------------+------------------------+-----------------+--------------+
| Clock Enable | Synchronous Set/Reset | Asynchronous Set/Reset | Total Registers | Total Slices |
+--------------+-----------------------+------------------------+-----------------+--------------+
| No           | No                    | No                     |             135 |           77 |
| No           | No                    | Yes                    |               0 |            0 |
| No           | Yes                   | No                     |              77 |           32 |
| Yes          | No                    | No                     |            1042 |          812 |
| Yes          | No                    | Yes                    |               0 |            0 |
| Yes          | Yes                   | No                     |             168 |           55 |
+--------------+-----------------------+------------------------+-----------------+--------------+


4. Detailed Control Set Information
-----------------------------------

+------------------------+-------------------------------------------------------+-------------------------------------------------------+------------------+----------------+
|      Clock Signal      |                     Enable Signal                     |                    Set/Reset Signal                   | Slice Load Count | Bel Load Count |
+------------------------+-------------------------------------------------------+-------------------------------------------------------+------------------+----------------+
|  lcd_module/clk_2_BUFG |                                                       | lcd_module/lcd_draw_module/draw_block_number1         |                1 |              1 |
|  clk_IBUF_BUFG         | lcd_module/touch_module/input_value[3]_i_1_n_0        | lcd_module/touch_module/input_value[31]_i_1_n_0       |                2 |              4 |
|  lcd_module/clk_2_BUFG | lcd_module/lcd_draw_module/set_xy_valid_reg_n_0       | lcd_module/lcd_draw_module/draw_block_number1         |                1 |              4 |
|  clk_IBUF_BUFG         | waddr[4]_i_1_n_0                                      | p_0_in                                                |                3 |              5 |
|  lcd_module/clk_2_BUFG |                                                       | lcd_module/lcd_draw_module/display_count_y[4]_i_1_n_0 |                1 |              5 |
|  lcd_module/clk_2_BUFG | lcd_module/lcd_draw_module/draw_wr_valid0             | lcd_module/lcd_draw_module/draw_data[4]_i_1_n_0       |                3 |              5 |
|  lcd_module/clk_2_BUFG | lcd_module/lcd_init_module/display_x_h[4]_i_1_n_0     | lcd_module/lcd_init_module/init_display_begin0        |                3 |              5 |
|  lcd_module/clk_2_BUFG | lcd_module/lcd_init_module/init_display_begin_reg_n_0 | lcd_module/lcd_init_module/init_display_begin0        |                4 |              5 |
|  clk_IBUF_BUFG         |                                                       | lcd_module/touch_module/clk_count0                    |                2 |              6 |
|  lcd_module/clk_2_BUFG | lcd_module/lcd_draw_module/draw_block_end             | lcd_module/lcd_draw_module/draw_block_number0         |                3 |              6 |
|  clk_IBUF_BUFG         | raddr1[4]_i_2_n_0                                     | p_0_in                                                |                1 |              7 |
|  clk_IBUF_BUFG         | raddr2[4]_i_1_n_0                                     | p_0_in                                                |                1 |              7 |
|  clk_IBUF_BUFG         |                                                       | p_1_in                                                |                5 |              8 |
|  clk_IBUF_BUFG         | lcd_module/touch_module/send_byte[0]_i_1_n_0          |                                                       |                2 |              8 |
|  lcd_module/clk_2_BUFG | lcd_module/lcd_draw_module/display_count_x[7]_i_2_n_0 | lcd_module/lcd_draw_module/display_count_x[7]_i_1_n_0 |                3 |              8 |
|  lcd_module/clk_2_BUFG |                                                       | lcd_module/lcd_draw_module/td_count_y0                |                6 |              9 |
|  lcd_module/clk_2_BUFG | lcd_module/lcd_draw_module/td_count_x[8]_i_2_n_0      | lcd_module/lcd_draw_module/td_count_x[8]_i_1_n_0      |                4 |              9 |
|  lcd_module/clk_2_BUFG | lcd_module/lcd_draw_module/draw_wr_valid0             |                                                       |                3 |             10 |
|  lcd_module/clk_2_BUFG | lcd_module/lcd_init_module/display_y0                 | lcd_module/lcd_init_module/init_display_begin0        |                5 |             10 |
|  lcd_module/clk_2_BUFG | lcd_module/lcd_init_module/sel                        | lcd_module/lcd_init_module/init_rom_pc0               |                4 |             11 |
|  lcd_module/clk_2_BUFG |                                                       |                                                       |               10 |             18 |
|  clk_IBUF_BUFG         |                                                       | lcd_module/touch_module/rst_count0                    |                6 |             22 |
|  clk_IBUF_BUFG         | raddr3[4]_i_1_n_0                                     | p_0_in                                                |                6 |             22 |
|  clk_IBUF_BUFG         |                                                       | lcd_module/touch_module/int_o_en_reg_0                |               11 |             26 |
|  clk_IBUF_BUFG         | lcd_module/touch_module/input_value[31]_i_2_n_0       | lcd_module/touch_module/input_value[31]_i_1_n_0       |                4 |             28 |
|  clk_IBUF_BUFG         | rf_module/rf[17][31]_i_1_n_0                          |                                                       |               26 |             32 |
|  clk_IBUF_BUFG         | rf_module/rf[18][31]_i_1_n_0                          |                                                       |               23 |             32 |
|  clk_IBUF_BUFG         | rf_module/rf[1][31]_i_1_n_0                           |                                                       |               16 |             32 |
|  clk_IBUF_BUFG         | rf_module/rf[19][31]_i_1_n_0                          |                                                       |               24 |             32 |
|  clk_IBUF_BUFG         | rf_module/uut/waddr_reg[4]_5[0]                       |                                                       |               31 |             32 |
|  clk_IBUF_BUFG         | rf_module/rf[21][31]_i_1_n_0                          |                                                       |               29 |             32 |
|  clk_IBUF_BUFG         | rf_module/uut/waddr_reg[4]_0[0]                       |                                                       |               25 |             32 |
|  clk_IBUF_BUFG         | rf_module/uut/waddr_reg[4][0]                         |                                                       |               23 |             32 |
|  clk_IBUF_BUFG         | wdata[31]_i_1_n_0                                     | p_0_in                                                |                8 |             32 |
|  clk_IBUF_BUFG         | rf_module/uut/E[0]                                    |                                                       |               27 |             32 |
|  clk_IBUF_BUFG         | rf_module/rf[3][31]_i_1_n_0                           |                                                       |               21 |             32 |
|  clk_IBUF_BUFG         | rf_module/rf[4][31]_i_1_n_0                           |                                                       |               23 |             32 |
|  clk_IBUF_BUFG         | rf_module/rf[5][31]_i_1_n_0                           |                                                       |               26 |             32 |
|  clk_IBUF_BUFG         | rf_module/rf[6][31]_i_1_n_0                           |                                                       |               27 |             32 |
|  clk_IBUF_BUFG         | rf_module/rf[7][31]_i_1_n_0                           |                                                       |               22 |             32 |
|  clk_IBUF_BUFG         | rf_module/rf[9][31]_i_1_n_0                           |                                                       |               26 |             32 |
|  clk_IBUF_BUFG         | rf_module/uut/waddr_reg[4]_8[0]                       |                                                       |               26 |             32 |
|  clk_IBUF_BUFG         | rf_module/uut/waddr_reg[4]_10[0]                      |                                                       |               25 |             32 |
|  clk_IBUF_BUFG         | rf_module/uut/waddr_reg[4]_3[0]                       |                                                       |               24 |             32 |
|  clk_IBUF_BUFG         | rf_module/uut/waddr_reg[4]_7[0]                       |                                                       |               24 |             32 |
|  clk_IBUF_BUFG         | rf_module/uut/waddr_reg[4]_9[0]                       |                                                       |               23 |             32 |
|  clk_IBUF_BUFG         | rf_module/uut/waddr_reg[4]_4[0]                       |                                                       |               23 |             32 |
|  clk_IBUF_BUFG         | rf_module/uut/waddr_reg[4]_2[0]                       |                                                       |               28 |             32 |
|  clk_IBUF_BUFG         | rf_module/uut/waddr_reg[4]_6[0]                       |                                                       |               26 |             32 |
|  clk_IBUF_BUFG         | rf_module/uut/waddr_reg[4]_1[0]                       |                                                       |               29 |             32 |
|  clk_IBUF_BUFG         | rf_module/rf[20][31]_i_1_n_0                          |                                                       |               25 |             32 |
|  clk_IBUF_BUFG         | rf_module/rf[22][31]_i_1_n_0                          |                                                       |               29 |             32 |
|  clk_IBUF_BUFG         | rf_module/rf[23][31]_i_1_n_0                          |                                                       |               28 |             32 |
|  clk_IBUF_BUFG         | rf_module/rf[2][31]_i_1_n_0                           |                                                       |               21 |             32 |
|  clk_IBUF_BUFG         | rf_module/rf[0][31]_i_1_n_0                           |                                                       |               32 |             32 |
|  clk_IBUF_BUFG         | rf_module/rf[15][31]_i_1_n_0                          |                                                       |               28 |             32 |
|  clk_IBUF_BUFG         | rf_module/rf[14][31]_i_1_n_0                          |                                                       |               21 |             32 |
|  clk_IBUF_BUFG         | rf_module/rf[16][31]_i_1_n_0                          |                                                       |               26 |             32 |
|  clk_IBUF_BUFG         |                                                       |                                                       |               67 |            117 |
+------------------------+-------------------------------------------------------+-------------------------------------------------------+------------------+----------------+


