#-----------------------------------------------------------
# Vivado v2019.2 (64-bit)
# SW Build 2708876 on Wed Nov  6 21:40:23 MST 2019
# IP Build 2700528 on Thu Nov  7 00:09:20 MST 2019
# Start of session at: Thu Apr 10 13:26:18 2025
# Process ID: 16480
# Current directory: D:/compute_lab/lab2_2_2
# Command line: vivado.exe -gui_launcher_event rodinguilauncherevent8432 D:\compute_lab\lab2_2_2\lab2_1_1.xpr
# Log file: D:/compute_lab/lab2_2_2/vivado.log
# Journal file: D:/compute_lab/lab2_2_2\vivado.jou
#-----------------------------------------------------------
start_gui
open_project D:/compute_lab/lab2_2_2/lab2_1_1.xpr
Scanning sources...
Finished scanning sources
INFO: [IP_Flow 19-234] Refreshing IP repositories
INFO: [IP_Flow 19-1704] No user IP repositories specified
INFO: [IP_Flow 19-2313] Loaded Vivado IP repository 'D:/developp/Vivado/2019.2/data/ip'.
open_project: Time (s): cpu = 00:00:38 ; elapsed = 00:00:13 . Memory (MB): peak = 829.230 ; gain = 141.051
update_compile_order -fileset sources_1
exit
INFO: [Common 17-206] Exiting Vivado at Thu Apr 10 18:02:12 2025...
