#-----------------------------------------------------------
# Vivado v2019.2 (64-bit)
# SW Build 2708876 on Wed Nov  6 21:40:23 MST 2019
# IP Build 2700528 on Thu Nov  7 00:09:20 MST 2019
# Start of session at: Fri Apr  4 22:58:56 2025
# Process ID: 20824
# Current directory: D:/compute_lab/lab2_2
# Command line: vivado.exe -gui_launcher_event rodinguilauncherevent14848 D:\compute_lab\lab2_2\lab2_3.xpr
# Log file: D:/compute_lab/lab2_2/vivado.log
# Journal file: D:/compute_lab/lab2_2\vivado.jou
#-----------------------------------------------------------
start_gui
open_project D:/compute_lab/lab2_2/lab2_3.xpr
Scanning sources...
Finished scanning sources
INFO: [IP_Flow 19-234] Refreshing IP repositories
INFO: [IP_Flow 19-1704] No user IP repositories specified
INFO: [IP_Flow 19-2313] Loaded Vivado IP repository 'D:/developp/Vivado/2019.2/data/ip'.
update_compile_order -fileset sources_1
exit
INFO: [Common 17-206] Exiting Vivado at Fri Apr  4 23:13:58 2025...
