#-----------------------------------------------------------
# Vivado v2019.2 (64-bit)
# SW Build 2708876 on Wed Nov  6 21:40:23 MST 2019
# IP Build 2700528 on Thu Nov  7 00:09:20 MST 2019
# Start of session at: Tue Apr  1 16:02:08 2025
# Process ID: 21108
# Current directory: D:/compute_lab/lab1_2
# Command line: vivado.exe -gui_launcher_event rodinguilauncherevent13960 D:\compute_lab\lab1_2\lab1_2.xpr
# Log file: D:/compute_lab/lab1_2/vivado.log
# Journal file: D:/compute_lab/lab1_2\vivado.jou
#-----------------------------------------------------------
start_gui
open_project D:/compute_lab/lab1_2/lab1_2.xpr
Scanning sources...
Finished scanning sources
INFO: [IP_Flow 19-234] Refreshing IP repositories
INFO: [IP_Flow 19-1704] No user IP repositories specified
INFO: [IP_Flow 19-2313] Loaded Vivado IP repository 'D:/developp/Vivado/2019.2/data/ip'.
open_project: Time (s): cpu = 00:00:40 ; elapsed = 00:00:15 . Memory (MB): peak = 832.660 ; gain = 114.801
update_compile_order -fileset sources_1
exit
INFO: [Common 17-206] Exiting Vivado at Tue Apr  1 19:36:00 2025...
