#-----------------------------------------------------------
# Vivado v2019.2 (64-bit)
# SW Build 2708876 on Wed Nov  6 21:40:23 MST 2019
# IP Build 2700528 on Thu Nov  7 00:09:20 MST 2019
# Start of session at: Fri Apr  4 22:52:05 2025
# Process ID: 23508
# Current directory: D:/compute_lab/lab2_1_1
# Command line: vivado.exe -gui_launcher_event rodinguilauncherevent31780 D:\compute_lab\lab2_1_1\lab2_1_1.xpr
# Log file: D:/compute_lab/lab2_1_1/vivado.log
# Journal file: D:/compute_lab/lab2_1_1\vivado.jou
#-----------------------------------------------------------
start_gui
open_project D:/compute_lab/lab2_1_1/lab2_1_1.xpr
Scanning sources...
Finished scanning sources
INFO: [IP_Flow 19-234] Refreshing IP repositories
INFO: [IP_Flow 19-1704] No user IP repositories specified
INFO: [IP_Flow 19-2313] Loaded Vivado IP repository 'D:/developp/Vivado/2019.2/data/ip'.
open_project: Time (s): cpu = 00:00:45 ; elapsed = 00:00:17 . Memory (MB): peak = 919.824 ; gain = 5.430
update_compile_order -fileset sources_1
reset_run impl_1 -prev_step 
launch_runs impl_1 -to_step write_bitstream -jobs 8
WARNING: [Vivado 12-872] Run step 'Design Initialization' is out-of-date.
[Fri Apr  4 22:55:45 2025] Launched impl_1...
Run output will be captured here: D:/compute_lab/lab2_1_1/lab2_1_1.runs/impl_1/runme.log
open_hw_manager
INFO: [Labtools 27-2285] Connecting to hw_server url TCP:localhost:3121
INFO: [Labtools 27-2222] Launching hw_server...
INFO: [Labtools 27-2221] Launch Output:

****** Xilinx hw_server v2019.2
  **** Build date : Nov  6 2019 at 22:12:23
    ** Copyright 1986-2019 Xilinx, Inc. All Rights Reserved.


INFO: [Labtools 27-3415] Connecting to cs_server url TCP:localhost:3042
INFO: [Labtools 27-3417] Launching cs_server...
INFO: [Labtools 27-2221] Launch Output:


****** Xilinx cs_server v2019.2.0
  **** Build date : Nov 07 2019-13:28:22
    ** Copyright 2017-2019 Xilinx, Inc. All Rights Reserved.



connect_hw_server: Time (s): cpu = 00:00:00 ; elapsed = 00:00:09 . Memory (MB): peak = 938.340 ; gain = 0.000
connect_hw_server -url localhost:3121 -allow_non_jtag
INFO: [Labtools 27-2285] Connecting to hw_server url TCP:localhost:3121
INFO: [Labtools 27-3415] Connecting to cs_server url TCP:localhost:3042
INFO: [Labtools 27-3414] Connected to existing cs_server.
current_hw_target [get_hw_targets */xilinx_tcf/Digilent/210251A08870]
set_property PARAM.FREQUENCY 15000000 [get_hw_targets */xilinx_tcf/Digilent/210251A08870]
open_hw_target
INFO: [Labtoolstcl 44-466] Opening hw_target localhost:3121/xilinx_tcf/Digilent/210251A08870
current_hw_device [get_hw_devices xc7a200t_0]
refresh_hw_device -update_hw_probes false [lindex [get_hw_devices xc7a200t_0] 0]
INFO: [Labtools 27-1434] Device xc7a200t (JTAG device index = 0) is programmed with a design that has no supported debug core(s) in it.
close_hw_manager
exit
INFO: [Common 17-206] Exiting Vivado at Fri Apr  4 22:56:58 2025...
