
*** Running vivado
    with args -log pc_display.vds -m64 -product Vivado -mode batch -messageDb vivado.pb -notrace -source pc_display.tcl


****** Vivado v2019.2 (64-bit)
  **** SW Build 2708876 on Wed Nov  6 21:40:23 MST 2019
  **** IP Build 2700528 on Thu Nov  7 00:09:20 MST 2019
    ** Copyright 1986-2019 Xilinx, Inc. All Rights Reserved.

source pc_display.tcl -notrace
Command: synth_design -top pc_display -part xc7a200tfbg676-1
Starting synth_design
Attempting to get a license for feature 'Synthesis' and/or device 'xc7a200t'
INFO: [Common 17-349] Got license for feature 'Synthesis' and/or device 'xc7a200t'
INFO: [Device 21-403] Loading part xc7a200tfbg676-1
INFO: Launching helper process for spawning children vivado processes
INFO: Helper process launched with PID 1632 
---------------------------------------------------------------------------------
Starting RTL Elaboration : Time (s): cpu = 00:00:02 ; elapsed = 00:00:02 . Memory (MB): peak = 898.043 ; gain = 234.684
---------------------------------------------------------------------------------
INFO: [Synth 8-6157] synthesizing module 'pc_display' [D:/compute_lab/lab3_3/pc/pc.srcs/sources_1/new/pc_display.v:3]
INFO: [Synth 8-6157] synthesizing module 'pc' [D:/compute_lab/lab3_3/pc/pc.srcs/sources_1/new/pc.v:1]
INFO: [Synth 8-6157] synthesizing module 'inst_rom' [D:/compute_lab/lab3_3/pc/pc.runs/synth_1/.Xil/Vivado-22828-LAPTOP-6OFK5A0R/realtime/inst_rom_stub.v:6]
INFO: [Synth 8-6155] done synthesizing module 'inst_rom' (1#1) [D:/compute_lab/lab3_3/pc/pc.runs/synth_1/.Xil/Vivado-22828-LAPTOP-6OFK5A0R/realtime/inst_rom_stub.v:6]
WARNING: [Synth 8-689] width (32) of port connection 'a' does not match port width (16) of module 'inst_rom' [D:/compute_lab/lab3_3/pc/pc.srcs/sources_1/new/pc.v:25]
INFO: [Synth 8-6155] done synthesizing module 'pc' (2#1) [D:/compute_lab/lab3_3/pc/pc.srcs/sources_1/new/pc.v:1]
INFO: [Synth 8-6157] synthesizing module 'lcd_module' [D:/compute_lab/lab3_3/pc/pc.runs/synth_1/.Xil/Vivado-22828-LAPTOP-6OFK5A0R/realtime/lcd_module_stub.v:6]
INFO: [Synth 8-6155] done synthesizing module 'lcd_module' (3#1) [D:/compute_lab/lab3_3/pc/pc.runs/synth_1/.Xil/Vivado-22828-LAPTOP-6OFK5A0R/realtime/lcd_module_stub.v:6]
INFO: [Synth 8-6155] done synthesizing module 'pc_display' (4#1) [D:/compute_lab/lab3_3/pc/pc.srcs/sources_1/new/pc_display.v:3]
---------------------------------------------------------------------------------
Finished RTL Elaboration : Time (s): cpu = 00:00:03 ; elapsed = 00:00:03 . Memory (MB): peak = 971.371 ; gain = 308.012
---------------------------------------------------------------------------------

Report Check Netlist: 
+------+------------------+-------+---------+-------+------------------+
|      |Item              |Errors |Warnings |Status |Description       |
+------+------------------+-------+---------+-------+------------------+
|1     |multi_driven_nets |      0|        0|Passed |Multi driven nets |
+------+------------------+-------+---------+-------+------------------+
---------------------------------------------------------------------------------
Start Handling Custom Attributes
---------------------------------------------------------------------------------
---------------------------------------------------------------------------------
Finished Handling Custom Attributes : Time (s): cpu = 00:00:03 ; elapsed = 00:00:03 . Memory (MB): peak = 971.371 ; gain = 308.012
---------------------------------------------------------------------------------
---------------------------------------------------------------------------------
Finished RTL Optimization Phase 1 : Time (s): cpu = 00:00:03 ; elapsed = 00:00:03 . Memory (MB): peak = 971.371 ; gain = 308.012
---------------------------------------------------------------------------------
Netlist sorting complete. Time (s): cpu = 00:00:00 ; elapsed = 00:00:00.005 . Memory (MB): peak = 971.371 ; gain = 0.000
INFO: [Project 1-570] Preparing netlist for logic optimization

Processing XDC Constraints
Initializing timing engine
Parsing XDC File [d:/compute_lab/lab3_3/pc/pc.srcs/sources_1/ip/inst_rom/inst_rom/inst_rom_in_context.xdc] for cell 'uut_pc/u0_irom'
Finished Parsing XDC File [d:/compute_lab/lab3_3/pc/pc.srcs/sources_1/ip/inst_rom/inst_rom/inst_rom_in_context.xdc] for cell 'uut_pc/u0_irom'
Parsing XDC File [D:/compute_lab/lab3_3/pc/pc.srcs/constrs_1/new/lab3_3.xdc]
WARNING: [Vivado 12-507] No nets matched 'clkk_IBUF'. [D:/compute_lab/lab3_3/pc/pc.srcs/constrs_1/new/lab3_3.xdc:57]
Finished Parsing XDC File [D:/compute_lab/lab3_3/pc/pc.srcs/constrs_1/new/lab3_3.xdc]
WARNING: [Project 1-498] One or more constraints failed evaluation while reading constraint file [D:/compute_lab/lab3_3/pc/pc.srcs/constrs_1/new/lab3_3.xdc] and the design contains unresolved black boxes. These constraints will be read post-synthesis (as long as their source constraint file is marked as used_in_implementation) and should be applied correctly then. You should review the constraints listed in the file [.Xil/pc_display_propImpl.xdc] and check the run log file to verify that these constraints were correctly applied.
INFO: [Project 1-236] Implementation specific constraints were found while reading constraint file [D:/compute_lab/lab3_3/pc/pc.srcs/constrs_1/new/lab3_3.xdc]. These constraints will be ignored for synthesis but will be used in implementation. Impacted constraints are listed in the file [.Xil/pc_display_propImpl.xdc].
Resolution: To avoid this warning, move constraints listed in [.Xil/pc_display_propImpl.xdc] to another XDC file and exclude this new file from synthesis with the used_in_synthesis property (File Properties dialog in GUI) and re-run elaboration/synthesis.
Completed Processing XDC Constraints

Netlist sorting complete. Time (s): cpu = 00:00:00 ; elapsed = 00:00:00 . Memory (MB): peak = 1055.570 ; gain = 0.000
INFO: [Project 1-111] Unisim Transformation Summary:
No Unisim elements were transformed.

Constraint Validation Runtime : Time (s): cpu = 00:00:00 ; elapsed = 00:00:00.001 . Memory (MB): peak = 1055.570 ; gain = 0.000
---------------------------------------------------------------------------------
Finished Constraint Validation : Time (s): cpu = 00:00:07 ; elapsed = 00:00:07 . Memory (MB): peak = 1055.570 ; gain = 392.211
---------------------------------------------------------------------------------
---------------------------------------------------------------------------------
Start Loading Part and Timing Information
---------------------------------------------------------------------------------
Loading part: xc7a200tfbg676-1
---------------------------------------------------------------------------------
Finished Loading Part and Timing Information : Time (s): cpu = 00:00:07 ; elapsed = 00:00:07 . Memory (MB): peak = 1055.570 ; gain = 392.211
---------------------------------------------------------------------------------
---------------------------------------------------------------------------------
Start Applying 'set_property' XDC Constraints
---------------------------------------------------------------------------------
Applied set_property DONT_TOUCH = true for uut_pc/u0_irom. (constraint file  auto generated constraint, line ).
---------------------------------------------------------------------------------
Finished applying 'set_property' XDC Constraints : Time (s): cpu = 00:00:07 ; elapsed = 00:00:07 . Memory (MB): peak = 1055.570 ; gain = 392.211
---------------------------------------------------------------------------------
INFO: [Synth 8-5546] ROM "display_name" won't be mapped to RAM because it is too sparse
---------------------------------------------------------------------------------
Finished RTL Optimization Phase 2 : Time (s): cpu = 00:00:07 ; elapsed = 00:00:07 . Memory (MB): peak = 1055.570 ; gain = 392.211
---------------------------------------------------------------------------------

Report RTL Partitions: 
+-+--------------+------------+----------+
| |RTL Partition |Replication |Instances |
+-+--------------+------------+----------+
+-+--------------+------------+----------+
---------------------------------------------------------------------------------
Start RTL Component Statistics 
---------------------------------------------------------------------------------
Detailed RTL Component Info : 
+---Registers : 
	               40 Bit    Registers := 1     
	               32 Bit    Registers := 1     
	                1 Bit    Registers := 1     
+---Muxes : 
	   2 Input     39 Bit        Muxes := 1     
	   5 Input     39 Bit        Muxes := 1     
	   2 Input     32 Bit        Muxes := 1     
	   2 Input      1 Bit        Muxes := 1     
	   5 Input      1 Bit        Muxes := 1     
---------------------------------------------------------------------------------
Finished RTL Component Statistics 
---------------------------------------------------------------------------------
---------------------------------------------------------------------------------
Start RTL Hierarchical Component Statistics 
---------------------------------------------------------------------------------
Hierarchical RTL Component report 
Module pc_display 
Detailed RTL Component Info : 
+---Registers : 
	               40 Bit    Registers := 1     
	               32 Bit    Registers := 1     
	                1 Bit    Registers := 1     
+---Muxes : 
	   2 Input     39 Bit        Muxes := 1     
	   5 Input     39 Bit        Muxes := 1     
	   2 Input     32 Bit        Muxes := 1     
	   2 Input      1 Bit        Muxes := 1     
	   5 Input      1 Bit        Muxes := 1     
---------------------------------------------------------------------------------
Finished RTL Hierarchical Component Statistics
---------------------------------------------------------------------------------
---------------------------------------------------------------------------------
Start Part Resource Summary
---------------------------------------------------------------------------------
Part Resources:
DSPs: 740 (col length:100)
BRAMs: 730 (col length: RAMB18 100 RAMB36 50)
---------------------------------------------------------------------------------
Finished Part Resource Summary
---------------------------------------------------------------------------------
---------------------------------------------------------------------------------
Start Cross Boundary and Area Optimization
---------------------------------------------------------------------------------
Warning: Parallel synthesis criteria is not met 
INFO: [Synth 8-3333] propagating constant 0 across sequential element (i_3/\uut_pc/pc_reg[1] )
INFO: [Synth 8-3886] merging instance 'display_name_reg[0]' (FD) to 'display_name_reg[38]'
INFO: [Synth 8-3886] merging instance 'display_name_reg[2]' (FD) to 'display_name_reg[25]'
INFO: [Synth 8-3886] merging instance 'display_name_reg[3]' (FD) to 'display_name_reg[37]'
INFO: [Synth 8-3886] merging instance 'display_name_reg[4]' (FD) to 'display_name_reg[24]'
INFO: [Synth 8-3886] merging instance 'display_name_reg[5]' (FD) to 'display_name_reg[37]'
INFO: [Synth 8-3886] merging instance 'display_name_reg[6]' (FD) to 'display_name_reg[14]'
INFO: [Synth 8-3886] merging instance 'display_name_reg[7]' (FD) to 'display_name_reg[37]'
INFO: [Synth 8-3886] merging instance 'display_name_reg[8]' (FD) to 'display_name_reg[9]'
INFO: [Synth 8-3886] merging instance 'display_name_reg[9]' (FD) to 'display_name_reg[17]'
INFO: [Synth 8-3886] merging instance 'display_name_reg[11]' (FD) to 'display_name_reg[37]'
INFO: [Synth 8-3886] merging instance 'display_name_reg[12]' (FD) to 'display_name_reg[26]'
INFO: [Synth 8-3886] merging instance 'display_name_reg[13]' (FD) to 'display_name_reg[37]'
INFO: [Synth 8-3886] merging instance 'display_name_reg[14]' (FD) to 'display_name_reg[22]'
INFO: [Synth 8-3886] merging instance 'display_name_reg[15]' (FD) to 'display_name_reg[37]'
INFO: [Synth 8-3886] merging instance 'display_name_reg[16]' (FD) to 'display_name_reg[36]'
INFO: [Synth 8-3886] merging instance 'display_name_reg[19]' (FD) to 'display_name_reg[37]'
INFO: [Synth 8-3886] merging instance 'display_name_reg[20]' (FD) to 'display_name_reg[37]'
INFO: [Synth 8-3886] merging instance 'display_name_reg[21]' (FD) to 'display_name_reg[37]'
INFO: [Synth 8-3886] merging instance 'display_name_reg[22]' (FD) to 'display_name_reg[30]'
INFO: [Synth 8-3886] merging instance 'display_name_reg[23]' (FD) to 'display_name_reg[37]'
INFO: [Synth 8-3886] merging instance 'display_name_reg[25]' (FD) to 'display_name_reg[32]'
INFO: [Synth 8-3886] merging instance 'display_name_reg[26]' (FD) to 'display_name_reg[33]'
INFO: [Synth 8-3886] merging instance 'display_name_reg[27]' (FD) to 'display_name_reg[37]'
INFO: [Synth 8-3886] merging instance 'display_name_reg[29]' (FD) to 'display_name_reg[37]'
INFO: [Synth 8-3886] merging instance 'display_name_reg[31]' (FD) to 'display_name_reg[37]'
INFO: [Synth 8-3886] merging instance 'display_name_reg[32]' (FD) to 'display_name_reg[34]'
INFO: [Synth 8-3886] merging instance 'display_name_reg[34]' (FD) to 'display_name_reg[35]'
INFO: [Synth 8-3333] propagating constant 0 across sequential element (\display_name_reg[37] )
INFO: [Synth 8-3333] propagating constant 0 across sequential element (i_3/\uut_pc/pc_reg[0] )
INFO: [Synth 8-3886] merging instance 'display_name_reg[30]' (FD) to 'display_valid_reg'
---------------------------------------------------------------------------------
Finished Cross Boundary and Area Optimization : Time (s): cpu = 00:00:08 ; elapsed = 00:00:08 . Memory (MB): peak = 1055.570 ; gain = 392.211
---------------------------------------------------------------------------------

Report RTL Partitions: 
+-+--------------+------------+----------+
| |RTL Partition |Replication |Instances |
+-+--------------+------------+----------+
+-+--------------+------------+----------+
---------------------------------------------------------------------------------
Start Applying XDC Timing Constraints
---------------------------------------------------------------------------------
---------------------------------------------------------------------------------
Finished Applying XDC Timing Constraints : Time (s): cpu = 00:00:12 ; elapsed = 00:00:13 . Memory (MB): peak = 1055.570 ; gain = 392.211
---------------------------------------------------------------------------------
---------------------------------------------------------------------------------
Start Timing Optimization
---------------------------------------------------------------------------------
---------------------------------------------------------------------------------
Finished Timing Optimization : Time (s): cpu = 00:00:12 ; elapsed = 00:00:13 . Memory (MB): peak = 1055.570 ; gain = 392.211
---------------------------------------------------------------------------------

Report RTL Partitions: 
+-+--------------+------------+----------+
| |RTL Partition |Replication |Instances |
+-+--------------+------------+----------+
+-+--------------+------------+----------+
---------------------------------------------------------------------------------
Start Technology Mapping
---------------------------------------------------------------------------------
---------------------------------------------------------------------------------
Finished Technology Mapping : Time (s): cpu = 00:00:12 ; elapsed = 00:00:13 . Memory (MB): peak = 1067.965 ; gain = 404.605
---------------------------------------------------------------------------------

Report RTL Partitions: 
+-+--------------+------------+----------+
| |RTL Partition |Replication |Instances |
+-+--------------+------------+----------+
+-+--------------+------------+----------+
---------------------------------------------------------------------------------
Start IO Insertion
---------------------------------------------------------------------------------
---------------------------------------------------------------------------------
Start Flattening Before IO Insertion
---------------------------------------------------------------------------------
---------------------------------------------------------------------------------
Finished Flattening Before IO Insertion
---------------------------------------------------------------------------------
---------------------------------------------------------------------------------
Start Final Netlist Cleanup
---------------------------------------------------------------------------------
---------------------------------------------------------------------------------
Finished Final Netlist Cleanup
---------------------------------------------------------------------------------
---------------------------------------------------------------------------------
Finished IO Insertion : Time (s): cpu = 00:00:14 ; elapsed = 00:00:15 . Memory (MB): peak = 1073.738 ; gain = 410.379
---------------------------------------------------------------------------------
---------------------------------------------------------------------------------
Start Renaming Generated Instances
---------------------------------------------------------------------------------
---------------------------------------------------------------------------------
Finished Renaming Generated Instances : Time (s): cpu = 00:00:14 ; elapsed = 00:00:15 . Memory (MB): peak = 1073.738 ; gain = 410.379
---------------------------------------------------------------------------------

Report RTL Partitions: 
+-+--------------+------------+----------+
| |RTL Partition |Replication |Instances |
+-+--------------+------------+----------+
+-+--------------+------------+----------+

Report Check Netlist: 
+------+------------------+-------+---------+-------+------------------+
|      |Item              |Errors |Warnings |Status |Description       |
+------+------------------+-------+---------+-------+------------------+
|1     |multi_driven_nets |      0|        0|Passed |Multi driven nets |
+------+------------------+-------+---------+-------+------------------+
---------------------------------------------------------------------------------
Start Rebuilding User Hierarchy
---------------------------------------------------------------------------------
---------------------------------------------------------------------------------
Finished Rebuilding User Hierarchy : Time (s): cpu = 00:00:14 ; elapsed = 00:00:15 . Memory (MB): peak = 1073.738 ; gain = 410.379
---------------------------------------------------------------------------------
---------------------------------------------------------------------------------
Start Renaming Generated Ports
---------------------------------------------------------------------------------
---------------------------------------------------------------------------------
Finished Renaming Generated Ports : Time (s): cpu = 00:00:14 ; elapsed = 00:00:15 . Memory (MB): peak = 1073.738 ; gain = 410.379
---------------------------------------------------------------------------------
---------------------------------------------------------------------------------
Start Handling Custom Attributes
---------------------------------------------------------------------------------
---------------------------------------------------------------------------------
Finished Handling Custom Attributes : Time (s): cpu = 00:00:14 ; elapsed = 00:00:15 . Memory (MB): peak = 1073.738 ; gain = 410.379
---------------------------------------------------------------------------------
---------------------------------------------------------------------------------
Start Renaming Generated Nets
---------------------------------------------------------------------------------
---------------------------------------------------------------------------------
Finished Renaming Generated Nets : Time (s): cpu = 00:00:14 ; elapsed = 00:00:15 . Memory (MB): peak = 1073.738 ; gain = 410.379
---------------------------------------------------------------------------------
---------------------------------------------------------------------------------
Start Writing Synthesis Report
---------------------------------------------------------------------------------

Report BlackBoxes: 
+------+--------------+----------+
|      |BlackBox name |Instances |
+------+--------------+----------+
|1     |lcd_module    |         1|
|2     |inst_rom      |         1|
+------+--------------+----------+

Report Cell Usage: 
+------+-----------+------+
|      |Cell       |Count |
+------+-----------+------+
|1     |inst_rom   |     1|
|2     |lcd_module |     1|
|3     |BUFG       |     2|
|4     |CARRY4     |    16|
|5     |LUT1       |     1|
|6     |LUT2       |     2|
|7     |LUT3       |    34|
|8     |LUT5       |     3|
|9     |LUT6       |    69|
|10    |FDCE       |    27|
|11    |FDPE       |     3|
|12    |FDRE       |    71|
|13    |FDSE       |     4|
|14    |IBUF       |     5|
|15    |OBUF       |     8|
+------+-----------+------+

Report Instance Areas: 
+------+---------+-------+------+
|      |Instance |Module |Cells |
+------+---------+-------+------+
|1     |top      |       |   324|
|2     |  uut_pc |pc     |   207|
+------+---------+-------+------+
---------------------------------------------------------------------------------
Finished Writing Synthesis Report : Time (s): cpu = 00:00:14 ; elapsed = 00:00:15 . Memory (MB): peak = 1073.738 ; gain = 410.379
---------------------------------------------------------------------------------
Synthesis finished with 0 errors, 0 critical warnings and 0 warnings.
Synthesis Optimization Runtime : Time (s): cpu = 00:00:10 ; elapsed = 00:00:13 . Memory (MB): peak = 1073.738 ; gain = 326.180
Synthesis Optimization Complete : Time (s): cpu = 00:00:14 ; elapsed = 00:00:15 . Memory (MB): peak = 1073.738 ; gain = 410.379
INFO: [Project 1-571] Translating synthesized netlist
Netlist sorting complete. Time (s): cpu = 00:00:00 ; elapsed = 00:00:00.002 . Memory (MB): peak = 1085.820 ; gain = 0.000
INFO: [Netlist 29-17] Analyzing 16 Unisim elements for replacement
INFO: [Netlist 29-28] Unisim Transformation completed in 0 CPU seconds
INFO: [Project 1-570] Preparing netlist for logic optimization
INFO: [Opt 31-138] Pushed 0 inverter(s) to 0 load pin(s).
Netlist sorting complete. Time (s): cpu = 00:00:00 ; elapsed = 00:00:00 . Memory (MB): peak = 1093.449 ; gain = 0.000
INFO: [Project 1-111] Unisim Transformation Summary:
No Unisim elements were transformed.

INFO: [Common 17-83] Releasing license: Synthesis
52 Infos, 3 Warnings, 0 Critical Warnings and 0 Errors encountered.
synth_design completed successfully
synth_design: Time (s): cpu = 00:00:18 ; elapsed = 00:00:19 . Memory (MB): peak = 1093.449 ; gain = 755.750
Netlist sorting complete. Time (s): cpu = 00:00:00 ; elapsed = 00:00:00 . Memory (MB): peak = 1093.449 ; gain = 0.000
WARNING: [Constraints 18-5210] No constraints selected for write.
Resolution: This message can indicate that there are no constraints for the design, or it can indicate that the used_in flags are set such that the constraints are ignored. This later case is used when running synth_design to not write synthesis constraints to the resulting checkpoint. Instead, project constraints are read when the synthesized design is opened.
INFO: [Common 17-1381] The checkpoint 'D:/compute_lab/lab3_3/pc/pc.runs/synth_1/pc_display.dcp' has been generated.
INFO: [runtcl-4] Executing : report_utilization -file pc_display_utilization_synth.rpt -pb pc_display_utilization_synth.pb
INFO: [Common 17-206] Exiting Vivado at Sun Apr 20 12:21:39 2025...
