INFO: [VRFC 10-2263] Analyzing Verilog file "D:/compute_lab/lab5_2/rtl/xilinx_ip/clk_pll/clk_pll_clk_wiz.v" into library xil_defaultlib
INFO: [VRFC 10-311] analyzing module clk_pll_clk_wiz
INFO: [VRFC 10-2263] Analyzing Verilog file "D:/compute_lab/lab5_2/rtl/xilinx_ip/clk_pll/clk_pll.v" into library xil_defaultlib
INFO: [VRFC 10-311] analyzing module clk_pll
INFO: [VRFC 10-2263] Analyzing Verilog file "D:/compute_lab/lab5_2/rtl/xilinx_ip/inst_ram/sim/inst_ram.v" into library xil_defaultlib
INFO: [VRFC 10-311] analyzing module inst_ram
INFO: [VRFC 10-2263] Analyzing Verilog file "D:/compute_lab/lab5_2/shiyan5.srcs/sources_1/new/adder.v" into library xil_defaultlib
INFO: [VRFC 10-311] analyzing module adder
INFO: [VRFC 10-311] analyzing module add4bit
INFO: [VRFC 10-2263] Analyzing Verilog file "D:/compute_lab/lab5_2/shiyan5.srcs/sources_1/new/alu.v" into library xil_defaultlib
INFO: [VRFC 10-311] analyzing module alu
INFO: [VRFC 10-2263] Analyzing Verilog file "D:/compute_lab/lab5_2/rtl/CONFREG/confreg.v" into library xil_defaultlib
INFO: [VRFC 10-311] analyzing module confreg
INFO: [VRFC 10-2263] Analyzing Verilog file "D:/compute_lab/lab5_2/shiyan5.srcs/sources_1/new/decoder3_8.v" into library xil_defaultlib
INFO: [VRFC 10-311] analyzing module decoder3_8
INFO: [VRFC 10-2263] Analyzing Verilog file "D:/compute_lab/lab5_2/shiyan5.srcs/sources_1/new/faster_adder_32bit.v" into library xil_defaultlib
INFO: [VRFC 10-311] analyzing module fast_adder_32bit
INFO: [VRFC 10-311] analyzing module adder_4bit
INFO: [VRFC 10-2263] Analyzing Verilog file "D:/compute_lab/lab5_2/miniCPU/minicpu_top.v" into library xil_defaultlib
INFO: [VRFC 10-311] analyzing module minicpu_top
INFO: [VRFC 10-2458] undeclared symbol n, assumed default net type wire [D:/compute_lab/lab5_2/miniCPU/minicpu_top.v:30]
INFO: [VRFC 10-2458] undeclared symbol f1, assumed default net type wire [D:/compute_lab/lab5_2/miniCPU/minicpu_top.v:136]
INFO: [VRFC 10-2263] Analyzing Verilog file "D:/compute_lab/lab5_2/miniCPU/regfile.v" into library xil_defaultlib
INFO: [VRFC 10-311] analyzing module regfile
INFO: [VRFC 10-2263] Analyzing Verilog file "D:/compute_lab/lab5_2/rtl/soc_mini_top.v" into library xil_defaultlib
INFO: [VRFC 10-311] analyzing module soc_mini_top
INFO: [VRFC 10-2263] Analyzing Verilog file "D:/compute_lab/lab5_2/miniCPU/tools.v" into library xil_defaultlib
INFO: [VRFC 10-311] analyzing module decoder_2_4
INFO: [VRFC 10-311] analyzing module decoder_4_16
INFO: [VRFC 10-311] analyzing module decoder_5_32
INFO: [VRFC 10-311] analyzing module decoder_6_64
INFO: [VRFC 10-2263] Analyzing Verilog file "D:/compute_lab/lab5_2/mycpu_tb.v" into library xil_defaultlib
INFO: [VRFC 10-311] analyzing module tb_top
