
*** Running vivado
    with args -log pc_display.vds -m64 -product Vivado -mode batch -messageDb vivado.pb -notrace -source pc_display.tcl


****** Vivado v2019.2 (64-bit)
  **** SW Build 2708876 on Wed Nov  6 21:40:23 MST 2019
  **** IP Build 2700528 on Thu Nov  7 00:09:20 MST 2019
    ** Copyright 1986-2019 Xilinx, Inc. All Rights Reserved.

source pc_display.tcl -notrace
Command: synth_design -top pc_display -part xc7a200tfbg676-1
Starting synth_design
Attempting to get a license for feature 'Synthesis' and/or device 'xc7a200t'
INFO: [Common 17-349] Got license for feature 'Synthesis' and/or device 'xc7a200t'
INFO: [Device 21-403] Loading part xc7a200tfbg676-1
INFO: Launching helper process for spawning children vivado processes
INFO: Helper process launched with PID 17636 
---------------------------------------------------------------------------------
Starting RTL Elaboration : Time (s): cpu = 00:00:04 ; elapsed = 00:00:05 . Memory (MB): peak = 898.078 ; gain = 234.098
---------------------------------------------------------------------------------
INFO: [Synth 8-6157] synthesizing module 'pc_display' [D:/compute_lab/lab4_2/pc/pc.srcs/sources_1/new/pc_display.v:3]
INFO: [Synth 8-6157] synthesizing module 'pc' [D:/compute_lab/lab4_2/pc/pc.srcs/sources_1/new/pc.v:1]
INFO: [Synth 8-6157] synthesizing module 'inst_ram' [D:/compute_lab/lab4_2/pc/pc.runs/synth_1/.Xil/Vivado-11936-LAPTOP-6OFK5A0R/realtime/inst_ram_stub.v:6]
INFO: [Synth 8-6155] done synthesizing module 'inst_ram' (1#1) [D:/compute_lab/lab4_2/pc/pc.runs/synth_1/.Xil/Vivado-11936-LAPTOP-6OFK5A0R/realtime/inst_ram_stub.v:6]
WARNING: [Synth 8-689] width (32) of port connection 'a' does not match port width (5) of module 'inst_ram' [D:/compute_lab/lab4_2/pc/pc.srcs/sources_1/new/pc.v:35]
INFO: [Synth 8-6157] synthesizing module 'regfile' [D:/compute_lab/lab4_2/pc/pc.srcs/sources_1/new/regfile.v:1]
INFO: [Synth 8-6155] done synthesizing module 'regfile' (2#1) [D:/compute_lab/lab4_2/pc/pc.srcs/sources_1/new/regfile.v:1]
INFO: [Synth 8-6157] synthesizing module 'fast_adder_32bit' [D:/compute_lab/lab4_2/pc/pc.srcs/sources_1/new/fast_adder_32bit.v:1]
INFO: [Synth 8-6157] synthesizing module 'adder_4bit' [D:/compute_lab/lab4_2/pc/pc.srcs/sources_1/new/adder_4bit.v:1]
INFO: [Synth 8-6155] done synthesizing module 'adder_4bit' (3#1) [D:/compute_lab/lab4_2/pc/pc.srcs/sources_1/new/adder_4bit.v:1]
WARNING: [Synth 8-3848] Net sum in module/entity fast_adder_32bit does not have driver. [D:/compute_lab/lab4_2/pc/pc.srcs/sources_1/new/fast_adder_32bit.v:10]
INFO: [Synth 8-6155] done synthesizing module 'fast_adder_32bit' (4#1) [D:/compute_lab/lab4_2/pc/pc.srcs/sources_1/new/fast_adder_32bit.v:1]
INFO: [Synth 8-6155] done synthesizing module 'pc' (5#1) [D:/compute_lab/lab4_2/pc/pc.srcs/sources_1/new/pc.v:1]
INFO: [Synth 8-6157] synthesizing module 'lcd_module' [D:/compute_lab/lab4_2/pc/pc.runs/synth_1/.Xil/Vivado-11936-LAPTOP-6OFK5A0R/realtime/lcd_module_stub.v:6]
INFO: [Synth 8-6155] done synthesizing module 'lcd_module' (6#1) [D:/compute_lab/lab4_2/pc/pc.runs/synth_1/.Xil/Vivado-11936-LAPTOP-6OFK5A0R/realtime/lcd_module_stub.v:6]
INFO: [Synth 8-6155] done synthesizing module 'pc_display' (7#1) [D:/compute_lab/lab4_2/pc/pc.srcs/sources_1/new/pc_display.v:3]
---------------------------------------------------------------------------------
Finished RTL Elaboration : Time (s): cpu = 00:00:07 ; elapsed = 00:00:07 . Memory (MB): peak = 970.973 ; gain = 306.992
---------------------------------------------------------------------------------

Report Check Netlist: 
+------+------------------+-------+---------+-------+------------------+
|      |Item              |Errors |Warnings |Status |Description       |
+------+------------------+-------+---------+-------+------------------+
|1     |multi_driven_nets |      0|        0|Passed |Multi driven nets |
+------+------------------+-------+---------+-------+------------------+
---------------------------------------------------------------------------------
Start Handling Custom Attributes
---------------------------------------------------------------------------------
---------------------------------------------------------------------------------
Finished Handling Custom Attributes : Time (s): cpu = 00:00:08 ; elapsed = 00:00:09 . Memory (MB): peak = 970.973 ; gain = 306.992
---------------------------------------------------------------------------------
---------------------------------------------------------------------------------
Finished RTL Optimization Phase 1 : Time (s): cpu = 00:00:08 ; elapsed = 00:00:09 . Memory (MB): peak = 970.973 ; gain = 306.992
---------------------------------------------------------------------------------
Netlist sorting complete. Time (s): cpu = 00:00:00 ; elapsed = 00:00:00.016 . Memory (MB): peak = 970.973 ; gain = 0.000
INFO: [Project 1-570] Preparing netlist for logic optimization

Processing XDC Constraints
Initializing timing engine
Parsing XDC File [c:/Users/lenovo/Desktop/minicpu_env/soc_verify/rtl/xilinx_ip/inst_ram/inst_ram/inst_ram_in_context.xdc] for cell 'uut_pc/uut_irom'
Finished Parsing XDC File [c:/Users/lenovo/Desktop/minicpu_env/soc_verify/rtl/xilinx_ip/inst_ram/inst_ram/inst_ram_in_context.xdc] for cell 'uut_pc/uut_irom'
Parsing XDC File [D:/compute_lab/lab4_2/pc/pc.srcs/constrs_1/new/pc.xdc]
WARNING: [Vivado 12-507] No nets matched 'clkk_IBUF'. [D:/compute_lab/lab4_2/pc/pc.srcs/constrs_1/new/pc.xdc:1]
Finished Parsing XDC File [D:/compute_lab/lab4_2/pc/pc.srcs/constrs_1/new/pc.xdc]
WARNING: [Project 1-498] One or more constraints failed evaluation while reading constraint file [D:/compute_lab/lab4_2/pc/pc.srcs/constrs_1/new/pc.xdc] and the design contains unresolved black boxes. These constraints will be read post-synthesis (as long as their source constraint file is marked as used_in_implementation) and should be applied correctly then. You should review the constraints listed in the file [.Xil/pc_display_propImpl.xdc] and check the run log file to verify that these constraints were correctly applied.
INFO: [Project 1-236] Implementation specific constraints were found while reading constraint file [D:/compute_lab/lab4_2/pc/pc.srcs/constrs_1/new/pc.xdc]. These constraints will be ignored for synthesis but will be used in implementation. Impacted constraints are listed in the file [.Xil/pc_display_propImpl.xdc].
Resolution: To avoid this warning, move constraints listed in [.Xil/pc_display_propImpl.xdc] to another XDC file and exclude this new file from synthesis with the used_in_synthesis property (File Properties dialog in GUI) and re-run elaboration/synthesis.
Completed Processing XDC Constraints

Netlist sorting complete. Time (s): cpu = 00:00:00 ; elapsed = 00:00:00 . Memory (MB): peak = 1061.379 ; gain = 0.000
INFO: [Project 1-111] Unisim Transformation Summary:
No Unisim elements were transformed.

Constraint Validation Runtime : Time (s): cpu = 00:00:00 ; elapsed = 00:00:00.008 . Memory (MB): peak = 1061.379 ; gain = 0.000
---------------------------------------------------------------------------------
Finished Constraint Validation : Time (s): cpu = 00:00:22 ; elapsed = 00:00:24 . Memory (MB): peak = 1061.379 ; gain = 397.398
---------------------------------------------------------------------------------
---------------------------------------------------------------------------------
Start Loading Part and Timing Information
---------------------------------------------------------------------------------
Loading part: xc7a200tfbg676-1
---------------------------------------------------------------------------------
Finished Loading Part and Timing Information : Time (s): cpu = 00:00:22 ; elapsed = 00:00:24 . Memory (MB): peak = 1061.379 ; gain = 397.398
---------------------------------------------------------------------------------
---------------------------------------------------------------------------------
Start Applying 'set_property' XDC Constraints
---------------------------------------------------------------------------------
Applied set_property DONT_TOUCH = true for uut_pc/uut_irom. (constraint file  auto generated constraint, line ).
---------------------------------------------------------------------------------
Finished applying 'set_property' XDC Constraints : Time (s): cpu = 00:00:23 ; elapsed = 00:00:25 . Memory (MB): peak = 1061.379 ; gain = 397.398
---------------------------------------------------------------------------------
INFO: [Synth 8-5546] ROM "display_name" won't be mapped to RAM because it is too sparse
---------------------------------------------------------------------------------
Finished RTL Optimization Phase 2 : Time (s): cpu = 00:00:23 ; elapsed = 00:00:25 . Memory (MB): peak = 1061.379 ; gain = 397.398
---------------------------------------------------------------------------------

Report RTL Partitions: 
+-+--------------+------------+----------+
| |RTL Partition |Replication |Instances |
+-+--------------+------------+----------+
+-+--------------+------------+----------+
---------------------------------------------------------------------------------
Start RTL Component Statistics 
---------------------------------------------------------------------------------
Detailed RTL Component Info : 
+---Adders : 
	   2 Input     32 Bit       Adders := 1     
	   2 Input      5 Bit       Adders := 1     
+---XORs : 
	   2 Input      1 Bit         XORs := 64    
+---Registers : 
	               40 Bit    Registers := 1     
	               32 Bit    Registers := 2     
	                5 Bit    Registers := 1     
	                1 Bit    Registers := 1     
+---Muxes : 
	   2 Input     40 Bit        Muxes := 1     
	   9 Input     39 Bit        Muxes := 1     
	   2 Input     32 Bit        Muxes := 5     
	   9 Input     32 Bit        Muxes := 1     
	   2 Input      5 Bit        Muxes := 2     
	   9 Input      4 Bit        Muxes := 1     
	   9 Input      1 Bit        Muxes := 1     
---------------------------------------------------------------------------------
Finished RTL Component Statistics 
---------------------------------------------------------------------------------
---------------------------------------------------------------------------------
Start RTL Hierarchical Component Statistics 
---------------------------------------------------------------------------------
Hierarchical RTL Component report 
Module pc_display 
Detailed RTL Component Info : 
+---Adders : 
	   2 Input      5 Bit       Adders := 1     
+---Registers : 
	               40 Bit    Registers := 1     
	               32 Bit    Registers := 2     
	                5 Bit    Registers := 1     
	                1 Bit    Registers := 1     
+---Muxes : 
	   2 Input     40 Bit        Muxes := 1     
	   9 Input     39 Bit        Muxes := 1     
	   9 Input     32 Bit        Muxes := 1     
	   2 Input     32 Bit        Muxes := 1     
	   9 Input      4 Bit        Muxes := 1     
	   9 Input      1 Bit        Muxes := 1     
Module adder_4bit 
Detailed RTL Component Info : 
+---XORs : 
	   2 Input      1 Bit         XORs := 8     
Module fast_adder_32bit 
Detailed RTL Component Info : 
+---Adders : 
	   2 Input     32 Bit       Adders := 1     
+---Muxes : 
	   2 Input     32 Bit        Muxes := 1     
Module pc 
Detailed RTL Component Info : 
+---Muxes : 
	   2 Input     32 Bit        Muxes := 3     
	   2 Input      5 Bit        Muxes := 2     
---------------------------------------------------------------------------------
Finished RTL Hierarchical Component Statistics
---------------------------------------------------------------------------------
---------------------------------------------------------------------------------
Start Part Resource Summary
---------------------------------------------------------------------------------
Part Resources:
DSPs: 740 (col length:100)
BRAMs: 730 (col length: RAMB18 100 RAMB36 50)
---------------------------------------------------------------------------------
Finished Part Resource Summary
---------------------------------------------------------------------------------
---------------------------------------------------------------------------------
Start Cross Boundary and Area Optimization
---------------------------------------------------------------------------------
Warning: Parallel synthesis criteria is not met 
INFO: [Synth 8-5546] ROM "display_name" won't be mapped to RAM because it is too sparse
INFO: [Synth 8-3333] propagating constant 0 across sequential element (i_0/\uut_pc/pc_reg[0] )
INFO: [Synth 8-3333] propagating constant 0 across sequential element (i_0/\uut_pc/pc_reg[1] )
INFO: [Synth 8-3886] merging instance 'display_name_reg[5]' (FDS) to 'display_name_reg[13]'
INFO: [Synth 8-3886] merging instance 'display_name_reg[6]' (FDR) to 'display_name_reg[14]'
INFO: [Synth 8-3886] merging instance 'display_name_reg[7]' (FDR) to 'display_name_reg[15]'
INFO: [Synth 8-3886] merging instance 'display_name_reg[11]' (FDR) to 'display_name_reg[19]'
INFO: [Synth 8-3886] merging instance 'display_name_reg[15]' (FDR) to 'display_name_reg[21]'
INFO: [Synth 8-3886] merging instance 'display_name_reg[21]' (FDR) to 'display_name_reg[23]'
INFO: [Synth 8-3886] merging instance 'display_name_reg[22]' (FDS) to 'display_name_reg[30]'
INFO: [Synth 8-3886] merging instance 'display_name_reg[23]' (FDR) to 'display_name_reg[29]'
INFO: [Synth 8-3886] merging instance 'display_name_reg[29]' (FDR) to 'display_name_reg[31]'
INFO: [Synth 8-3886] merging instance 'display_name_reg[30]' (FDS) to 'display_name_reg[38]'
INFO: [Synth 8-3886] merging instance 'display_name_reg[31]' (FDR) to 'display_name_reg[37]'
INFO: [Synth 8-3886] merging instance 'display_name_reg[37]' (FDR) to 'display_name_reg[39]'
INFO: [Synth 8-3333] propagating constant 0 across sequential element (\display_name_reg[39] )
---------------------------------------------------------------------------------
Finished Cross Boundary and Area Optimization : Time (s): cpu = 00:00:31 ; elapsed = 00:00:33 . Memory (MB): peak = 1061.379 ; gain = 397.398
---------------------------------------------------------------------------------
---------------------------------------------------------------------------------
Start ROM, RAM, DSP and Shift Register Reporting
---------------------------------------------------------------------------------

Distributed RAM: Preliminary Mapping	Report (see note below)
+------------+---------------------------+-----------+----------------------+--------------+
|Module Name | RTL Object                | Inference | Size (Depth x Width) | Primitives   | 
+------------+---------------------------+-----------+----------------------+--------------+
|pc_display  | uut_pc/uut_regfile/rf_reg | Implied   | 32 x 32              | RAM32M x 18	 | 
+------------+---------------------------+-----------+----------------------+--------------+

Note: The table above is a preliminary report that shows the Distributed RAMs at the current stage of the synthesis flow. Some Distributed RAMs may be reimplemented as non Distributed RAM primitives later in the synthesis flow. Multiple instantiated RAMs are reported only once.
---------------------------------------------------------------------------------
Finished ROM, RAM, DSP and Shift Register Reporting
---------------------------------------------------------------------------------

Report RTL Partitions: 
+-+--------------+------------+----------+
| |RTL Partition |Replication |Instances |
+-+--------------+------------+----------+
+-+--------------+------------+----------+
---------------------------------------------------------------------------------
Start Applying XDC Timing Constraints
---------------------------------------------------------------------------------
---------------------------------------------------------------------------------
Finished Applying XDC Timing Constraints : Time (s): cpu = 00:00:51 ; elapsed = 00:00:55 . Memory (MB): peak = 1061.379 ; gain = 397.398
---------------------------------------------------------------------------------
---------------------------------------------------------------------------------
Start Timing Optimization
---------------------------------------------------------------------------------
---------------------------------------------------------------------------------
Finished Timing Optimization : Time (s): cpu = 00:00:51 ; elapsed = 00:00:55 . Memory (MB): peak = 1061.379 ; gain = 397.398
---------------------------------------------------------------------------------
---------------------------------------------------------------------------------
Start ROM, RAM, DSP and Shift Register Reporting
---------------------------------------------------------------------------------

Distributed RAM: Final Mapping	Report
+------------+---------------------------+-----------+----------------------+--------------+
|Module Name | RTL Object                | Inference | Size (Depth x Width) | Primitives   | 
+------------+---------------------------+-----------+----------------------+--------------+
|pc_display  | uut_pc/uut_regfile/rf_reg | Implied   | 32 x 32              | RAM32M x 18	 | 
+------------+---------------------------+-----------+----------------------+--------------+

---------------------------------------------------------------------------------
Finished ROM, RAM, DSP and Shift Register Reporting
---------------------------------------------------------------------------------

Report RTL Partitions: 
+-+--------------+------------+----------+
| |RTL Partition |Replication |Instances |
+-+--------------+------------+----------+
+-+--------------+------------+----------+
---------------------------------------------------------------------------------
Start Technology Mapping
---------------------------------------------------------------------------------
---------------------------------------------------------------------------------
Finished Technology Mapping : Time (s): cpu = 00:00:51 ; elapsed = 00:00:55 . Memory (MB): peak = 1085.527 ; gain = 421.547
---------------------------------------------------------------------------------

Report RTL Partitions: 
+-+--------------+------------+----------+
| |RTL Partition |Replication |Instances |
+-+--------------+------------+----------+
+-+--------------+------------+----------+
---------------------------------------------------------------------------------
Start IO Insertion
---------------------------------------------------------------------------------
---------------------------------------------------------------------------------
Start Flattening Before IO Insertion
---------------------------------------------------------------------------------
---------------------------------------------------------------------------------
Finished Flattening Before IO Insertion
---------------------------------------------------------------------------------
---------------------------------------------------------------------------------
Start Final Netlist Cleanup
---------------------------------------------------------------------------------
---------------------------------------------------------------------------------
Finished Final Netlist Cleanup
---------------------------------------------------------------------------------
---------------------------------------------------------------------------------
Finished IO Insertion : Time (s): cpu = 00:01:00 ; elapsed = 00:01:04 . Memory (MB): peak = 1091.293 ; gain = 427.312
---------------------------------------------------------------------------------
---------------------------------------------------------------------------------
Start Renaming Generated Instances
---------------------------------------------------------------------------------
---------------------------------------------------------------------------------
Finished Renaming Generated Instances : Time (s): cpu = 00:01:00 ; elapsed = 00:01:04 . Memory (MB): peak = 1091.293 ; gain = 427.312
---------------------------------------------------------------------------------

Report RTL Partitions: 
+-+--------------+------------+----------+
| |RTL Partition |Replication |Instances |
+-+--------------+------------+----------+
+-+--------------+------------+----------+

Report Check Netlist: 
+------+------------------+-------+---------+-------+------------------+
|      |Item              |Errors |Warnings |Status |Description       |
+------+------------------+-------+---------+-------+------------------+
|1     |multi_driven_nets |      0|        0|Passed |Multi driven nets |
+------+------------------+-------+---------+-------+------------------+
---------------------------------------------------------------------------------
Start Rebuilding User Hierarchy
---------------------------------------------------------------------------------
---------------------------------------------------------------------------------
Finished Rebuilding User Hierarchy : Time (s): cpu = 00:01:00 ; elapsed = 00:01:04 . Memory (MB): peak = 1091.293 ; gain = 427.312
---------------------------------------------------------------------------------
---------------------------------------------------------------------------------
Start Renaming Generated Ports
---------------------------------------------------------------------------------
---------------------------------------------------------------------------------
Finished Renaming Generated Ports : Time (s): cpu = 00:01:00 ; elapsed = 00:01:04 . Memory (MB): peak = 1091.293 ; gain = 427.312
---------------------------------------------------------------------------------
---------------------------------------------------------------------------------
Start Handling Custom Attributes
---------------------------------------------------------------------------------
---------------------------------------------------------------------------------
Finished Handling Custom Attributes : Time (s): cpu = 00:01:00 ; elapsed = 00:01:05 . Memory (MB): peak = 1091.293 ; gain = 427.312
---------------------------------------------------------------------------------
---------------------------------------------------------------------------------
Start Renaming Generated Nets
---------------------------------------------------------------------------------
---------------------------------------------------------------------------------
Finished Renaming Generated Nets : Time (s): cpu = 00:01:00 ; elapsed = 00:01:05 . Memory (MB): peak = 1091.293 ; gain = 427.312
---------------------------------------------------------------------------------
---------------------------------------------------------------------------------
Start Writing Synthesis Report
---------------------------------------------------------------------------------

Report BlackBoxes: 
+------+--------------+----------+
|      |BlackBox name |Instances |
+------+--------------+----------+
|1     |lcd_module    |         1|
|2     |inst_ram      |         1|
+------+--------------+----------+

Report Cell Usage: 
+------+-----------+------+
|      |Cell       |Count |
+------+-----------+------+
|1     |inst_ram   |     1|
|2     |lcd_module |     1|
|3     |BUFG       |     2|
|4     |CARRY4     |    10|
|5     |LUT1       |     4|
|6     |LUT2       |    27|
|7     |LUT3       |    35|
|8     |LUT4       |    70|
|9     |LUT5       |    47|
|10    |LUT6       |   125|
|11    |RAM32M     |    18|
|12    |FDRE       |   117|
|13    |FDSE       |    15|
|14    |IBUF       |     8|
|15    |OBUF       |     8|
+------+-----------+------+

Report Instance Areas: 
+------+----------------+--------+------+
|      |Instance        |Module  |Cells |
+------+----------------+--------+------+
|1     |top             |        |   565|
|2     |  uut_pc        |pc      |   363|
|3     |    uut_regfile |regfile |   227|
+------+----------------+--------+------+
---------------------------------------------------------------------------------
Finished Writing Synthesis Report : Time (s): cpu = 00:01:00 ; elapsed = 00:01:05 . Memory (MB): peak = 1091.293 ; gain = 427.312
---------------------------------------------------------------------------------
Synthesis finished with 0 errors, 0 critical warnings and 0 warnings.
Synthesis Optimization Runtime : Time (s): cpu = 00:00:47 ; elapsed = 00:00:59 . Memory (MB): peak = 1091.293 ; gain = 336.906
Synthesis Optimization Complete : Time (s): cpu = 00:01:00 ; elapsed = 00:01:05 . Memory (MB): peak = 1091.293 ; gain = 427.312
INFO: [Project 1-571] Translating synthesized netlist
Netlist sorting complete. Time (s): cpu = 00:00:00 ; elapsed = 00:00:00.018 . Memory (MB): peak = 1091.293 ; gain = 0.000
INFO: [Netlist 29-17] Analyzing 28 Unisim elements for replacement
INFO: [Netlist 29-28] Unisim Transformation completed in 1 CPU seconds
INFO: [Project 1-570] Preparing netlist for logic optimization
INFO: [Opt 31-138] Pushed 0 inverter(s) to 0 load pin(s).
Netlist sorting complete. Time (s): cpu = 00:00:00 ; elapsed = 00:00:00 . Memory (MB): peak = 1091.293 ; gain = 0.000
INFO: [Project 1-111] Unisim Transformation Summary:
  A total of 18 instances were transformed.
  RAM32M => RAM32M (RAMD32(x6), RAMS32(x2)): 18 instances

INFO: [Common 17-83] Releasing license: Synthesis
43 Infos, 4 Warnings, 0 Critical Warnings and 0 Errors encountered.
synth_design completed successfully
synth_design: Time (s): cpu = 00:01:06 ; elapsed = 00:01:11 . Memory (MB): peak = 1091.293 ; gain = 753.918
Netlist sorting complete. Time (s): cpu = 00:00:00 ; elapsed = 00:00:00 . Memory (MB): peak = 1091.293 ; gain = 0.000
WARNING: [Constraints 18-5210] No constraints selected for write.
Resolution: This message can indicate that there are no constraints for the design, or it can indicate that the used_in flags are set such that the constraints are ignored. This later case is used when running synth_design to not write synthesis constraints to the resulting checkpoint. Instead, project constraints are read when the synthesized design is opened.
INFO: [Common 17-1381] The checkpoint 'D:/compute_lab/lab4_2/pc/pc.runs/synth_1/pc_display.dcp' has been generated.
INFO: [runtcl-4] Executing : report_utilization -file pc_display_utilization_synth.rpt -pb pc_display_utilization_synth.pb
INFO: [Common 17-206] Exiting Vivado at Sun Apr 20 11:17:03 2025...
