#-----------------------------------------------------------
# Vivado v2019.2 (64-bit)
# SW Build 2708876 on Wed Nov  6 21:40:23 MST 2019
# IP Build 2700528 on Thu Nov  7 00:09:20 MST 2019
# Start of session at: Tue Mar 25 17:30:40 2025
# Process ID: 11608
# Current directory: D:/compute_lab/lab1
# Command line: vivado.exe -gui_launcher_event rodinguilauncherevent21564 D:\compute_lab\lab1\lab1.xpr
# Log file: D:/compute_lab/lab1/vivado.log
# Journal file: D:/compute_lab/lab1\vivado.jou
#-----------------------------------------------------------
start_gui
open_project D:/compute_lab/lab1/lab1.xpr
CRITICAL WARNING: [Project 1-19] Could not find the file 'D:/compute_lab/lab6_1/lcd_module.dcp'.
WARNING: [Project 1-865] Could not find the file D:/compute_lab/lab6_1/lcd_module.dcp
Scanning sources...
Finished scanning sources
WARNING: [Project 1-865] Could not find the file D:/compute_lab/lab6_1/lcd_module.dcp
WARNING: [Project 1-865] Could not find the file D:/compute_lab/lab6_1/lcd_module.dcp
INFO: [IP_Flow 19-234] Refreshing IP repositories
INFO: [IP_Flow 19-1704] No user IP repositories specified
INFO: [IP_Flow 19-2313] Loaded Vivado IP repository 'D:/developp/Vivado/2019.2/data/ip'.
update_compile_order -fileset sources_1
add_files -norecurse D:/compute_lab/lcd_module/lcd_module.dcp
update_compile_order -fileset sources_1
launch_simulation
Command: launch_simulation 
INFO: [Vivado 12-5682] Launching behavioral simulation in 'D:/compute_lab/lab1/lab1.sim/sim_1/behav/xsim'
INFO: [SIM-utils-51] Simulation object is 'sim_1'
INFO: [SIM-utils-54] Inspecting design source files for 'testbench' in fileset 'sim_1'...
INFO: [USF-XSim-97] Finding global include files...
INFO: [USF-XSim-98] Fetching design files from 'sim_1'...
INFO: [USF-XSim-2] XSim::Compile design
INFO: [USF-XSim-61] Executing 'COMPILE and ANALYZE' step in 'D:/compute_lab/lab1/lab1.sim/sim_1/behav/xsim'
"xvlog --incr --relax -prj testbench_vlog.prj"
INFO: [USF-XSim-69] 'compile' step finished in '2' seconds
INFO: [USF-XSim-3] XSim::Elaborate design
INFO: [USF-XSim-61] Executing 'ELABORATE' step in 'D:/compute_lab/lab1/lab1.sim/sim_1/behav/xsim'
"xelab -wto f9adea94b2c44c4e98a75e46ab426228 --incr --debug typical --relax --mt 2 -L xil_defaultlib -L unisims_ver -L unimacro_ver -L secureip --snapshot testbench_behav xil_defaultlib.testbench xil_defaultlib.glbl -log elaborate.log"
Vivado Simulator 2019.2
Copyright 1986-1999, 2001-2019 Xilinx, Inc. All Rights Reserved.
Running: D:/developp/Vivado/2019.2/bin/unwrapped/win64.o/xelab.exe -wto f9adea94b2c44c4e98a75e46ab426228 --incr --debug typical --relax --mt 2 -L xil_defaultlib -L unisims_ver -L unimacro_ver -L secureip --snapshot testbench_behav xil_defaultlib.testbench xil_defaultlib.glbl -log elaborate.log 
Using 2 slave threads.
Starting static elaboration
Pass Through NonSizing Optimizer
Completed static elaboration
INFO: [XSIM 43-4323] No Change in HDL. Linking previously generated obj files to create kernel
INFO: [USF-XSim-69] 'elaborate' step finished in '3' seconds
INFO: [USF-XSim-4] XSim::Simulate design
INFO: [USF-XSim-61] Executing 'SIMULATE' step in 'D:/compute_lab/lab1/lab1.sim/sim_1/behav/xsim'
INFO: [USF-XSim-98] *** Running xsim
   with args "testbench_behav -key {Behavioral:sim_1:Functional:testbench} -tclbatch {testbench.tcl} -log {simulate.log}"
INFO: [USF-XSim-8] Loading simulator feature
Vivado Simulator 2019.2
Time resolution is 1 ps
source testbench.tcl
# set curr_wave [current_wave_config]
# if { [string length $curr_wave] == 0 } {
#   if { [llength [get_objects]] > 0} {
#     add_wave /
#     set_property needs_save false [current_wave_config]
#   } else {
#      send_msg_id Add_Wave-1 WARNING "No top level signals found. Simulator will start without a wave window. If you want to open a wave window go to 'File->New Waveform Configuration' or type 'create_wave_config' in the TCL console."
#   }
# }
# run 1000ns
INFO: [USF-XSim-96] XSim completed. Design snapshot 'testbench_behav' loaded.
INFO: [USF-XSim-97] XSim simulation ran for 1000ns
launch_simulation: Time (s): cpu = 00:00:08 ; elapsed = 00:00:08 . Memory (MB): peak = 907.168 ; gain = 80.609
close_sim
INFO: [Simtcl 6-16] Simulation closed
reset_run synth_1
launch_runs impl_1 -to_step write_bitstream -jobs 8
[Tue Mar 25 18:14:01 2025] Launched synth_1...
Run output will be captured here: D:/compute_lab/lab1/lab1.runs/synth_1/runme.log
[Tue Mar 25 18:14:01 2025] Launched impl_1...
Run output will be captured here: D:/compute_lab/lab1/lab1.runs/impl_1/runme.log
exit
INFO: [Common 17-206] Exiting Vivado at Tue Mar 25 19:30:43 2025...
