#-----------------------------------------------------------
# Vivado v2019.2 (64-bit)
# SW Build 2708876 on Wed Nov  6 21:40:23 MST 2019
# IP Build 2700528 on Thu Nov  7 00:09:20 MST 2019
# Start of session at: Thu Apr 10 13:32:18 2025
# Process ID: 2148
# Current directory: D:/compute_lab/lab1
# Command line: vivado.exe -gui_launcher_event rodinguilauncherevent16456 D:\compute_lab\lab1\lab1.xpr
# Log file: D:/compute_lab/lab1/vivado.log
# Journal file: D:/compute_lab/lab1\vivado.jou
#-----------------------------------------------------------
start_gui
open_project D:/compute_lab/lab1/lab1.xpr
CRITICAL WARNING: [Project 1-19] Could not find the file 'D:/compute_lab/lab6_1/lcd_module.dcp'.
WARNING: [Project 1-865] Could not find the file D:/compute_lab/lab6_1/lcd_module.dcp
Scanning sources...
Finished scanning sources
WARNING: [Project 1-865] Could not find the file D:/compute_lab/lab6_1/lcd_module.dcp
WARNING: [Project 1-865] Could not find the file D:/compute_lab/lab6_1/lcd_module.dcp
INFO: [IP_Flow 19-234] Refreshing IP repositories
INFO: [IP_Flow 19-1704] No user IP repositories specified
INFO: [IP_Flow 19-2313] Loaded Vivado IP repository 'D:/developp/Vivado/2019.2/data/ip'.
update_compile_order -fileset sources_1
exit
INFO: [Common 17-206] Exiting Vivado at Thu Apr 10 19:06:40 2025...
