#-----------------------------------------------------------
# Vivado v2019.2 (64-bit)
# SW Build 2708876 on Wed Nov  6 21:40:23 MST 2019
# IP Build 2700528 on Thu Nov  7 00:09:20 MST 2019
# Start of session at: Wed Apr 23 20:30:08 2025
# Process ID: 17772
# Current directory: D:/compute_lab/lab4_2/pc
# Command line: vivado.exe -gui_launcher_event rodinguilauncherevent26036 D:\compute_lab\lab4_2\pc\pc.xpr
# Log file: D:/compute_lab/lab4_2/pc/vivado.log
# Journal file: D:/compute_lab/lab4_2/pc\vivado.jou
#-----------------------------------------------------------
start_gui
open_project D:/compute_lab/lab4_2/pc/pc.xpr
Scanning sources...
Finished scanning sources
INFO: [IP_Flow 19-234] Refreshing IP repositories
INFO: [IP_Flow 19-1704] No user IP repositories specified
INFO: [IP_Flow 19-2313] Loaded Vivado IP repository 'D:/developp/Vivado/2019.2/data/ip'.
open_project: Time (s): cpu = 00:00:46 ; elapsed = 00:00:19 . Memory (MB): peak = 789.066 ; gain = 121.680
update_compile_order -fileset sources_1
open_hw_manager
INFO: [Labtools 27-2285] Connecting to hw_server url TCP:localhost:3121
INFO: [Labtools 27-2222] Launching hw_server...
INFO: [Labtools 27-2221] Launch Output:

****** Xilinx hw_server v2019.2
  **** Build date : Nov  6 2019 at 22:12:23
    ** Copyright 1986-2019 Xilinx, Inc. All Rights Reserved.


INFO: [Labtools 27-3415] Connecting to cs_server url TCP:localhost:3042
INFO: [Labtools 27-3417] Launching cs_server...
INFO: [Labtools 27-2221] Launch Output:


****** Xilinx cs_server v2019.2.0
  **** Build date : Nov 07 2019-13:28:22
    ** Copyright 2017-2019 Xilinx, Inc. All Rights Reserved.



ERROR: [Labtools 27-3733] Error during cs_server initialization: Failed to connect cs_server at TCP:localhost:3042 to hw_server at TCP:localhost:3121.
connect_hw_server: Time (s): cpu = 00:00:00 ; elapsed = 00:00:10 . Memory (MB): peak = 895.297 ; gain = 16.609
ERROR: [Common 17-39] 'connect_hw_server' failed due to earlier errors.
INFO: [Labtools 27-2285] Connecting to hw_server url TCP:localhost:3121
INFO: [Labtools 27-3415] Connecting to cs_server url TCP:localhost:3042
INFO: [Labtools 27-3417] Launching cs_server...
INFO: [Labtools 27-2221] Launch Output:
ERROR: Cannot start server on port 3042: already in use.

ERROR: [Labtools 27-2220] Launch Error:
Unable to launch local cs_server executable.
ERROR: Cannot start server on port 3042: already in use.

ERROR: [Common 17-39] 'connect_hw_server' failed due to earlier errors.
connect_hw_server -allow_non_jtag
INFO: [Labtools 27-2285] Connecting to hw_server url TCP:localhost:3121
INFO: [Labtools 27-3415] Connecting to cs_server url TCP:localhost:3042
INFO: [Labtools 27-3417] Launching cs_server...
INFO: [Labtools 27-2221] Launch Output:
ERROR: Cannot start server on port 3042: already in use.

ERROR: [Labtools 27-2220] Launch Error:
Unable to launch local cs_server executable.
ERROR: Cannot start server on port 3042: already in use.

ERROR: [Common 17-39] 'connect_hw_server' failed due to earlier errors.
INFO: [Labtools 27-2285] Connecting to hw_server url TCP:localhost:3121
INFO: [Labtools 27-3415] Connecting to cs_server url TCP:localhost:3042
INFO: [Labtools 27-3417] Launching cs_server...
INFO: [Labtools 27-2221] Launch Output:


****** Xilinx cs_server v2019.2.0
  **** Build date : Nov 07 2019-13:28:22
    ** Copyright 2017-2019 Xilinx, Inc. All Rights Reserved.



ERROR: [Labtools 27-3733] Error during cs_server initialization: Failed to connect cs_server at TCP:localhost:3042 to hw_server at TCP:localhost:3121.
connect_hw_server: Time (s): cpu = 00:00:00 ; elapsed = 00:00:06 . Memory (MB): peak = 895.297 ; gain = 0.000
ERROR: [Common 17-39] 'connect_hw_server' failed due to earlier errors.
INFO: [Labtools 27-2285] Connecting to hw_server url TCP:localhost:3121
INFO: [Labtools 27-2222] Launching hw_server...
INFO: [Labtools 27-2221] Launch Output:

****** Xilinx hw_server v2019.2
  **** Build date : Nov  6 2019 at 22:12:23
    ** Copyright 1986-2019 Xilinx, Inc. All Rights Reserved.


INFO: [Labtools 27-3415] Connecting to cs_server url TCP:localhost:3042
INFO: [Labtools 27-3417] Launching cs_server...
INFO: [Labtools 27-2221] Launch Output:


****** Xilinx cs_server v2019.2.0
  **** Build date : Nov 07 2019-13:28:22
    ** Copyright 2017-2019 Xilinx, Inc. All Rights Reserved.



ERROR: [Labtools 27-3733] Error during cs_server initialization: Failed to connect cs_server at TCP:localhost:3042 to hw_server at TCP:localhost:3121.
connect_hw_server: Time (s): cpu = 00:00:01 ; elapsed = 00:00:11 . Memory (MB): peak = 895.297 ; gain = 0.000
ERROR: [Common 17-39] 'connect_hw_server' failed due to earlier errors.
INFO: [Labtools 27-2285] Connecting to hw_server url TCP:localhost:3121
INFO: [Labtools 27-3415] Connecting to cs_server url TCP:localhost:3042
INFO: [Labtools 27-3417] Launching cs_server...
INFO: [Labtools 27-2221] Launch Output:
ERROR: Cannot start server on port 3042: already in use.

ERROR: [Labtools 27-2220] Launch Error:
Unable to launch local cs_server executable.
ERROR: Cannot start server on port 3042: already in use.

ERROR: [Common 17-39] 'connect_hw_server' failed due to earlier errors.
close_project
open_project D:/compute_lab/lab4_2/pc/pc.xpr
Scanning sources...
Finished scanning sources
INFO: [IP_Flow 19-234] Refreshing IP repositories
INFO: [IP_Flow 19-1704] No user IP repositories specified
INFO: [IP_Flow 19-2313] Loaded Vivado IP repository 'D:/developp/Vivado/2019.2/data/ip'.
update_compile_order -fileset sources_1
open_hw_manager
INFO: [Labtools 27-2285] Connecting to hw_server url TCP:localhost:3121
INFO: [Labtools 27-2222] Launching hw_server...
INFO: [Labtools 27-2221] Launch Output:

****** Xilinx hw_server v2019.2
  **** Build date : Nov  6 2019 at 22:12:23
    ** Copyright 1986-2019 Xilinx, Inc. All Rights Reserved.


INFO: [Labtools 27-3415] Connecting to cs_server url TCP:localhost:3042
INFO: [Labtools 27-3417] Launching cs_server...
INFO: [Labtools 27-2221] Launch Output:


****** Xilinx cs_server v2019.2.0
  **** Build date : Nov 07 2019-13:28:22
    ** Copyright 2017-2019 Xilinx, Inc. All Rights Reserved.



ERROR: [Labtools 27-3733] Error during cs_server initialization: Failed to connect cs_server at TCP:localhost:3042 to hw_server at TCP:localhost:3121.
connect_hw_server: Time (s): cpu = 00:00:00 ; elapsed = 00:00:10 . Memory (MB): peak = 963.371 ; gain = 0.000
ERROR: [Common 17-39] 'connect_hw_server' failed due to earlier errors.
exit
INFO: [Common 17-206] Exiting Vivado at Wed Apr 23 20:44:24 2025...
