#-----------------------------------------------------------
# Vivado v2019.2 (64-bit)
# SW Build 2708876 on Wed Nov  6 21:40:23 MST 2019
# IP Build 2700528 on Thu Nov  7 00:09:20 MST 2019
# Start of session at: Mon Mar 24 12:16:13 2025
# Process ID: 11484
# Current directory: D:/compute_lab/lab6_3_all
# Command line: vivado.exe -gui_launcher_event rodinguilauncherevent25516 D:\compute_lab\lab6_3_all\lab6_3_2adder.xpr
# Log file: D:/compute_lab/lab6_3_all/vivado.log
# Journal file: D:/compute_lab/lab6_3_all\vivado.jou
#-----------------------------------------------------------
start_gui
open_project D:/compute_lab/lab6_3_all/lab6_3_2adder.xpr
INFO: [Project 1-313] Project file moved from 'D:/developp/Vivado labs/lab6_3_all' since last save.
CRITICAL WARNING: [Project 1-311] Could not find the file 'D:/compute_lab/lab6/lab6_1/lcd_module.dcp', nor could it be found using path 'D:/developp/Vivado labs/lab6/lab6_1/lcd_module.dcp'.
WARNING: [Project 1-865] Could not find the file D:/compute_lab/lab6/lab6_1/lcd_module.dcp
Scanning sources...
Finished scanning sources
INFO: [IP_Flow 19-234] Refreshing IP repositories
INFO: [IP_Flow 19-1704] No user IP repositories specified
INFO: [IP_Flow 19-2313] Loaded Vivado IP repository 'D:/developp/Vivado/2019.2/data/ip'.
open_project: Time (s): cpu = 00:00:16 ; elapsed = 00:00:07 . Memory (MB): peak = 803.535 ; gain = 130.074
exit
INFO: [Common 17-206] Exiting Vivado at Mon Mar 24 12:16:41 2025...
Vivado at Mon Mar 24 12:16:36 2025...
