#-----------------------------------------------------------
# Vivado v2019.2 (64-bit)
# SW Build 2708876 on Wed Nov  6 21:40:23 MST 2019
# IP Build 2700528 on Thu Nov  7 00:09:20 MST 2019
# Start of session at: Sun Jan 12 23:38:45 2025
# Process ID: 12316
# Current directory: D:/developp/Vivado labs/lab6_3_all
# Command line: vivado.exe -gui_launcher_event rodinguilauncherevent29080 D:\developp\Vivado labs\lab6_3_all\lab6_3_2adder.xpr
# Log file: D:/developp/Vivado labs/lab6_3_all/vivado.log
# Journal file: D:/developp/Vivado labs/lab6_3_all\vivado.jou
#-----------------------------------------------------------
start_gui
open_project {D:/developp/Vivado labs/lab6_3_all/lab6_3_2adder.xpr}
CRITICAL WARNING: [Project 1-19] Could not find the file 'D:/developp/Vivado labs/lab6/lab6_1/lcd_module.dcp'.
WARNING: [Project 1-865] Could not find the file D:/developp/Vivado labs/lab6/lab6_1/lcd_module.dcp
Scanning sources...
Finished scanning sources
INFO: [IP_Flow 19-234] Refreshing IP repositories
INFO: [IP_Flow 19-1704] No user IP repositories specified
INFO: [IP_Flow 19-2313] Loaded Vivado IP repository 'D:/developp/Vivado/2019.2/data/ip'.
update_compile_order -fileset sources_1
exit
INFO: [Common 17-206] Exiting Vivado at Sun Jan 12 23:40:14 2025...
