#-----------------------------------------------------------
# Vivado v2019.2 (64-bit)
# SW Build 2708876 on Wed Nov  6 21:40:23 MST 2019
# IP Build 2700528 on Thu Nov  7 00:09:20 MST 2019
# Start of session at: Sun Apr 20 18:32:27 2025
# Process ID: 8016
# Current directory: D:/compute_lab/lab3_2_2/block_rom
# Command line: vivado.exe -gui_launcher_event rodinguilauncherevent25492 D:\compute_lab\lab3_2_2\block_rom\block_rom.xpr
# Log file: D:/compute_lab/lab3_2_2/block_rom/vivado.log
# Journal file: D:/compute_lab/lab3_2_2/block_rom\vivado.jou
#-----------------------------------------------------------
start_gui
open_project D:/compute_lab/lab3_2_2/block_rom/block_rom.xpr
Scanning sources...
Finished scanning sources
INFO: [IP_Flow 19-234] Refreshing IP repositories
INFO: [IP_Flow 19-1704] No user IP repositories specified
INFO: [IP_Flow 19-2313] Loaded Vivado IP repository 'D:/developp/Vivado/2019.2/data/ip'.
open_project: Time (s): cpu = 00:00:40 ; elapsed = 00:00:15 . Memory (MB): peak = 828.984 ; gain = 130.793
update_compile_order -fileset sources_1
WARNING: [IP_Flow 19-4067] Ignoring invalid widget type specified checkbox.Providing a default widget
WARNING: [IP_Flow 19-4067] Ignoring invalid widget type specified checkbox.Providing a default widget
launch_simulation
Command: launch_simulation 
INFO: [Vivado 12-5698] Checking validity of IPs in the design for the 'XSim' simulator...
INFO: [Vivado 12-5682] Launching behavioral simulation in 'D:/compute_lab/lab3_2_2/block_rom/block_rom.sim/sim_1/behav/xsim'
INFO: [Vivado 12-4795] Using compiled simulation libraries for IPs
INFO: [SIM-utils-51] Simulation object is 'sim_1'
INFO: [USF-XSim-7] Finding pre-compiled libraries...
INFO: [USF-XSim-11] File 'D:/developp/Vivado/2019.2/data/xsim/xsim.ini' copied to run dir:'D:/compute_lab/lab3_2_2/block_rom/block_rom.sim/sim_1/behav/xsim'
INFO: [SIM-utils-54] Inspecting design source files for 'tb_top_rom' in fileset 'sim_1'...
INFO: [SIM-utils-43] Exported 'D:/compute_lab/lab3_2_2/block_rom/block_rom.sim/sim_1/behav/xsim/block_rom.mif'
INFO: [SIM-utils-43] Exported 'D:/compute_lab/lab3_2_2/block_rom/block_rom.sim/sim_1/behav/xsim/inst_ram.coe'
INFO: [USF-XSim-97] Finding global include files...
INFO: [USF-XSim-98] Fetching design files from 'sim_1'...
INFO: [USF-XSim-2] XSim::Compile design
INFO: [USF-XSim-61] Executing 'COMPILE and ANALYZE' step in 'D:/compute_lab/lab3_2_2/block_rom/block_rom.sim/sim_1/behav/xsim'
"xvlog --incr --relax -prj tb_top_rom_vlog.prj"
INFO: [USF-XSim-69] 'compile' step finished in '1' seconds
INFO: [USF-XSim-3] XSim::Elaborate design
INFO: [USF-XSim-61] Executing 'ELABORATE' step in 'D:/compute_lab/lab3_2_2/block_rom/block_rom.sim/sim_1/behav/xsim'
"xelab -wto 7b782cbbd37d4bad99d7001962736cb4 --incr --debug typical --relax --mt 2 -L blk_mem_gen_v8_4_4 -L xil_defaultlib -L unisims_ver -L unimacro_ver -L secureip -L xpm --snapshot tb_top_rom_behav xil_defaultlib.tb_top_rom xil_defaultlib.glbl -log elaborate.log"
Vivado Simulator 2019.2
Copyright 1986-1999, 2001-2019 Xilinx, Inc. All Rights Reserved.
Running: D:/developp/Vivado/2019.2/bin/unwrapped/win64.o/xelab.exe -wto 7b782cbbd37d4bad99d7001962736cb4 --incr --debug typical --relax --mt 2 -L blk_mem_gen_v8_4_4 -L xil_defaultlib -L unisims_ver -L unimacro_ver -L secureip -L xpm --snapshot tb_top_rom_behav xil_defaultlib.tb_top_rom xil_defaultlib.glbl -log elaborate.log 
Using 2 slave threads.
Starting static elaboration
Pass Through NonSizing Optimizer
WARNING: [VRFC 10-5021] port 'wea' is not connected on this instance [D:/compute_lab/lab3_2_2/block_rom/block_rom.srcs/sources_1/new/top_rom.v:8]
Completed static elaboration
INFO: [XSIM 43-4323] No Change in HDL. Linking previously generated obj files to create kernel
INFO: [USF-XSim-69] 'elaborate' step finished in '2' seconds
INFO: [USF-XSim-4] XSim::Simulate design
INFO: [USF-XSim-61] Executing 'SIMULATE' step in 'D:/compute_lab/lab3_2_2/block_rom/block_rom.sim/sim_1/behav/xsim'
INFO: [USF-XSim-98] *** Running xsim
   with args "tb_top_rom_behav -key {Behavioral:sim_1:Functional:tb_top_rom} -tclbatch {tb_top_rom.tcl} -log {simulate.log}"
INFO: [USF-XSim-8] Loading simulator feature
Vivado Simulator 2019.2
Time resolution is 1 ps
source tb_top_rom.tcl
# set curr_wave [current_wave_config]
# if { [string length $curr_wave] == 0 } {
#   if { [llength [get_objects]] > 0} {
#     add_wave /
#     set_property needs_save false [current_wave_config]
#   } else {
#      send_msg_id Add_Wave-1 WARNING "No top level signals found. Simulator will start without a wave window. If you want to open a wave window go to 'File->New Waveform Configuration' or type 'create_wave_config' in the TCL console."
#   }
# }
# run 1000ns
 Block Memory Generator module loading initial data...
 Block Memory Generator data initialization complete.
Block Memory Generator module tb_top_rom.u_top_sync_rom.block_rom_inst.inst.native_mem_module.blk_mem_gen_v8_4_4_inst is using a behavioral model for simulation which will not precisely model memory collision behavior.
INFO: [USF-XSim-96] XSim completed. Design snapshot 'tb_top_rom_behav' loaded.
INFO: [USF-XSim-97] XSim simulation ran for 1000ns
launch_simulation: Time (s): cpu = 00:00:07 ; elapsed = 00:00:07 . Memory (MB): peak = 909.527 ; gain = 19.855
synth_design -rtl -name rtl_1
Command: synth_design -rtl -name rtl_1
Starting synth_design
Using part: xc7a200tfbg676-1
Top: top_rom
INFO: [Device 21-403] Loading part xc7a200tfbg676-1
---------------------------------------------------------------------------------
Starting RTL Elaboration : Time (s): cpu = 00:00:02 ; elapsed = 00:00:02 . Memory (MB): peak = 1492.031 ; gain = 226.668
---------------------------------------------------------------------------------
INFO: [Synth 8-6157] synthesizing module 'top_rom' [D:/compute_lab/lab3_2_2/block_rom/block_rom.srcs/sources_1/new/top_rom.v:1]
INFO: [Synth 8-6157] synthesizing module 'block_rom' [D:/compute_lab/lab3_2_2/block_rom/.Xil/Vivado-8016-LAPTOP-6OFK5A0R/realtime/block_rom_stub.v:6]
INFO: [Synth 8-6155] done synthesizing module 'block_rom' (1#1) [D:/compute_lab/lab3_2_2/block_rom/.Xil/Vivado-8016-LAPTOP-6OFK5A0R/realtime/block_rom_stub.v:6]
WARNING: [Synth 8-7023] instance 'block_rom_inst' of module 'block_rom' has 5 connections declared, but only 3 given [D:/compute_lab/lab3_2_2/block_rom/block_rom.srcs/sources_1/new/top_rom.v:8]
INFO: [Synth 8-6155] done synthesizing module 'top_rom' (2#1) [D:/compute_lab/lab3_2_2/block_rom/block_rom.srcs/sources_1/new/top_rom.v:1]
---------------------------------------------------------------------------------
Finished RTL Elaboration : Time (s): cpu = 00:00:03 ; elapsed = 00:00:03 . Memory (MB): peak = 1542.266 ; gain = 276.902
---------------------------------------------------------------------------------

Report Check Netlist: 
+------+------------------+-------+---------+-------+------------------+
|      |Item              |Errors |Warnings |Status |Description       |
+------+------------------+-------+---------+-------+------------------+
|1     |multi_driven_nets |      0|        0|Passed |Multi driven nets |
+------+------------------+-------+---------+-------+------------------+
---------------------------------------------------------------------------------
Start Handling Custom Attributes
---------------------------------------------------------------------------------
---------------------------------------------------------------------------------
Finished Handling Custom Attributes : Time (s): cpu = 00:00:03 ; elapsed = 00:00:03 . Memory (MB): peak = 1542.266 ; gain = 276.902
---------------------------------------------------------------------------------
---------------------------------------------------------------------------------
Finished RTL Optimization Phase 1 : Time (s): cpu = 00:00:03 ; elapsed = 00:00:03 . Memory (MB): peak = 1542.266 ; gain = 276.902
---------------------------------------------------------------------------------
INFO: [Project 1-454] Reading design checkpoint 'd:/compute_lab/lab3_2_2/block_rom/block_rom.srcs/sources_1/ip/block_rom/block_rom.dcp' for cell 'block_rom_inst'
Netlist sorting complete. Time (s): cpu = 00:00:00 ; elapsed = 00:00:00.011 . Memory (MB): peak = 1542.266 ; gain = 0.000
INFO: [Netlist 29-17] Analyzing 139 Unisim elements for replacement
INFO: [Netlist 29-28] Unisim Transformation completed in 0 CPU seconds
INFO: [Project 1-479] Netlist was created with Vivado 2019.2
INFO: [Project 1-570] Preparing netlist for logic optimization
INFO: [Opt 31-140] Inserted 17 IBUFs to IO ports without IO buffers.
INFO: [Opt 31-141] Inserted 32 OBUFs to IO ports without IO buffers.

Processing XDC Constraints
Initializing timing engine
Completed Processing XDC Constraints

INFO: [Opt 31-138] Pushed 0 inverter(s) to 0 load pin(s).
Netlist sorting complete. Time (s): cpu = 00:00:00 ; elapsed = 00:00:00 . Memory (MB): peak = 1673.422 ; gain = 0.000
INFO: [Project 1-111] Unisim Transformation Summary:
No Unisim elements were transformed.

RTL Elaboration Complete:  : Time (s): cpu = 00:00:12 ; elapsed = 00:00:07 . Memory (MB): peak = 1737.602 ; gain = 472.238
14 Infos, 1 Warnings, 0 Critical Warnings and 0 Errors encountered.
synth_design completed successfully
synth_design: Time (s): cpu = 00:00:15 ; elapsed = 00:00:11 . Memory (MB): peak = 1737.602 ; gain = 775.227
close_sim
INFO: [Simtcl 6-16] Simulation closed
exit
INFO: [Common 17-206] Exiting Vivado at Sun Apr 20 20:24:23 2025...
