#-----------------------------------------------------------
# Vivado v2019.2 (64-bit)
# SW Build 2708876 on Wed Nov  6 21:40:23 MST 2019
# IP Build 2700528 on Thu Nov  7 00:09:20 MST 2019
# Start of session at: Tue Apr 22 16:20:36 2025
# Process ID: 21032
# Current directory: D:/compute_lab/lab3_2_2/block_rom
# Command line: vivado.exe -gui_launcher_event rodinguilauncherevent16388 D:\compute_lab\lab3_2_2\block_rom\block_rom.xpr
# Log file: D:/compute_lab/lab3_2_2/block_rom/vivado.log
# Journal file: D:/compute_lab/lab3_2_2/block_rom\vivado.jou
#-----------------------------------------------------------
start_gui
open_project D:/compute_lab/lab3_2_2/block_rom/block_rom.xpr
Scanning sources...
Finished scanning sources
INFO: [IP_Flow 19-234] Refreshing IP repositories
INFO: [IP_Flow 19-1704] No user IP repositories specified
INFO: [IP_Flow 19-2313] Loaded Vivado IP repository 'D:/developp/Vivado/2019.2/data/ip'.
WARNING: [IP_Flow 19-3664] IP 'block_rom' generated file not found 'd:/compute_lab/lab3_2_2/block_rom/block_rom.srcs/sources_1/ip/block_rom/block_rom.dcp'. Please regenerate to continue.
WARNING: [IP_Flow 19-3664] IP 'block_rom' generated file not found 'd:/compute_lab/lab3_2_2/block_rom/block_rom.srcs/sources_1/ip/block_rom/block_rom_stub.v'. Please regenerate to continue.
WARNING: [IP_Flow 19-3664] IP 'block_rom' generated file not found 'd:/compute_lab/lab3_2_2/block_rom/block_rom.srcs/sources_1/ip/block_rom/block_rom_stub.vhdl'. Please regenerate to continue.
WARNING: [IP_Flow 19-3664] IP 'block_rom' generated file not found 'd:/compute_lab/lab3_2_2/block_rom/block_rom.srcs/sources_1/ip/block_rom/block_rom_sim_netlist.v'. Please regenerate to continue.
WARNING: [IP_Flow 19-3664] IP 'block_rom' generated file not found 'd:/compute_lab/lab3_2_2/block_rom/block_rom.srcs/sources_1/ip/block_rom/block_rom_sim_netlist.vhdl'. Please regenerate to continue.
open_project: Time (s): cpu = 00:00:41 ; elapsed = 00:00:19 . Memory (MB): peak = 799.180 ; gain = 131.281
update_compile_order -fileset sources_1
WARNING: [IP_Flow 19-4067] Ignoring invalid widget type specified checkbox.Providing a default widget
WARNING: [IP_Flow 19-4067] Ignoring invalid widget type specified checkbox.Providing a default widget
WARNING: [IP_Flow 19-4067] Ignoring invalid widget type specified checkbox.Providing a default widget
WARNING: [IP_Flow 19-4067] Ignoring invalid widget type specified checkbox.Providing a default widget
exit
INFO: [Common 17-206] Exiting Vivado at Tue Apr 22 16:26:52 2025...
