#-----------------------------------------------------------
# Vivado v2019.2 (64-bit)
# SW Build 2708876 on Wed Nov  6 21:40:23 MST 2019
# IP Build 2700528 on Thu Nov  7 00:09:20 MST 2019
# Start of session at: Fri Apr 18 17:03:50 2025
# Process ID: 29192
# Current directory: D:/compute_lab/lab2_3
# Command line: vivado.exe -gui_launcher_event rodinguilauncherevent29572 D:\compute_lab\lab2_3\lab2_3.xpr
# Log file: D:/compute_lab/lab2_3/vivado.log
# Journal file: D:/compute_lab/lab2_3\vivado.jou
#-----------------------------------------------------------
start_gui
open_project D:/compute_lab/lab2_3/lab2_3.xpr
Scanning sources...
Finished scanning sources
INFO: [IP_Flow 19-234] Refreshing IP repositories
INFO: [IP_Flow 19-1704] No user IP repositories specified
INFO: [IP_Flow 19-2313] Loaded Vivado IP repository 'D:/developp/Vivado/2019.2/data/ip'.
update_compile_order -fileset sources_1
reset_run synth_1
launch_runs synth_1 -jobs 8
[Fri Apr 18 17:08:27 2025] Launched synth_1...
Run output will be captured here: D:/compute_lab/lab2_3/lab2_3.runs/synth_1/runme.log
launch_runs impl_1 -jobs 8
[Fri Apr 18 17:09:01 2025] Launched impl_1...
Run output will be captured here: D:/compute_lab/lab2_3/lab2_3.runs/impl_1/runme.log
reset_run synth_1
launch_runs synth_1 -jobs 8
[Fri Apr 18 17:14:07 2025] Launched synth_1...
Run output will be captured here: D:/compute_lab/lab2_3/lab2_3.runs/synth_1/runme.log
launch_runs impl_1 -jobs 8
[Fri Apr 18 17:14:53 2025] Launched impl_1...
Run output will be captured here: D:/compute_lab/lab2_3/lab2_3.runs/impl_1/runme.log
reset_run synth_1
launch_runs synth_1 -jobs 8
[Fri Apr 18 17:16:34 2025] Launched synth_1...
Run output will be captured here: D:/compute_lab/lab2_3/lab2_3.runs/synth_1/runme.log
launch_runs impl_1 -jobs 8
[Fri Apr 18 17:17:06 2025] Launched impl_1...
Run output will be captured here: D:/compute_lab/lab2_3/lab2_3.runs/impl_1/runme.log
reset_run synth_1
launch_runs synth_1 -jobs 8
[Fri Apr 18 17:20:55 2025] Launched synth_1...
Run output will be captured here: D:/compute_lab/lab2_3/lab2_3.runs/synth_1/runme.log
reset_run synth_1
launch_runs synth_1 -jobs 8
[Fri Apr 18 17:21:47 2025] Launched synth_1...
Run output will be captured here: D:/compute_lab/lab2_3/lab2_3.runs/synth_1/runme.log
launch_runs impl_1 -jobs 8
[Fri Apr 18 17:22:22 2025] Launched impl_1...
Run output will be captured here: D:/compute_lab/lab2_3/lab2_3.runs/impl_1/runme.log
open_run impl_1
INFO: [Device 21-403] Loading part xc7a200tfbg676-1
Netlist sorting complete. Time (s): cpu = 00:00:00 ; elapsed = 00:00:00.012 . Memory (MB): peak = 1245.148 ; gain = 0.000
INFO: [Netlist 29-17] Analyzing 442 Unisim elements for replacement
INFO: [Netlist 29-28] Unisim Transformation completed in 0 CPU seconds
INFO: [Project 1-479] Netlist was created with Vivado 2019.2
INFO: [Project 1-570] Preparing netlist for logic optimization
INFO: [Timing 38-478] Restoring timing data from binary archive.
INFO: [Timing 38-479] Binary timing data restore complete.
INFO: [Project 1-856] Restoring constraints from binary archive.
INFO: [Project 1-853] Binary constraint restore complete.
Reading XDEF placement.
Reading placer database...
Reading XDEF routing.
Read XDEF File: Time (s): cpu = 00:00:00 ; elapsed = 00:00:00.243 . Memory (MB): peak = 1962.531 ; gain = 0.000
Restored from archive | CPU: 0.000000 secs | Memory: 0.000000 MB |
Finished XDEF File Restore: Time (s): cpu = 00:00:00 ; elapsed = 00:00:00.244 . Memory (MB): peak = 1962.531 ; gain = 0.000
Netlist sorting complete. Time (s): cpu = 00:00:00 ; elapsed = 00:00:00.001 . Memory (MB): peak = 1962.531 ; gain = 0.000
INFO: [Project 1-111] Unisim Transformation Summary:
  A total of 2 instances were transformed.
  IOBUF => IOBUF (IBUF, OBUFT): 2 instances

open_run: Time (s): cpu = 00:00:20 ; elapsed = 00:00:13 . Memory (MB): peak = 2161.359 ; gain = 1182.188
WARNING: [Timing 38-313] There are no user specified timing constraints. Timing constraints are needed for proper timing analysis.
set_property IOSTANDARD LVCMOS33 [get_ports [list resetn]]
place_ports resetn AA7
save_constraints
reset_run impl_1
launch_runs impl_1 -to_step write_bitstream -jobs 8
[Fri Apr 18 17:25:51 2025] Launched impl_1...
Run output will be captured here: D:/compute_lab/lab2_3/lab2_3.runs/impl_1/runme.log
open_hw_manager
INFO: [Labtools 27-2285] Connecting to hw_server url TCP:localhost:3121
INFO: [Labtools 27-2222] Launching hw_server...
INFO: [Labtools 27-2221] Launch Output:

****** Xilinx hw_server v2019.2
  **** Build date : Nov  6 2019 at 22:12:23
    ** Copyright 1986-2019 Xilinx, Inc. All Rights Reserved.


INFO: [Labtools 27-3415] Connecting to cs_server url TCP:localhost:3042
INFO: [Labtools 27-3417] Launching cs_server...
INFO: [Labtools 27-2221] Launch Output:


****** Xilinx cs_server v2019.2.0
  **** Build date : Nov 07 2019-13:28:22
    ** Copyright 2017-2019 Xilinx, Inc. All Rights Reserved.



connect_hw_server: Time (s): cpu = 00:00:00 ; elapsed = 00:00:07 . Memory (MB): peak = 2449.242 ; gain = 3.730
connect_hw_server -url localhost:3121 -allow_non_jtag
INFO: [Labtools 27-2285] Connecting to hw_server url TCP:localhost:3121
INFO: [Labtools 27-3415] Connecting to cs_server url TCP:localhost:3042
INFO: [Labtools 27-3414] Connected to existing cs_server.
current_hw_target [get_hw_targets */xilinx_tcf/Digilent/210251A08870]
set_property PARAM.FREQUENCY 15000000 [get_hw_targets */xilinx_tcf/Digilent/210251A08870]
open_hw_target
INFO: [Labtoolstcl 44-466] Opening hw_target localhost:3121/xilinx_tcf/Digilent/210251A08870
set_property PROGRAM.FILE {D:/compute_lab/lab2_3/lab2_3.runs/impl_1/regfile_display.bit} [get_hw_devices xc7a200t_0]
current_hw_device [get_hw_devices xc7a200t_0]
refresh_hw_device -update_hw_probes false [lindex [get_hw_devices xc7a200t_0] 0]
INFO: [Labtools 27-1434] Device xc7a200t (JTAG device index = 0) is programmed with a design that has no supported debug core(s) in it.
set_property PROBES.FILE {} [get_hw_devices xc7a200t_0]
set_property FULL_PROBES.FILE {} [get_hw_devices xc7a200t_0]
set_property PROGRAM.FILE {D:/compute_lab/lab2_3/lab2_3.runs/impl_1/regfile_display.bit} [get_hw_devices xc7a200t_0]
program_hw_devices [get_hw_devices xc7a200t_0]
INFO: [Labtools 27-3164] End of startup status: HIGH
program_hw_devices: Time (s): cpu = 00:00:05 ; elapsed = 00:00:06 . Memory (MB): peak = 3666.793 ; gain = 0.000
refresh_hw_device [lindex [get_hw_devices xc7a200t_0] 0]
INFO: [Labtools 27-1434] Device xc7a200t (JTAG device index = 0) is programmed with a design that has no supported debug core(s) in it.
close_hw_manager
reset_run synth_1
launch_runs impl_1 -to_step write_bitstream -jobs 8
[Fri Apr 18 17:33:37 2025] Launched synth_1...
Run output will be captured here: D:/compute_lab/lab2_3/lab2_3.runs/synth_1/runme.log
[Fri Apr 18 17:33:37 2025] Launched impl_1...
Run output will be captured here: D:/compute_lab/lab2_3/lab2_3.runs/impl_1/runme.log
open_hw_manager
INFO: [Labtools 27-2285] Connecting to hw_server url TCP:localhost:3121
INFO: [Labtools 27-2222] Launching hw_server...
INFO: [Labtools 27-2221] Launch Output:

****** Xilinx hw_server v2019.2
  **** Build date : Nov  6 2019 at 22:12:23
    ** Copyright 1986-2019 Xilinx, Inc. All Rights Reserved.


INFO: [Labtools 27-3415] Connecting to cs_server url TCP:localhost:3042
INFO: [Labtools 27-3417] Launching cs_server...
INFO: [Labtools 27-2221] Launch Output:


****** Xilinx cs_server v2019.2.0
  **** Build date : Nov 07 2019-13:28:22
    ** Copyright 2017-2019 Xilinx, Inc. All Rights Reserved.



connect_hw_server: Time (s): cpu = 00:00:00 ; elapsed = 00:00:07 . Memory (MB): peak = 3693.738 ; gain = 0.000
connect_hw_server -url localhost:3121 -allow_non_jtag
INFO: [Labtools 27-2285] Connecting to hw_server url TCP:localhost:3121
INFO: [Labtools 27-3415] Connecting to cs_server url TCP:localhost:3042
INFO: [Labtools 27-3414] Connected to existing cs_server.
current_hw_target [get_hw_targets */xilinx_tcf/Digilent/210251A08870]
set_property PARAM.FREQUENCY 15000000 [get_hw_targets */xilinx_tcf/Digilent/210251A08870]
open_hw_target
INFO: [Labtoolstcl 44-466] Opening hw_target localhost:3121/xilinx_tcf/Digilent/210251A08870
set_property PROGRAM.FILE {D:/compute_lab/lab2_3/lab2_3.runs/impl_1/regfile_display.bit} [get_hw_devices xc7a200t_0]
current_hw_device [get_hw_devices xc7a200t_0]
refresh_hw_device -update_hw_probes false [lindex [get_hw_devices xc7a200t_0] 0]
INFO: [Labtools 27-1434] Device xc7a200t (JTAG device index = 0) is programmed with a design that has no supported debug core(s) in it.
set_property PROBES.FILE {} [get_hw_devices xc7a200t_0]
set_property FULL_PROBES.FILE {} [get_hw_devices xc7a200t_0]
set_property PROGRAM.FILE {D:/compute_lab/lab2_3/lab2_3.runs/impl_1/regfile_display.bit} [get_hw_devices xc7a200t_0]
program_hw_devices [get_hw_devices xc7a200t_0]
INFO: [Labtools 27-3164] End of startup status: HIGH
program_hw_devices: Time (s): cpu = 00:00:05 ; elapsed = 00:00:06 . Memory (MB): peak = 3701.078 ; gain = 0.000
refresh_hw_device [lindex [get_hw_devices xc7a200t_0] 0]
INFO: [Labtools 27-1434] Device xc7a200t (JTAG device index = 0) is programmed with a design that has no supported debug core(s) in it.
reset_run synth_1
launch_runs synth_1 -jobs 8
[Fri Apr 18 17:37:12 2025] Launched synth_1...
Run output will be captured here: D:/compute_lab/lab2_3/lab2_3.runs/synth_1/runme.log
launch_runs impl_1 -jobs 8
[Fri Apr 18 17:37:46 2025] Launched impl_1...
Run output will be captured here: D:/compute_lab/lab2_3/lab2_3.runs/impl_1/runme.log
refresh_design
Netlist sorting complete. Time (s): cpu = 00:00:00 ; elapsed = 00:00:00.014 . Memory (MB): peak = 3701.805 ; gain = 0.000
INFO: [Netlist 29-17] Analyzing 446 Unisim elements for replacement
INFO: [Netlist 29-28] Unisim Transformation completed in 0 CPU seconds
INFO: [Project 1-479] Netlist was created with Vivado 2019.2
INFO: [Project 1-570] Preparing netlist for logic optimization
INFO: [Timing 38-478] Restoring timing data from binary archive.
INFO: [Timing 38-479] Binary timing data restore complete.
INFO: [Project 1-856] Restoring constraints from binary archive.
INFO: [Project 1-853] Binary constraint restore complete.
Reading XDEF placement.
Reading placer database...
Reading XDEF routing.
Read XDEF File: Time (s): cpu = 00:00:00 ; elapsed = 00:00:00.248 . Memory (MB): peak = 3701.805 ; gain = 0.000
Restored from archive | CPU: 0.000000 secs | Memory: 0.000000 MB |
Finished XDEF File Restore: Time (s): cpu = 00:00:00 ; elapsed = 00:00:00.248 . Memory (MB): peak = 3701.805 ; gain = 0.000
WARNING: [Timing 38-313] There are no user specified timing constraints. Timing constraints are needed for proper timing analysis.
ERROR: [Labtoolstcl 44-513] HW Target shutdown. Closing target: localhost:3121/xilinx_tcf/Digilent/210251A08870
reset_run synth_1
launch_runs synth_1 -jobs 8
[Fri Apr 18 17:49:40 2025] Launched synth_1...
Run output will be captured here: D:/compute_lab/lab2_3/lab2_3.runs/synth_1/runme.log
reset_run synth_1
launch_runs synth_1 -jobs 8
[Fri Apr 18 17:50:31 2025] Launched synth_1...
Run output will be captured here: D:/compute_lab/lab2_3/lab2_3.runs/synth_1/runme.log
launch_runs impl_1 -jobs 8
[Fri Apr 18 17:52:15 2025] Launched impl_1...
Run output will be captured here: D:/compute_lab/lab2_3/lab2_3.runs/impl_1/runme.log
refresh_design
Netlist sorting complete. Time (s): cpu = 00:00:00 ; elapsed = 00:00:00.014 . Memory (MB): peak = 3994.699 ; gain = 0.000
INFO: [Netlist 29-17] Analyzing 446 Unisim elements for replacement
INFO: [Netlist 29-28] Unisim Transformation completed in 0 CPU seconds
INFO: [Project 1-479] Netlist was created with Vivado 2019.2
INFO: [Project 1-570] Preparing netlist for logic optimization
INFO: [Timing 38-478] Restoring timing data from binary archive.
INFO: [Timing 38-479] Binary timing data restore complete.
INFO: [Project 1-856] Restoring constraints from binary archive.
INFO: [Project 1-853] Binary constraint restore complete.
Reading XDEF placement.
Reading placer database...
Reading XDEF routing.
Read XDEF File: Time (s): cpu = 00:00:00 ; elapsed = 00:00:00.251 . Memory (MB): peak = 3994.699 ; gain = 0.000
Restored from archive | CPU: 0.000000 secs | Memory: 0.000000 MB |
Finished XDEF File Restore: Time (s): cpu = 00:00:00 ; elapsed = 00:00:00.251 . Memory (MB): peak = 3994.699 ; gain = 0.000
WARNING: [Timing 38-313] There are no user specified timing constraints. Timing constraints are needed for proper timing analysis.
launch_runs impl_1 -to_step write_bitstream -jobs 8
[Fri Apr 18 17:53:55 2025] Launched impl_1...
Run output will be captured here: D:/compute_lab/lab2_3/lab2_3.runs/impl_1/runme.log
launch_runs impl_1 -to_step write_bitstream -jobs 8
ERROR: [Common 17-69] Command failed:  Run'impl_1' is already running and cannot be relaunched.
close_project
****** Webtalk v2019.2 (64-bit)
  **** SW Build 2708876 on Wed Nov  6 21:40:23 MST 2019
  **** IP Build 2700528 on Thu Nov  7 00:09:20 MST 2019
    ** Copyright 1986-2019 Xilinx, Inc. All Rights Reserved.

source D:/compute_lab/lab2_3/lab2_3.hw/webtalk/labtool_webtalk.tcl -notrace
INFO: [Common 17-206] Exiting Webtalk at Fri Apr 18 17:55:50 2025...
open_project D:/compute_lab/lab2_3/lab2_3.xpr
Scanning sources...
Finished scanning sources
INFO: [IP_Flow 19-234] Refreshing IP repositories
INFO: [IP_Flow 19-1704] No user IP repositories specified
INFO: [IP_Flow 19-2313] Loaded Vivado IP repository 'D:/developp/Vivado/2019.2/data/ip'.
update_compile_order -fileset sources_1
open_hw_manager
connect_hw_server -allow_non_jtag
INFO: [Labtools 27-2285] Connecting to hw_server url TCP:localhost:3121
INFO: [Labtools 27-3415] Connecting to cs_server url TCP:localhost:3042
INFO: [Labtools 27-3414] Connected to existing cs_server.
disconnect_hw_server localhost:3121
connect_hw_server -allow_non_jtag
INFO: [Labtools 27-2285] Connecting to hw_server url TCP:localhost:3121
INFO: [Labtools 27-3415] Connecting to cs_server url TCP:localhost:3042
INFO: [Labtools 27-3414] Connected to existing cs_server.
exit
INFO: [Common 17-206] Exiting Vivado at Fri Apr 18 17:57:41 2025...
