#-----------------------------------------------------------
# Vivado v2019.2 (64-bit)
# SW Build 2708876 on Wed Nov  6 21:40:23 MST 2019
# IP Build 2700528 on Thu Nov  7 00:09:20 MST 2019
# Start of session at: Tue Apr 22 16:20:29 2025
# Process ID: 26312
# Current directory: D:/compute_lab/lab3_2_1/block_ram
# Command line: vivado.exe -gui_launcher_event rodinguilauncherevent9384 D:\compute_lab\lab3_2_1\block_ram\block_ram.xpr
# Log file: D:/compute_lab/lab3_2_1/block_ram/vivado.log
# Journal file: D:/compute_lab/lab3_2_1/block_ram\vivado.jou
#-----------------------------------------------------------
start_gui
open_project D:/compute_lab/lab3_2_1/block_ram/block_ram.xpr
Scanning sources...
Finished scanning sources
INFO: [IP_Flow 19-234] Refreshing IP repositories
INFO: [IP_Flow 19-1704] No user IP repositories specified
INFO: [IP_Flow 19-2313] Loaded Vivado IP repository 'D:/developp/Vivado/2019.2/data/ip'.
open_project: Time (s): cpu = 00:00:46 ; elapsed = 00:00:19 . Memory (MB): peak = 803.293 ; gain = 92.684
update_compile_order -fileset sources_1
WARNING: [IP_Flow 19-4067] Ignoring invalid widget type specified checkbox.Providing a default widget
WARNING: [IP_Flow 19-4067] Ignoring invalid widget type specified checkbox.Providing a default widget
exit
INFO: [Common 17-206] Exiting Vivado at Tue Apr 22 16:29:29 2025...
