#-----------------------------------------------------------
# Vivado v2019.2 (64-bit)
# SW Build 2708876 on Wed Nov  6 21:40:23 MST 2019
# IP Build 2700528 on Thu Nov  7 00:09:20 MST 2019
# Start of session at: Tue Apr 22 09:54:57 2025
# Process ID: 7700
# Current directory: D:/compute_lab/lab3_2_1/block_ram
# Command line: vivado.exe -gui_launcher_event rodinguilauncherevent18720 D:\compute_lab\lab3_2_1\block_ram\block_ram.xpr
# Log file: D:/compute_lab/lab3_2_1/block_ram/vivado.log
# Journal file: D:/compute_lab/lab3_2_1/block_ram\vivado.jou
#-----------------------------------------------------------
start_gui
open_project D:/compute_lab/lab3_2_1/block_ram/block_ram.xpr
Scanning sources...
Finished scanning sources
INFO: [IP_Flow 19-234] Refreshing IP repositories
INFO: [IP_Flow 19-1704] No user IP repositories specified
INFO: [IP_Flow 19-2313] Loaded Vivado IP repository 'D:/developp/Vivado/2019.2/data/ip'.
open_project: Time (s): cpu = 00:00:29 ; elapsed = 00:00:13 . Memory (MB): peak = 804.254 ; gain = 91.395
update_compile_order -fileset sources_1
WARNING: [IP_Flow 19-4067] Ignoring invalid widget type specified checkbox.Providing a default widget
WARNING: [IP_Flow 19-4067] Ignoring invalid widget type specified checkbox.Providing a default widget
WARNING: [IP_Flow 19-4067] Ignoring invalid widget type specified checkbox.Providing a default widget
WARNING: [IP_Flow 19-4067] Ignoring invalid widget type specified checkbox.Providing a default widget
launch_simulation
Command: launch_simulation 
INFO: [Vivado 12-5698] Checking validity of IPs in the design for the 'XSim' simulator...
INFO: [Vivado 12-5682] Launching behavioral simulation in 'D:/compute_lab/lab3_2_1/block_ram/block_ram.sim/sim_1/behav/xsim'
INFO: [Vivado 12-4795] Using compiled simulation libraries for IPs
INFO: [SIM-utils-51] Simulation object is 'sim_1'
INFO: [USF-XSim-7] Finding pre-compiled libraries...
INFO: [USF-XSim-11] File 'D:/developp/Vivado/2019.2/data/xsim/xsim.ini' copied to run dir:'D:/compute_lab/lab3_2_1/block_ram/block_ram.sim/sim_1/behav/xsim'
INFO: [SIM-utils-54] Inspecting design source files for 'tb3_2_1' in fileset 'sim_1'...
INFO: [USF-XSim-97] Finding global include files...
INFO: [USF-XSim-98] Fetching design files from 'sim_1'...
INFO: [USF-XSim-2] XSim::Compile design
INFO: [USF-XSim-61] Executing 'COMPILE and ANALYZE' step in 'D:/compute_lab/lab3_2_1/block_ram/block_ram.sim/sim_1/behav/xsim'
"xvlog --incr --relax -prj tb3_2_1_vlog.prj"
INFO: [VRFC 10-2263] Analyzing Verilog file "D:/compute_lab/lab3_2_1/block_ram/block_ram.srcs/sources_1/ip/block_ram/sim/block_ram.v" into library xil_defaultlib
INFO: [VRFC 10-311] analyzing module block_ram
INFO: [VRFC 10-2263] Analyzing Verilog file "D:/compute_lab/lab3_2_1/block_ram/block_ram.srcs/sources_1/new/tongbu_ram.v" into library xil_defaultlib
INFO: [VRFC 10-311] analyzing module tongbu_ram
INFO: [VRFC 10-2263] Analyzing Verilog file "D:/compute_lab/lab3_2_1/block_ram/block_ram.srcs/sim_1/new/tb3_2_1.v" into library xil_defaultlib
INFO: [VRFC 10-311] analyzing module tb3_2_1
INFO: [USF-XSim-69] 'compile' step finished in '2' seconds
INFO: [USF-XSim-3] XSim::Elaborate design
INFO: [USF-XSim-61] Executing 'ELABORATE' step in 'D:/compute_lab/lab3_2_1/block_ram/block_ram.sim/sim_1/behav/xsim'
"xelab -wto dcc51214a98d458086c7e7948842bcdc --incr --debug typical --relax --mt 2 -L blk_mem_gen_v8_4_4 -L xil_defaultlib -L unisims_ver -L unimacro_ver -L secureip -L xpm --snapshot tb3_2_1_behav xil_defaultlib.tb3_2_1 xil_defaultlib.glbl -log elaborate.log"
Vivado Simulator 2019.2
Copyright 1986-1999, 2001-2019 Xilinx, Inc. All Rights Reserved.
Running: D:/developp/Vivado/2019.2/bin/unwrapped/win64.o/xelab.exe -wto dcc51214a98d458086c7e7948842bcdc --incr --debug typical --relax --mt 2 -L blk_mem_gen_v8_4_4 -L xil_defaultlib -L unisims_ver -L unimacro_ver -L secureip -L xpm --snapshot tb3_2_1_behav xil_defaultlib.tb3_2_1 xil_defaultlib.glbl -log elaborate.log 
Using 2 slave threads.
Starting static elaboration
Pass Through NonSizing Optimizer
Completed static elaboration
Starting simulation data flow analysis
Completed simulation data flow analysis
Time Resolution for simulation is 1ps
Compiling module blk_mem_gen_v8_4_4.blk_mem_gen_v8_4_4_output_stage(...
Compiling module blk_mem_gen_v8_4_4.blk_mem_gen_v8_4_4_softecc_outpu...
Compiling module blk_mem_gen_v8_4_4.blk_mem_gen_v8_4_4_mem_module(C_...
Compiling module blk_mem_gen_v8_4_4.blk_mem_gen_v8_4_4(C_FAMILY="art...
Compiling module xil_defaultlib.block_ram
Compiling module xil_defaultlib.tongbu_ram
Compiling module xil_defaultlib.tb3_2_1
Compiling module xil_defaultlib.glbl
Built simulation snapshot tb3_2_1_behav

****** Webtalk v2019.2 (64-bit)
  **** SW Build 2708876 on Wed Nov  6 21:40:23 MST 2019
  **** IP Build 2700528 on Thu Nov  7 00:09:20 MST 2019
    ** Copyright 1986-2019 Xilinx, Inc. All Rights Reserved.

source D:/compute_lab/lab3_2_1/block_ram/block_ram.sim/sim_1/behav/xsim/xsim.dir/tb3_2_1_behav/webtalk/xsim_webtalk.tcl -notrace
INFO: [Common 17-206] Exiting Webtalk at Tue Apr 22 10:11:46 2025...
run_program: Time (s): cpu = 00:00:01 ; elapsed = 00:00:08 . Memory (MB): peak = 863.934 ; gain = 0.000
INFO: [USF-XSim-69] 'elaborate' step finished in '7' seconds
INFO: [USF-XSim-4] XSim::Simulate design
INFO: [USF-XSim-61] Executing 'SIMULATE' step in 'D:/compute_lab/lab3_2_1/block_ram/block_ram.sim/sim_1/behav/xsim'
INFO: [USF-XSim-98] *** Running xsim
   with args "tb3_2_1_behav -key {Behavioral:sim_1:Functional:tb3_2_1} -tclbatch {tb3_2_1.tcl} -log {simulate.log}"
INFO: [USF-XSim-8] Loading simulator feature
Vivado Simulator 2019.2
Time resolution is 1 ps
source tb3_2_1.tcl
# set curr_wave [current_wave_config]
# if { [string length $curr_wave] == 0 } {
#   if { [llength [get_objects]] > 0} {
#     add_wave /
#     set_property needs_save false [current_wave_config]
#   } else {
#      send_msg_id Add_Wave-1 WARNING "No top level signals found. Simulator will start without a wave window. If you want to open a wave window go to 'File->New Waveform Configuration' or type 'create_wave_config' in the TCL console."
#   }
# }
# run 1000ns
Block Memory Generator module tb3_2_1.u_sync_ram_top.u_block_ram.inst.native_mem_module.blk_mem_gen_v8_4_4_inst is using a behavioral model for simulation which will not precisely model memory collision behavior.
xsim: Time (s): cpu = 00:00:16 ; elapsed = 00:00:06 . Memory (MB): peak = 895.840 ; gain = 31.906
INFO: [USF-XSim-96] XSim completed. Design snapshot 'tb3_2_1_behav' loaded.
INFO: [USF-XSim-97] XSim simulation ran for 1000ns
launch_simulation: Time (s): cpu = 00:00:19 ; elapsed = 00:00:17 . Memory (MB): peak = 895.840 ; gain = 31.906
synth_design -rtl -name rtl_1
Command: synth_design -rtl -name rtl_1
Starting synth_design
Using part: xc7a200tfbg676-1
Top: tongbu_ram
INFO: [Device 21-403] Loading part xc7a200tfbg676-1
---------------------------------------------------------------------------------
Starting RTL Elaboration : Time (s): cpu = 00:00:05 ; elapsed = 00:00:05 . Memory (MB): peak = 1554.852 ; gain = 226.633
---------------------------------------------------------------------------------
INFO: [Synth 8-6157] synthesizing module 'tongbu_ram' [D:/compute_lab/lab3_2_1/block_ram/block_ram.srcs/sources_1/new/tongbu_ram.v:2]
INFO: [Synth 8-6157] synthesizing module 'block_ram' [D:/compute_lab/lab3_2_1/block_ram/.Xil/Vivado-7700-LAPTOP-6OFK5A0R/realtime/block_ram_stub.v:6]
INFO: [Synth 8-6155] done synthesizing module 'block_ram' (1#1) [D:/compute_lab/lab3_2_1/block_ram/.Xil/Vivado-7700-LAPTOP-6OFK5A0R/realtime/block_ram_stub.v:6]
INFO: [Synth 8-6155] done synthesizing module 'tongbu_ram' (2#1) [D:/compute_lab/lab3_2_1/block_ram/block_ram.srcs/sources_1/new/tongbu_ram.v:2]
---------------------------------------------------------------------------------
Finished RTL Elaboration : Time (s): cpu = 00:00:05 ; elapsed = 00:00:06 . Memory (MB): peak = 1605.691 ; gain = 277.473
---------------------------------------------------------------------------------

Report Check Netlist: 
+------+------------------+-------+---------+-------+------------------+
|      |Item              |Errors |Warnings |Status |Description       |
+------+------------------+-------+---------+-------+------------------+
|1     |multi_driven_nets |      0|        0|Passed |Multi driven nets |
+------+------------------+-------+---------+-------+------------------+
---------------------------------------------------------------------------------
Start Handling Custom Attributes
---------------------------------------------------------------------------------
---------------------------------------------------------------------------------
Finished Handling Custom Attributes : Time (s): cpu = 00:00:06 ; elapsed = 00:00:07 . Memory (MB): peak = 1605.691 ; gain = 277.473
---------------------------------------------------------------------------------
---------------------------------------------------------------------------------
Finished RTL Optimization Phase 1 : Time (s): cpu = 00:00:06 ; elapsed = 00:00:07 . Memory (MB): peak = 1605.691 ; gain = 277.473
---------------------------------------------------------------------------------
INFO: [Project 1-454] Reading design checkpoint 'd:/compute_lab/lab3_2_1/block_ram/block_ram.srcs/sources_1/ip/block_ram/block_ram.dcp' for cell 'u_block_ram'
Netlist sorting complete. Time (s): cpu = 00:00:01 ; elapsed = 00:00:00.019 . Memory (MB): peak = 1605.691 ; gain = 0.000
INFO: [Netlist 29-17] Analyzing 139 Unisim elements for replacement
INFO: [Netlist 29-28] Unisim Transformation completed in 0 CPU seconds
INFO: [Project 1-479] Netlist was created with Vivado 2019.2
INFO: [Project 1-570] Preparing netlist for logic optimization
INFO: [Opt 31-140] Inserted 50 IBUFs to IO ports without IO buffers.
INFO: [Opt 31-141] Inserted 32 OBUFs to IO ports without IO buffers.

Processing XDC Constraints
Initializing timing engine
Completed Processing XDC Constraints

INFO: [Opt 31-138] Pushed 0 inverter(s) to 0 load pin(s).
Netlist sorting complete. Time (s): cpu = 00:00:00 ; elapsed = 00:00:00 . Memory (MB): peak = 1731.715 ; gain = 0.000
INFO: [Project 1-111] Unisim Transformation Summary:
No Unisim elements were transformed.

RTL Elaboration Complete:  : Time (s): cpu = 00:00:25 ; elapsed = 00:00:16 . Memory (MB): peak = 1797.922 ; gain = 469.703
14 Infos, 0 Warnings, 0 Critical Warnings and 0 Errors encountered.
synth_design completed successfully
synth_design: Time (s): cpu = 00:00:33 ; elapsed = 00:00:24 . Memory (MB): peak = 1797.922 ; gain = 733.199
close_sim
INFO: [Simtcl 6-16] Simulation closed
close_sim: Time (s): cpu = 00:00:03 ; elapsed = 00:00:07 . Memory (MB): peak = 1855.293 ; gain = 11.055
exit
INFO: [Common 17-206] Exiting Vivado at Tue Apr 22 13:26:55 2025...
