#-----------------------------------------------------------
# Vivado v2019.2 (64-bit)
# SW Build 2708876 on Wed Nov  6 21:40:23 MST 2019
# IP Build 2700528 on Thu Nov  7 00:09:20 MST 2019
# Start of session at: Sun Apr 20 16:07:04 2025
# Process ID: 11144
# Current directory: D:/compute_lab/lab3_2_1/block_ram
# Command line: vivado.exe -gui_launcher_event rodinguilauncherevent15948 D:\compute_lab\lab3_2_1\block_ram\block_ram.xpr
# Log file: D:/compute_lab/lab3_2_1/block_ram/vivado.log
# Journal file: D:/compute_lab/lab3_2_1/block_ram\vivado.jou
#-----------------------------------------------------------
start_gui
open_project D:/compute_lab/lab3_2_1/block_ram/block_ram.xpr
Scanning sources...
Finished scanning sources
INFO: [IP_Flow 19-234] Refreshing IP repositories
INFO: [IP_Flow 19-1704] No user IP repositories specified
INFO: [IP_Flow 19-2313] Loaded Vivado IP repository 'D:/developp/Vivado/2019.2/data/ip'.
update_compile_order -fileset sources_1
launch_simulation
Command: launch_simulation 
INFO: [Vivado 12-5698] Checking validity of IPs in the design for the 'XSim' simulator...
INFO: [Vivado 12-5682] Launching behavioral simulation in 'D:/compute_lab/lab3_2_1/block_ram/block_ram.sim/sim_1/behav/xsim'
INFO: [Vivado 12-4795] Using compiled simulation libraries for IPs
INFO: [SIM-utils-51] Simulation object is 'sim_1'
INFO: [USF-XSim-7] Finding pre-compiled libraries...
INFO: [USF-XSim-11] File 'D:/developp/Vivado/2019.2/data/xsim/xsim.ini' copied to run dir:'D:/compute_lab/lab3_2_1/block_ram/block_ram.sim/sim_1/behav/xsim'
INFO: [SIM-utils-54] Inspecting design source files for 'tb3_2_1' in fileset 'sim_1'...
INFO: [USF-XSim-97] Finding global include files...
INFO: [USF-XSim-98] Fetching design files from 'sim_1'...
INFO: [USF-XSim-2] XSim::Compile design
INFO: [USF-XSim-61] Executing 'COMPILE and ANALYZE' step in 'D:/compute_lab/lab3_2_1/block_ram/block_ram.sim/sim_1/behav/xsim'
"xvlog --incr --relax -prj tb3_2_1_vlog.prj"
INFO: [VRFC 10-2263] Analyzing Verilog file "D:/compute_lab/lab3_2_1/block_ram/block_ram.srcs/sources_1/ip/block_ram/sim/block_ram.v" into library xil_defaultlib
INFO: [VRFC 10-311] analyzing module block_ram
INFO: [VRFC 10-2263] Analyzing Verilog file "D:/compute_lab/lab3_2_1/block_ram/block_ram.srcs/sources_1/new/tongbu_ram.v" into library xil_defaultlib
INFO: [VRFC 10-311] analyzing module tongbu_ram
INFO: [VRFC 10-2263] Analyzing Verilog file "D:/compute_lab/lab3_2_1/block_ram/block_ram.srcs/sim_1/new/tb3_2_1.v" into library xil_defaultlib
INFO: [VRFC 10-311] analyzing module tb3_2_1
INFO: [USF-XSim-69] 'compile' step finished in '2' seconds
INFO: [USF-XSim-3] XSim::Elaborate design
INFO: [USF-XSim-61] Executing 'ELABORATE' step in 'D:/compute_lab/lab3_2_1/block_ram/block_ram.sim/sim_1/behav/xsim'
"xelab -wto dcc51214a98d458086c7e7948842bcdc --incr --debug typical --relax --mt 2 -L blk_mem_gen_v8_4_4 -L xil_defaultlib -L unisims_ver -L unimacro_ver -L secureip -L xpm --snapshot tb3_2_1_behav xil_defaultlib.tb3_2_1 xil_defaultlib.glbl -log elaborate.log"
Vivado Simulator 2019.2
Copyright 1986-1999, 2001-2019 Xilinx, Inc. All Rights Reserved.
Running: D:/developp/Vivado/2019.2/bin/unwrapped/win64.o/xelab.exe -wto dcc51214a98d458086c7e7948842bcdc --incr --debug typical --relax --mt 2 -L blk_mem_gen_v8_4_4 -L xil_defaultlib -L unisims_ver -L unimacro_ver -L secureip -L xpm --snapshot tb3_2_1_behav xil_defaultlib.tb3_2_1 xil_defaultlib.glbl -log elaborate.log 
Using 2 slave threads.
Starting static elaboration
Pass Through NonSizing Optimizer
Completed static elaboration
Starting simulation data flow analysis
Completed simulation data flow analysis
Time Resolution for simulation is 1ps
Compiling module blk_mem_gen_v8_4_4.blk_mem_gen_v8_4_4_output_stage(...
Compiling module blk_mem_gen_v8_4_4.blk_mem_gen_v8_4_4_softecc_outpu...
Compiling module blk_mem_gen_v8_4_4.blk_mem_gen_v8_4_4_mem_module(C_...
Compiling module blk_mem_gen_v8_4_4.blk_mem_gen_v8_4_4(C_FAMILY="art...
Compiling module xil_defaultlib.block_ram
Compiling module xil_defaultlib.tongbu_ram
Compiling module xil_defaultlib.tb3_2_1
Compiling module xil_defaultlib.glbl
Built simulation snapshot tb3_2_1_behav

****** Webtalk v2019.2 (64-bit)
  **** SW Build 2708876 on Wed Nov  6 21:40:23 MST 2019
  **** IP Build 2700528 on Thu Nov  7 00:09:20 MST 2019
    ** Copyright 1986-2019 Xilinx, Inc. All Rights Reserved.

source D:/compute_lab/lab3_2_1/block_ram/block_ram.sim/sim_1/behav/xsim/xsim.dir/tb3_2_1_behav/webtalk/xsim_webtalk.tcl -notrace
INFO: [Common 17-206] Exiting Webtalk at Sun Apr 20 16:13:05 2025...
run_program: Time (s): cpu = 00:00:00 ; elapsed = 00:00:06 . Memory (MB): peak = 857.234 ; gain = 0.000
INFO: [USF-XSim-69] 'elaborate' step finished in '6' seconds
INFO: [USF-XSim-4] XSim::Simulate design
INFO: [USF-XSim-61] Executing 'SIMULATE' step in 'D:/compute_lab/lab3_2_1/block_ram/block_ram.sim/sim_1/behav/xsim'
INFO: [USF-XSim-98] *** Running xsim
   with args "tb3_2_1_behav -key {Behavioral:sim_1:Functional:tb3_2_1} -tclbatch {tb3_2_1.tcl} -log {simulate.log}"
INFO: [USF-XSim-8] Loading simulator feature
Vivado Simulator 2019.2
Time resolution is 1 ps
source tb3_2_1.tcl
# set curr_wave [current_wave_config]
# if { [string length $curr_wave] == 0 } {
#   if { [llength [get_objects]] > 0} {
#     add_wave /
#     set_property needs_save false [current_wave_config]
#   } else {
#      send_msg_id Add_Wave-1 WARNING "No top level signals found. Simulator will start without a wave window. If you want to open a wave window go to 'File->New Waveform Configuration' or type 'create_wave_config' in the TCL console."
#   }
# }
# run 1000ns
Block Memory Generator module tb3_2_1.u_sync_ram_top.u_block_ram.inst.native_mem_module.blk_mem_gen_v8_4_4_inst is using a behavioral model for simulation which will not precisely model memory collision behavior.
INFO: [USF-XSim-96] XSim completed. Design snapshot 'tb3_2_1_behav' loaded.
INFO: [USF-XSim-97] XSim simulation ran for 1000ns
launch_simulation: Time (s): cpu = 00:00:10 ; elapsed = 00:00:13 . Memory (MB): peak = 902.238 ; gain = 54.816
close_sim
INFO: [Simtcl 6-16] Simulation closed
launch_simulation
Command: launch_simulation 
INFO: [Vivado 12-5698] Checking validity of IPs in the design for the 'XSim' simulator...
INFO: [Vivado 12-5682] Launching behavioral simulation in 'D:/compute_lab/lab3_2_1/block_ram/block_ram.sim/sim_1/behav/xsim'
INFO: [Vivado 12-4795] Using compiled simulation libraries for IPs
INFO: [SIM-utils-51] Simulation object is 'sim_1'
INFO: [USF-XSim-7] Finding pre-compiled libraries...
INFO: [USF-XSim-11] File 'D:/developp/Vivado/2019.2/data/xsim/xsim.ini' copied to run dir:'D:/compute_lab/lab3_2_1/block_ram/block_ram.sim/sim_1/behav/xsim'
INFO: [SIM-utils-54] Inspecting design source files for 'tb3_2_1' in fileset 'sim_1'...
INFO: [USF-XSim-97] Finding global include files...
INFO: [USF-XSim-98] Fetching design files from 'sim_1'...
INFO: [USF-XSim-2] XSim::Compile design
INFO: [USF-XSim-61] Executing 'COMPILE and ANALYZE' step in 'D:/compute_lab/lab3_2_1/block_ram/block_ram.sim/sim_1/behav/xsim'
"xvlog --incr --relax -prj tb3_2_1_vlog.prj"
INFO: [VRFC 10-2263] Analyzing Verilog file "D:/compute_lab/lab3_2_1/block_ram/block_ram.srcs/sources_1/ip/block_ram/sim/block_ram.v" into library xil_defaultlib
INFO: [VRFC 10-311] analyzing module block_ram
INFO: [VRFC 10-2263] Analyzing Verilog file "D:/compute_lab/lab3_2_1/block_ram/block_ram.srcs/sources_1/new/tongbu_ram.v" into library xil_defaultlib
INFO: [VRFC 10-311] analyzing module tongbu_ram
INFO: [VRFC 10-2263] Analyzing Verilog file "D:/compute_lab/lab3_2_1/block_ram/block_ram.srcs/sim_1/new/tb3_2_1.v" into library xil_defaultlib
INFO: [VRFC 10-311] analyzing module tb3_2_1
INFO: [USF-XSim-69] 'compile' step finished in '1' seconds
INFO: [USF-XSim-3] XSim::Elaborate design
INFO: [USF-XSim-61] Executing 'ELABORATE' step in 'D:/compute_lab/lab3_2_1/block_ram/block_ram.sim/sim_1/behav/xsim'
"xelab -wto dcc51214a98d458086c7e7948842bcdc --incr --debug typical --relax --mt 2 -L blk_mem_gen_v8_4_4 -L xil_defaultlib -L unisims_ver -L unimacro_ver -L secureip -L xpm --snapshot tb3_2_1_behav xil_defaultlib.tb3_2_1 xil_defaultlib.glbl -log elaborate.log"
Vivado Simulator 2019.2
Copyright 1986-1999, 2001-2019 Xilinx, Inc. All Rights Reserved.
Running: D:/developp/Vivado/2019.2/bin/unwrapped/win64.o/xelab.exe -wto dcc51214a98d458086c7e7948842bcdc --incr --debug typical --relax --mt 2 -L blk_mem_gen_v8_4_4 -L xil_defaultlib -L unisims_ver -L unimacro_ver -L secureip -L xpm --snapshot tb3_2_1_behav xil_defaultlib.tb3_2_1 xil_defaultlib.glbl -log elaborate.log 
Using 2 slave threads.
Starting static elaboration
Pass Through NonSizing Optimizer
Completed static elaboration
Starting simulation data flow analysis
Completed simulation data flow analysis
Time Resolution for simulation is 1ps
Compiling module blk_mem_gen_v8_4_4.blk_mem_gen_v8_4_4_output_stage(...
Compiling module blk_mem_gen_v8_4_4.blk_mem_gen_v8_4_4_softecc_outpu...
Compiling module blk_mem_gen_v8_4_4.blk_mem_gen_v8_4_4_mem_module(C_...
Compiling module blk_mem_gen_v8_4_4.blk_mem_gen_v8_4_4(C_FAMILY="art...
Compiling module xil_defaultlib.block_ram
Compiling module xil_defaultlib.tongbu_ram
Compiling module xil_defaultlib.tb3_2_1
Compiling module xil_defaultlib.glbl
Built simulation snapshot tb3_2_1_behav
INFO: [USF-XSim-69] 'elaborate' step finished in '3' seconds
INFO: [USF-XSim-4] XSim::Simulate design
INFO: [USF-XSim-61] Executing 'SIMULATE' step in 'D:/compute_lab/lab3_2_1/block_ram/block_ram.sim/sim_1/behav/xsim'
INFO: [USF-XSim-98] *** Running xsim
   with args "tb3_2_1_behav -key {Behavioral:sim_1:Functional:tb3_2_1} -tclbatch {tb3_2_1.tcl} -log {simulate.log}"
INFO: [USF-XSim-8] Loading simulator feature
Vivado Simulator 2019.2
Time resolution is 1 ps
source tb3_2_1.tcl
# set curr_wave [current_wave_config]
# if { [string length $curr_wave] == 0 } {
#   if { [llength [get_objects]] > 0} {
#     add_wave /
#     set_property needs_save false [current_wave_config]
#   } else {
#      send_msg_id Add_Wave-1 WARNING "No top level signals found. Simulator will start without a wave window. If you want to open a wave window go to 'File->New Waveform Configuration' or type 'create_wave_config' in the TCL console."
#   }
# }
# run 1000ns
Block Memory Generator module tb3_2_1.u_sync_ram_top.u_block_ram.inst.native_mem_module.blk_mem_gen_v8_4_4_inst is using a behavioral model for simulation which will not precisely model memory collision behavior.
INFO: [USF-XSim-96] XSim completed. Design snapshot 'tb3_2_1_behav' loaded.
INFO: [USF-XSim-97] XSim simulation ran for 1000ns
launch_simulation: Time (s): cpu = 00:00:09 ; elapsed = 00:00:10 . Memory (MB): peak = 992.605 ; gain = 0.000
close_sim
INFO: [Simtcl 6-16] Simulation closed
launch_simulation
Command: launch_simulation 
INFO: [Vivado 12-5698] Checking validity of IPs in the design for the 'XSim' simulator...
INFO: [Vivado 12-5682] Launching behavioral simulation in 'D:/compute_lab/lab3_2_1/block_ram/block_ram.sim/sim_1/behav/xsim'
INFO: [Vivado 12-4795] Using compiled simulation libraries for IPs
INFO: [SIM-utils-51] Simulation object is 'sim_1'
INFO: [USF-XSim-7] Finding pre-compiled libraries...
INFO: [USF-XSim-11] File 'D:/developp/Vivado/2019.2/data/xsim/xsim.ini' copied to run dir:'D:/compute_lab/lab3_2_1/block_ram/block_ram.sim/sim_1/behav/xsim'
INFO: [SIM-utils-54] Inspecting design source files for 'tb3_2_1' in fileset 'sim_1'...
INFO: [USF-XSim-97] Finding global include files...
INFO: [USF-XSim-98] Fetching design files from 'sim_1'...
INFO: [USF-XSim-2] XSim::Compile design
INFO: [USF-XSim-61] Executing 'COMPILE and ANALYZE' step in 'D:/compute_lab/lab3_2_1/block_ram/block_ram.sim/sim_1/behav/xsim'
"xvlog --incr --relax -prj tb3_2_1_vlog.prj"
INFO: [VRFC 10-2263] Analyzing Verilog file "D:/compute_lab/lab3_2_1/block_ram/block_ram.srcs/sources_1/ip/block_ram/sim/block_ram.v" into library xil_defaultlib
INFO: [VRFC 10-311] analyzing module block_ram
INFO: [VRFC 10-2263] Analyzing Verilog file "D:/compute_lab/lab3_2_1/block_ram/block_ram.srcs/sources_1/new/tongbu_ram.v" into library xil_defaultlib
INFO: [VRFC 10-311] analyzing module tongbu_ram
INFO: [VRFC 10-2263] Analyzing Verilog file "D:/compute_lab/lab3_2_1/block_ram/block_ram.srcs/sim_1/new/tb3_2_1.v" into library xil_defaultlib
INFO: [VRFC 10-311] analyzing module tb3_2_1
INFO: [USF-XSim-69] 'compile' step finished in '2' seconds
INFO: [USF-XSim-3] XSim::Elaborate design
INFO: [USF-XSim-61] Executing 'ELABORATE' step in 'D:/compute_lab/lab3_2_1/block_ram/block_ram.sim/sim_1/behav/xsim'
"xelab -wto dcc51214a98d458086c7e7948842bcdc --incr --debug typical --relax --mt 2 -L blk_mem_gen_v8_4_4 -L xil_defaultlib -L unisims_ver -L unimacro_ver -L secureip -L xpm --snapshot tb3_2_1_behav xil_defaultlib.tb3_2_1 xil_defaultlib.glbl -log elaborate.log"
Vivado Simulator 2019.2
Copyright 1986-1999, 2001-2019 Xilinx, Inc. All Rights Reserved.
Running: D:/developp/Vivado/2019.2/bin/unwrapped/win64.o/xelab.exe -wto dcc51214a98d458086c7e7948842bcdc --incr --debug typical --relax --mt 2 -L blk_mem_gen_v8_4_4 -L xil_defaultlib -L unisims_ver -L unimacro_ver -L secureip -L xpm --snapshot tb3_2_1_behav xil_defaultlib.tb3_2_1 xil_defaultlib.glbl -log elaborate.log 
Using 2 slave threads.
Starting static elaboration
Pass Through NonSizing Optimizer
Completed static elaboration
Starting simulation data flow analysis
Completed simulation data flow analysis
Time Resolution for simulation is 1ps
Compiling module blk_mem_gen_v8_4_4.blk_mem_gen_v8_4_4_output_stage(...
Compiling module blk_mem_gen_v8_4_4.blk_mem_gen_v8_4_4_softecc_outpu...
Compiling module blk_mem_gen_v8_4_4.blk_mem_gen_v8_4_4_mem_module(C_...
Compiling module blk_mem_gen_v8_4_4.blk_mem_gen_v8_4_4(C_FAMILY="art...
Compiling module xil_defaultlib.block_ram
Compiling module xil_defaultlib.tongbu_ram
Compiling module xil_defaultlib.tb3_2_1
Compiling module xil_defaultlib.glbl
Built simulation snapshot tb3_2_1_behav
INFO: [USF-XSim-69] 'elaborate' step finished in '3' seconds
INFO: [USF-XSim-4] XSim::Simulate design
INFO: [USF-XSim-61] Executing 'SIMULATE' step in 'D:/compute_lab/lab3_2_1/block_ram/block_ram.sim/sim_1/behav/xsim'
INFO: [USF-XSim-98] *** Running xsim
   with args "tb3_2_1_behav -key {Behavioral:sim_1:Functional:tb3_2_1} -tclbatch {tb3_2_1.tcl} -log {simulate.log}"
INFO: [USF-XSim-8] Loading simulator feature
Vivado Simulator 2019.2
Time resolution is 1 ps
source tb3_2_1.tcl
# set curr_wave [current_wave_config]
# if { [string length $curr_wave] == 0 } {
#   if { [llength [get_objects]] > 0} {
#     add_wave /
#     set_property needs_save false [current_wave_config]
#   } else {
#      send_msg_id Add_Wave-1 WARNING "No top level signals found. Simulator will start without a wave window. If you want to open a wave window go to 'File->New Waveform Configuration' or type 'create_wave_config' in the TCL console."
#   }
# }
# run 1000ns
Block Memory Generator module tb3_2_1.u_sync_ram_top.u_block_ram.inst.native_mem_module.blk_mem_gen_v8_4_4_inst is using a behavioral model for simulation which will not precisely model memory collision behavior.
INFO: [USF-XSim-96] XSim completed. Design snapshot 'tb3_2_1_behav' loaded.
INFO: [USF-XSim-97] XSim simulation ran for 1000ns
launch_simulation: Time (s): cpu = 00:00:02 ; elapsed = 00:00:07 . Memory (MB): peak = 993.902 ; gain = 0.000
WARNING: [IP_Flow 19-4067] Ignoring invalid widget type specified checkbox.Providing a default widget
WARNING: [IP_Flow 19-4067] Ignoring invalid widget type specified checkbox.Providing a default widget
close_sim
INFO: [Simtcl 6-16] Simulation closed
exit
INFO: [Common 17-206] Exiting Vivado at Sun Apr 20 20:24:20 2025...
