#-----------------------------------------------------------
# Vivado v2019.2 (64-bit)
# SW Build 2708876 on Wed Nov  6 21:40:23 MST 2019
# IP Build 2700528 on Thu Nov  7 00:09:20 MST 2019
# Start of session at: Tue Apr  1 17:38:42 2025
# Process ID: 21652
# Current directory: D:/compute_lab/lab2_2_1
# Command line: vivado.exe -gui_launcher_event rodinguilauncherevent22844 D:\compute_lab\lab2_2_1\lab2_1_1.xpr
# Log file: D:/compute_lab/lab2_2_1/vivado.log
# Journal file: D:/compute_lab/lab2_2_1\vivado.jou
#-----------------------------------------------------------
start_gui
open_project D:/compute_lab/lab2_2_1/lab2_1_1.xpr
INFO: [Project 1-313] Project file moved from 'D:/compute_lab/lab2_1_1' since last save.
Scanning sources...
Finished scanning sources
INFO: [IP_Flow 19-234] Refreshing IP repositories
INFO: [IP_Flow 19-1704] No user IP repositories specified
INFO: [IP_Flow 19-2313] Loaded Vivado IP repository 'D:/developp/Vivado/2019.2/data/ip'.
update_compile_order -fileset sources_1
exit
INFO: [Common 17-206] Exiting Vivado at Tue Apr  1 17:55:44 2025...
