#-----------------------------------------------------------
# Vivado v2019.2 (64-bit)
# SW Build 2708876 on Wed Nov  6 21:40:23 MST 2019
# IP Build 2700528 on Thu Nov  7 00:09:20 MST 2019
# Start of session at: Tue Apr 22 09:55:27 2025
# Process ID: 20728
# Current directory: D:/compute_lab/lab3_1/distributed_ram
# Command line: vivado.exe -gui_launcher_event rodinguilauncherevent21416 D:\compute_lab\lab3_1\distributed_ram\distributed_ram.xpr
# Log file: D:/compute_lab/lab3_1/distributed_ram/vivado.log
# Journal file: D:/compute_lab/lab3_1/distributed_ram\vivado.jou
#-----------------------------------------------------------
start_gui
open_project D:/compute_lab/lab3_1/distributed_ram/distributed_ram.xpr
Scanning sources...
Finished scanning sources
INFO: [IP_Flow 19-234] Refreshing IP repositories
INFO: [IP_Flow 19-1704] No user IP repositories specified
INFO: [IP_Flow 19-2313] Loaded Vivado IP repository 'D:/developp/Vivado/2019.2/data/ip'.
open_project: Time (s): cpu = 00:00:20 ; elapsed = 00:00:08 . Memory (MB): peak = 787.262 ; gain = 109.273
update_compile_order -fileset sources_1
exit
INFO: [Common 17-206] Exiting Vivado at Tue Apr 22 13:28:10 2025...
