#-----------------------------------------------------------
# Vivado v2019.2 (64-bit)
# SW Build 2708876 on Wed Nov  6 21:40:23 MST 2019
# IP Build 2700528 on Thu Nov  7 00:09:20 MST 2019
# Start of session at: Mon Mar 31 17:24:32 2025
# Process ID: 17012
# Current directory: D:/compute_lab/lab2_1/lab2_1
# Command line: vivado.exe -gui_launcher_event rodinguilauncherevent13896 D:\compute_lab\lab2_1\lab2_1\lab2_1.xpr
# Log file: D:/compute_lab/lab2_1/lab2_1/vivado.log
# Journal file: D:/compute_lab/lab2_1/lab2_1\vivado.jou
#-----------------------------------------------------------
start_gui
open_project D:/compute_lab/lab2_1/lab2_1/lab2_1.xpr
Scanning sources...
Finished scanning sources
INFO: [IP_Flow 19-234] Refreshing IP repositories
INFO: [IP_Flow 19-1704] No user IP repositories specified
INFO: [IP_Flow 19-2313] Loaded Vivado IP repository 'D:/developp/Vivado/2019.2/data/ip'.
open_project: Time (s): cpu = 00:00:11 ; elapsed = 00:00:05 . Memory (MB): peak = 755.727 ; gain = 105.992
update_compile_order -fileset sources_1
file mkdir D:/compute_lab/lab2_1/lab2_1/lab2_1.srcs/sim_1/new
set_property SOURCE_SET sources_1 [get_filesets sim_1]
close [ open D:/compute_lab/lab2_1/lab2_1/lab2_1.srcs/sim_1/new/tb.v w ]
add_files -fileset sim_1 D:/compute_lab/lab2_1/lab2_1/lab2_1.srcs/sim_1/new/tb.v
update_compile_order -fileset sim_1
launch_simulation
Command: launch_simulation 
INFO: [Vivado 12-5682] Launching behavioral simulation in 'D:/compute_lab/lab2_1/lab2_1/lab2_1.sim/sim_1/behav/xsim'
INFO: [SIM-utils-51] Simulation object is 'sim_1'
INFO: [SIM-utils-54] Inspecting design source files for 'regfile_display' in fileset 'sim_1'...
INFO: [USF-XSim-97] Finding global include files...
INFO: [USF-XSim-98] Fetching design files from 'sim_1'...
INFO: [USF-XSim-2] XSim::Compile design
INFO: [USF-XSim-61] Executing 'COMPILE and ANALYZE' step in 'D:/compute_lab/lab2_1/lab2_1/lab2_1.sim/sim_1/behav/xsim'
"xvlog --incr --relax -prj regfile_display_vlog.prj"
INFO: [VRFC 10-2263] Analyzing Verilog file "D:/compute_lab/lab2_1/lab2_1/lab2_1.srcs/sources_1/new/regfile.v" into library xil_defaultlib
INFO: [VRFC 10-311] analyzing module regfile
INFO: [VRFC 10-2263] Analyzing Verilog file "D:/compute_lab/lab2_1/lab2_1/lab2_1.srcs/sources_1/new/regfile_display.v" into library xil_defaultlib
INFO: [VRFC 10-311] analyzing module regfile_display
INFO: [VRFC 10-2263] Analyzing Verilog file "D:/compute_lab/lab2_1/lab2_1/lab2_1.sim/sim_1/behav/xsim/glbl.v" into library xil_defaultlib
INFO: [VRFC 10-311] analyzing module glbl
INFO: [USF-XSim-69] 'compile' step finished in '3' seconds
INFO: [USF-XSim-3] XSim::Elaborate design
INFO: [USF-XSim-61] Executing 'ELABORATE' step in 'D:/compute_lab/lab2_1/lab2_1/lab2_1.sim/sim_1/behav/xsim'
"xelab -wto d64c25a15cc242b59bfb0043cf4f0ea0 --incr --debug typical --relax --mt 2 -L xil_defaultlib -L unisims_ver -L unimacro_ver -L secureip --snapshot regfile_display_behav xil_defaultlib.regfile_display xil_defaultlib.glbl -log elaborate.log"
Vivado Simulator 2019.2
Copyright 1986-1999, 2001-2019 Xilinx, Inc. All Rights Reserved.
Running: D:/developp/Vivado/2019.2/bin/unwrapped/win64.o/xelab.exe -wto d64c25a15cc242b59bfb0043cf4f0ea0 --incr --debug typical --relax --mt 2 -L xil_defaultlib -L unisims_ver -L unimacro_ver -L secureip --snapshot regfile_display_behav xil_defaultlib.regfile_display xil_defaultlib.glbl -log elaborate.log 
Using 2 slave threads.
Starting static elaboration
Pass Through NonSizing Optimizer
ERROR: [VRFC 10-2063] Module <lcd_module> not found while processing module instance <lcd_module> [D:/compute_lab/lab2_1/lab2_1/lab2_1.srcs/sources_1/new/regfile_display.v:93]
ERROR: [XSIM 43-3322] Static elaboration of top level Verilog design unit(s) in library work failed.
INFO: [USF-XSim-69] 'elaborate' step finished in '4' seconds
INFO: [USF-XSim-99] Step results log file:'D:/compute_lab/lab2_1/lab2_1/lab2_1.sim/sim_1/behav/xsim/elaborate.log'
ERROR: [USF-XSim-62] 'elaborate' step failed with error(s). Please check the Tcl console output or 'D:/compute_lab/lab2_1/lab2_1/lab2_1.sim/sim_1/behav/xsim/elaborate.log' file for more information.
ERROR: [Vivado 12-4473] Detected error while running simulation. Please correct the issue and retry this operation.
launch_simulation: Time (s): cpu = 00:00:00 ; elapsed = 00:00:08 . Memory (MB): peak = 840.426 ; gain = 9.734
ERROR: [Common 17-39] 'launch_simulation' failed due to earlier errors.
set_property top tb [get_filesets sim_1]
set_property top_lib xil_defaultlib [get_filesets sim_1]
update_compile_order -fileset sim_1
launch_simulation
Command: launch_simulation 
INFO: [Vivado 12-5682] Launching behavioral simulation in 'D:/compute_lab/lab2_1/lab2_1/lab2_1.sim/sim_1/behav/xsim'
INFO: [SIM-utils-51] Simulation object is 'sim_1'
INFO: [SIM-utils-54] Inspecting design source files for 'tb' in fileset 'sim_1'...
INFO: [USF-XSim-97] Finding global include files...
INFO: [USF-XSim-98] Fetching design files from 'sim_1'...
INFO: [USF-XSim-2] XSim::Compile design
INFO: [USF-XSim-61] Executing 'COMPILE and ANALYZE' step in 'D:/compute_lab/lab2_1/lab2_1/lab2_1.sim/sim_1/behav/xsim'
"xvlog --incr --relax -prj tb_vlog.prj"
INFO: [VRFC 10-2263] Analyzing Verilog file "D:/compute_lab/lab2_1/lab2_1/lab2_1.srcs/sim_1/new/tb.v" into library xil_defaultlib
INFO: [VRFC 10-311] analyzing module tb
INFO: [USF-XSim-69] 'compile' step finished in '2' seconds
INFO: [USF-XSim-3] XSim::Elaborate design
INFO: [USF-XSim-61] Executing 'ELABORATE' step in 'D:/compute_lab/lab2_1/lab2_1/lab2_1.sim/sim_1/behav/xsim'
"xelab -wto d64c25a15cc242b59bfb0043cf4f0ea0 --incr --debug typical --relax --mt 2 -L xil_defaultlib -L unisims_ver -L unimacro_ver -L secureip --snapshot tb_behav xil_defaultlib.tb xil_defaultlib.glbl -log elaborate.log"
Vivado Simulator 2019.2
Copyright 1986-1999, 2001-2019 Xilinx, Inc. All Rights Reserved.
Running: D:/developp/Vivado/2019.2/bin/unwrapped/win64.o/xelab.exe -wto d64c25a15cc242b59bfb0043cf4f0ea0 --incr --debug typical --relax --mt 2 -L xil_defaultlib -L unisims_ver -L unimacro_ver -L secureip --snapshot tb_behav xil_defaultlib.tb xil_defaultlib.glbl -log elaborate.log 
Using 2 slave threads.
Starting static elaboration
Pass Through NonSizing Optimizer
Completed static elaboration
Starting simulation data flow analysis
Completed simulation data flow analysis
Time Resolution for simulation is 1ps
Compiling module xil_defaultlib.regfile
Compiling module xil_defaultlib.tb
Compiling module xil_defaultlib.glbl
Built simulation snapshot tb_behav

****** Webtalk v2019.2 (64-bit)
  **** SW Build 2708876 on Wed Nov  6 21:40:23 MST 2019
  **** IP Build 2700528 on Thu Nov  7 00:09:20 MST 2019
    ** Copyright 1986-2019 Xilinx, Inc. All Rights Reserved.

source D:/compute_lab/lab2_1/lab2_1/lab2_1.sim/sim_1/behav/xsim/xsim.dir/tb_behav/webtalk/xsim_webtalk.tcl -notrace
INFO: [Common 17-206] Exiting Webtalk at Mon Mar 31 17:58:17 2025...
run_program: Time (s): cpu = 00:00:00 ; elapsed = 00:00:17 . Memory (MB): peak = 840.426 ; gain = 0.000
INFO: [USF-XSim-69] 'elaborate' step finished in '17' seconds
INFO: [USF-XSim-4] XSim::Simulate design
INFO: [USF-XSim-61] Executing 'SIMULATE' step in 'D:/compute_lab/lab2_1/lab2_1/lab2_1.sim/sim_1/behav/xsim'
INFO: [USF-XSim-98] *** Running xsim
   with args "tb_behav -key {Behavioral:sim_1:Functional:tb} -tclbatch {tb.tcl} -log {simulate.log}"
INFO: [USF-XSim-8] Loading simulator feature
Vivado Simulator 2019.2
Time resolution is 1 ps
source tb.tcl
# set curr_wave [current_wave_config]
# if { [string length $curr_wave] == 0 } {
#   if { [llength [get_objects]] > 0} {
#     add_wave /
#     set_property needs_save false [current_wave_config]
#   } else {
#      send_msg_id Add_Wave-1 WARNING "No top level signals found. Simulator will start without a wave window. If you want to open a wave window go to 'File->New Waveform Configuration' or type 'create_wave_config' in the TCL console."
#   }
# }
# run 1000ns
INFO: [USF-XSim-96] XSim completed. Design snapshot 'tb_behav' loaded.
INFO: [USF-XSim-97] XSim simulation ran for 1000ns
launch_simulation: Time (s): cpu = 00:00:06 ; elapsed = 00:00:22 . Memory (MB): peak = 868.906 ; gain = 28.480
run all
run: Time (s): cpu = 00:00:10 ; elapsed = 00:00:08 . Memory (MB): peak = 868.906 ; gain = 0.000
run all
run: Time (s): cpu = 00:00:24 ; elapsed = 00:00:21 . Memory (MB): peak = 1196.371 ; gain = 0.000
close_sim
INFO: [Simtcl 6-16] Simulation closed
launch_simulation
Command: launch_simulation 
INFO: [Vivado 12-5682] Launching behavioral simulation in 'D:/compute_lab/lab2_1/lab2_1/lab2_1.sim/sim_1/behav/xsim'
INFO: [SIM-utils-51] Simulation object is 'sim_1'
INFO: [SIM-utils-54] Inspecting design source files for 'tb' in fileset 'sim_1'...
INFO: [USF-XSim-97] Finding global include files...
INFO: [USF-XSim-98] Fetching design files from 'sim_1'...
INFO: [USF-XSim-2] XSim::Compile design
INFO: [USF-XSim-61] Executing 'COMPILE and ANALYZE' step in 'D:/compute_lab/lab2_1/lab2_1/lab2_1.sim/sim_1/behav/xsim'
"xvlog --incr --relax -prj tb_vlog.prj"
INFO: [VRFC 10-2263] Analyzing Verilog file "D:/compute_lab/lab2_1/lab2_1/lab2_1.srcs/sources_1/new/regfile.v" into library xil_defaultlib
INFO: [VRFC 10-311] analyzing module regfile
INFO: [VRFC 10-2263] Analyzing Verilog file "D:/compute_lab/lab2_1/lab2_1/lab2_1.srcs/sim_1/new/tb.v" into library xil_defaultlib
INFO: [VRFC 10-311] analyzing module tb
INFO: [USF-XSim-69] 'compile' step finished in '1' seconds
INFO: [USF-XSim-3] XSim::Elaborate design
INFO: [USF-XSim-61] Executing 'ELABORATE' step in 'D:/compute_lab/lab2_1/lab2_1/lab2_1.sim/sim_1/behav/xsim'
"xelab -wto d64c25a15cc242b59bfb0043cf4f0ea0 --incr --debug typical --relax --mt 2 -L xil_defaultlib -L unisims_ver -L unimacro_ver -L secureip --snapshot tb_behav xil_defaultlib.tb xil_defaultlib.glbl -log elaborate.log"
Vivado Simulator 2019.2
Copyright 1986-1999, 2001-2019 Xilinx, Inc. All Rights Reserved.
Running: D:/developp/Vivado/2019.2/bin/unwrapped/win64.o/xelab.exe -wto d64c25a15cc242b59bfb0043cf4f0ea0 --incr --debug typical --relax --mt 2 -L xil_defaultlib -L unisims_ver -L unimacro_ver -L secureip --snapshot tb_behav xil_defaultlib.tb xil_defaultlib.glbl -log elaborate.log 
Using 2 slave threads.
Starting static elaboration
Pass Through NonSizing Optimizer
Completed static elaboration
Starting simulation data flow analysis
Completed simulation data flow analysis
Time Resolution for simulation is 1ps
Compiling module xil_defaultlib.regfile
Compiling module xil_defaultlib.tb
Compiling module xil_defaultlib.glbl
Built simulation snapshot tb_behav
INFO: [USF-XSim-69] 'elaborate' step finished in '3' seconds
INFO: [USF-XSim-4] XSim::Simulate design
INFO: [USF-XSim-61] Executing 'SIMULATE' step in 'D:/compute_lab/lab2_1/lab2_1/lab2_1.sim/sim_1/behav/xsim'
INFO: [USF-XSim-98] *** Running xsim
   with args "tb_behav -key {Behavioral:sim_1:Functional:tb} -tclbatch {tb.tcl} -log {simulate.log}"
INFO: [USF-XSim-8] Loading simulator feature
Vivado Simulator 2019.2
Time resolution is 1 ps
source tb.tcl
# set curr_wave [current_wave_config]
# if { [string length $curr_wave] == 0 } {
#   if { [llength [get_objects]] > 0} {
#     add_wave /
#     set_property needs_save false [current_wave_config]
#   } else {
#      send_msg_id Add_Wave-1 WARNING "No top level signals found. Simulator will start without a wave window. If you want to open a wave window go to 'File->New Waveform Configuration' or type 'create_wave_config' in the TCL console."
#   }
# }
# run 1000ns
INFO: [USF-XSim-96] XSim completed. Design snapshot 'tb_behav' loaded.
INFO: [USF-XSim-97] XSim simulation ran for 1000ns
launch_simulation: Time (s): cpu = 00:00:02 ; elapsed = 00:00:07 . Memory (MB): peak = 1196.371 ; gain = 0.000
launch_runs synth_1 -jobs 8
[Mon Mar 31 19:21:21 2025] Launched synth_1...
Run output will be captured here: D:/compute_lab/lab2_1/lab2_1/lab2_1.runs/synth_1/runme.log
launch_runs impl_1 -jobs 8
[Mon Mar 31 19:22:11 2025] Launched impl_1...
Run output will be captured here: D:/compute_lab/lab2_1/lab2_1/lab2_1.runs/impl_1/runme.log
open_run impl_1
INFO: [Device 21-403] Loading part xc7a200tfbg676-1
Netlist sorting complete. Time (s): cpu = 00:00:00 ; elapsed = 00:00:00.011 . Memory (MB): peak = 1307.977 ; gain = 0.000
INFO: [Netlist 29-17] Analyzing 35 Unisim elements for replacement
INFO: [Netlist 29-28] Unisim Transformation completed in 0 CPU seconds
INFO: [Project 1-479] Netlist was created with Vivado 2019.2
INFO: [Project 1-570] Preparing netlist for logic optimization
Reading XDEF placement.
Reading placer database...
Reading XDEF routing.
Read XDEF File: Time (s): cpu = 00:00:00 ; elapsed = 00:00:00.109 . Memory (MB): peak = 1386.262 ; gain = 2.273
Restored from archive | CPU: 0.000000 secs | Memory: 0.000000 MB |
Finished XDEF File Restore: Time (s): cpu = 00:00:00 ; elapsed = 00:00:00.110 . Memory (MB): peak = 1386.262 ; gain = 2.273
Netlist sorting complete. Time (s): cpu = 00:00:00 ; elapsed = 00:00:00 . Memory (MB): peak = 1386.262 ; gain = 0.000
INFO: [Project 1-111] Unisim Transformation Summary:
  A total of 20 instances were transformed.
  IOBUF => IOBUF (IBUF, OBUFT): 2 instances
  RAM32M => RAM32M (RAMD32(x6), RAMS32(x2)): 18 instances

open_run: Time (s): cpu = 00:00:13 ; elapsed = 00:00:10 . Memory (MB): peak = 1545.879 ; gain = 349.508
WARNING: [Timing 38-313] There are no user specified timing constraints. Timing constraints are needed for proper timing analysis.
set_property IOSTANDARD LVCMOS33 [get_ports [list {lcd_data_io[15]} {lcd_data_io[14]} {lcd_data_io[13]} {lcd_data_io[12]} {lcd_data_io[11]} {lcd_data_io[10]} {lcd_data_io[9]} {lcd_data_io[8]} {lcd_data_io[7]} {lcd_data_io[6]} {lcd_data_io[5]} {lcd_data_io[4]} {lcd_data_io[3]} {lcd_data_io[2]} {lcd_data_io[1]} {lcd_data_io[0]}]]
set_property IOSTANDARD LVCMOS33 [get_ports [list {input_sel[1]} {input_sel[0]}]]
set_property IOSTANDARD LVCMOS33 [get_ports [list clk]]
set_property package_pin "" [get_ports [list  clk]]
set_property package_pin "" [get_ports [list  clk]]
place_ports clk Y3
place_ports {input_sel[1]} AC21
place_ports {input_sel[0]} AD24
set_property IOSTANDARD LVCMOS33 [get_ports [list ct_int]]
set_property IOSTANDARD LVCMOS33 [get_ports [list ct_rstn]]
set_property IOSTANDARD LVCMOS25 [get_ports [list ct_scl]]
set_property IOSTANDARD LVCMOS33 [get_ports [list ct_scl]]
set_property IOSTANDARD LVCMOS33 [get_ports [list ct_sda]]
set_property IOSTANDARD LVCMOS33 [get_ports [list lcd_bl_ctr]]
set_property IOSTANDARD LVCMOS33 [get_ports [list lcd_cs]]
set_property IOSTANDARD LVCMOS33 [get_ports [list lcd_rd]]
set_property IOSTANDARD LVCMOS25 [get_ports [list lcd_rs]]
set_property IOSTANDARD LVCMOS33 [get_ports [list lcd_rs]]
set_property IOSTANDARD LVCMOS33 [get_ports [list lcd_rst]]
set_property IOSTANDARD LVCMOS33 [get_ports [list lcd_wr]]
set_property IOSTANDARD LVCMOS33 [get_ports [list led_raddr1]]
set_property IOSTANDARD LVCMOS33 [get_ports [list led_raddr2]]
set_property IOSTANDARD LVCMOS33 [get_ports [list led_waddr]]
set_property IOSTANDARD LVCMOS33 [get_ports [list led_wdata]]
set_property IOSTANDARD LVCMOS33 [get_ports [list led_wen]]
set_property IOSTANDARD LVCMOS33 [get_ports [list resetn]]
set_property IOSTANDARD LVCMOS33 [get_ports [list wen]]
place_ports wen AC22
place_ports resetn AC23
place_ports led_wen H7
place_ports led_wdata D5
place_ports led_waddr A3
place_ports led_raddr2 A5
place_ports led_raddr1 A4
file mkdir D:/compute_lab/lab2_1/lab2_1/lab2_1.srcs/constrs_1/new
close [ open D:/compute_lab/lab2_1/lab2_1/lab2_1.srcs/constrs_1/new/LAB2_1.xdc w ]
add_files -fileset constrs_1 D:/compute_lab/lab2_1/lab2_1/lab2_1.srcs/constrs_1/new/LAB2_1.xdc
set_property target_constrs_file D:/compute_lab/lab2_1/lab2_1/lab2_1.srcs/constrs_1/new/LAB2_1.xdc [current_fileset -constrset]
save_constraints -force
reset_run synth_1
launch_runs impl_1 -to_step write_bitstream -jobs 8
[Mon Mar 31 19:28:52 2025] Launched synth_1...
Run output will be captured here: D:/compute_lab/lab2_1/lab2_1/lab2_1.runs/synth_1/runme.log
[Mon Mar 31 19:28:52 2025] Launched impl_1...
Run output will be captured here: D:/compute_lab/lab2_1/lab2_1/lab2_1.runs/impl_1/runme.log
reset_run synth_1
launch_runs impl_1 -to_step write_bitstream -jobs 8
[Mon Mar 31 19:31:28 2025] Launched synth_1...
Run output will be captured here: D:/compute_lab/lab2_1/lab2_1/lab2_1.runs/synth_1/runme.log
[Mon Mar 31 19:31:28 2025] Launched impl_1...
Run output will be captured here: D:/compute_lab/lab2_1/lab2_1/lab2_1.runs/impl_1/runme.log
reset_run synth_1
launch_runs impl_1 -to_step write_bitstream -jobs 8
[Mon Mar 31 19:33:39 2025] Launched synth_1...
Run output will be captured here: D:/compute_lab/lab2_1/lab2_1/lab2_1.runs/synth_1/runme.log
[Mon Mar 31 19:33:39 2025] Launched impl_1...
Run output will be captured here: D:/compute_lab/lab2_1/lab2_1/lab2_1.runs/impl_1/runme.log
reset_run synth_1
launch_runs impl_1 -to_step write_bitstream -jobs 8
[Mon Mar 31 19:35:40 2025] Launched synth_1...
Run output will be captured here: D:/compute_lab/lab2_1/lab2_1/lab2_1.runs/synth_1/runme.log
[Mon Mar 31 19:35:40 2025] Launched impl_1...
Run output will be captured here: D:/compute_lab/lab2_1/lab2_1/lab2_1.runs/impl_1/runme.log
reset_run synth_1
launch_runs synth_1 -jobs 8
[Mon Mar 31 19:40:41 2025] Launched synth_1...
Run output will be captured here: D:/compute_lab/lab2_1/lab2_1/lab2_1.runs/synth_1/runme.log
launch_runs impl_1 -jobs 8
[Mon Mar 31 19:42:19 2025] Launched impl_1...
Run output will be captured here: D:/compute_lab/lab2_1/lab2_1/lab2_1.runs/impl_1/runme.log
refresh_design
Netlist sorting complete. Time (s): cpu = 00:00:00 ; elapsed = 00:00:00.010 . Memory (MB): peak = 3125.320 ; gain = 0.000
INFO: [Netlist 29-17] Analyzing 35 Unisim elements for replacement
INFO: [Netlist 29-28] Unisim Transformation completed in 0 CPU seconds
INFO: [Project 1-479] Netlist was created with Vivado 2019.2
INFO: [Project 1-570] Preparing netlist for logic optimization
INFO: [Timing 38-478] Restoring timing data from binary archive.
INFO: [Timing 38-479] Binary timing data restore complete.
INFO: [Project 1-856] Restoring constraints from binary archive.
INFO: [Project 1-853] Binary constraint restore complete.
Reading XDEF placement.
Reading placer database...
Reading XDEF routing.
Read XDEF File: Time (s): cpu = 00:00:01 ; elapsed = 00:00:00.104 . Memory (MB): peak = 3125.320 ; gain = 0.000
Restored from archive | CPU: 1.000000 secs | Memory: 0.000000 MB |
Finished XDEF File Restore: Time (s): cpu = 00:00:01 ; elapsed = 00:00:00.104 . Memory (MB): peak = 3125.320 ; gain = 0.000
refresh_design: Time (s): cpu = 00:00:08 ; elapsed = 00:00:06 . Memory (MB): peak = 3125.320 ; gain = 0.000
WARNING: [Timing 38-313] There are no user specified timing constraints. Timing constraints are needed for proper timing analysis.
set_property IOSTANDARD LVCMOS33 [get_ports [list clk]]
set_property IOSTANDARD LVCMOS33 [get_ports [list {input_sel[1]} {input_sel[0]}]]
place_ports clk Y3
place_ports {input_sel[1]} AC21
place_ports {input_sel[0]} AD24
place_ports wen AC22
place_ports resetn AC23
place_ports led_wen H7
place_ports led_wdata D5
place_ports led_waddr A3
place_ports led_raddr2 A5
place_ports led_raddr1 A4
save_constraints
set_property IOSTANDARD LVCMOS33 [get_ports [list led_raddr1]]
set_property IOSTANDARD LVCMOS33 [get_ports [list led_raddr2]]
set_property IOSTANDARD LVCMOS33 [get_ports [list led_waddr]]
set_property IOSTANDARD LVCMOS33 [get_ports [list led_wdata]]
set_property IOSTANDARD LVCMOS25 [get_ports [list led_wen]]
set_property IOSTANDARD LVCMOS33 [get_ports [list led_wen]]
set_property IOSTANDARD LVCMOS33 [get_ports [list resetn]]
set_property IOSTANDARD LVCMOS33 [get_ports [list wen]]
save_constraints -force
reset_run impl_1
launch_runs impl_1 -to_step write_bitstream -jobs 8
[Mon Mar 31 19:47:56 2025] Launched impl_1...
Run output will be captured here: D:/compute_lab/lab2_1/lab2_1/lab2_1.runs/impl_1/runme.log
reset_run synth_1
launch_runs synth_1 -jobs 8
[Mon Mar 31 19:51:09 2025] Launched synth_1...
Run output will be captured here: D:/compute_lab/lab2_1/lab2_1/lab2_1.runs/synth_1/runme.log
launch_runs impl_1 -jobs 8
[Mon Mar 31 19:51:53 2025] Launched impl_1...
Run output will be captured here: D:/compute_lab/lab2_1/lab2_1/lab2_1.runs/impl_1/runme.log
refresh_design
Netlist sorting complete. Time (s): cpu = 00:00:00 ; elapsed = 00:00:00.008 . Memory (MB): peak = 3125.320 ; gain = 0.000
INFO: [Netlist 29-17] Analyzing 35 Unisim elements for replacement
INFO: [Netlist 29-28] Unisim Transformation completed in 0 CPU seconds
INFO: [Project 1-479] Netlist was created with Vivado 2019.2
INFO: [Project 1-570] Preparing netlist for logic optimization
INFO: [Timing 38-478] Restoring timing data from binary archive.
INFO: [Timing 38-479] Binary timing data restore complete.
INFO: [Project 1-856] Restoring constraints from binary archive.
INFO: [Project 1-853] Binary constraint restore complete.
Reading XDEF placement.
Reading placer database...
Reading XDEF routing.
Read XDEF File: Time (s): cpu = 00:00:00 ; elapsed = 00:00:00.105 . Memory (MB): peak = 3125.320 ; gain = 0.000
Restored from archive | CPU: 0.000000 secs | Memory: 0.000000 MB |
Finished XDEF File Restore: Time (s): cpu = 00:00:00 ; elapsed = 00:00:00.105 . Memory (MB): peak = 3125.320 ; gain = 0.000
refresh_design: Time (s): cpu = 00:00:07 ; elapsed = 00:00:05 . Memory (MB): peak = 3125.320 ; gain = 0.000
WARNING: [Timing 38-313] There are no user specified timing constraints. Timing constraints are needed for proper timing analysis.
set_property IOSTANDARD LVCMOS33 [get_ports [list {input_sel[1]} {input_sel[0]}]]
set_property IOSTANDARD LVCMOS33 [get_ports [list clk]]
place_ports clk Y3
place_ports {input_sel[1]} AC21
place_ports {input_sel[0]} AD24
place_ports wen AC22
place_ports resetn AC23
place_ports led_wen H7
place_ports led_wdata D5
place_ports led_waddr A3
place_ports led_raddr2 A5
place_ports led_raddr1 A4
save_constraints
set_property IOSTANDARD LVCMOS33 [get_ports [list led_raddr1]]
set_property IOSTANDARD LVCMOS33 [get_ports [list led_raddr2]]
set_property IOSTANDARD LVCMOS33 [get_ports [list led_waddr]]
set_property IOSTANDARD LVCMOS33 [get_ports [list led_wdata]]
set_property IOSTANDARD LVCMOS33 [get_ports [list led_wen]]
set_property IOSTANDARD LVCMOS33 [get_ports [list resetn]]
set_property IOSTANDARD LVCMOS33 [get_ports [list wen]]
save_constraints_as constrs_2
set_property constrset constrs_2 [get_runs synth_1]
set_property constrset constrs_2 [get_runs impl_1]
delete_fileset [ get_filesets constrs_1 ]
file delete -force D:/compute_lab/lab2_1/lab2_1/lab2_1.srcs/constrs_1
reset_run synth_1
launch_runs impl_1 -to_step write_bitstream -jobs 8
[Mon Mar 31 19:57:26 2025] Launched synth_1...
Run output will be captured here: D:/compute_lab/lab2_1/lab2_1/lab2_1.runs/synth_1/runme.log
[Mon Mar 31 19:57:26 2025] Launched impl_1...
Run output will be captured here: D:/compute_lab/lab2_1/lab2_1/lab2_1.runs/impl_1/runme.log
close_sim
INFO: [Simtcl 6-16] Simulation closed
exit
INFO: [Common 17-206] Exiting Vivado at Mon Mar 31 20:00:06 2025...
