Vivado Simulator 2019.2
Copyright 1986-1999, 2001-2019 Xilinx, Inc. All Rights Reserved.
Running: D:/developp/Vivado/2019.2/bin/unwrapped/win64.o/xelab.exe -wto 0f40ee5c631645aba799ba4b7065ec41 --incr --debug typical --relax --mt 2 -L xil_defaultlib -L unisims_ver -L unimacro_ver -L secureip --snapshot tb_alu_behav xil_defaultlib.tb_alu xil_defaultlib.glbl -log elaborate.log 
Using 2 slave threads.
Starting static elaboration
Pass Through NonSizing Optimizer
Completed static elaboration
Starting simulation data flow analysis
WARNING: [XSIM 43-4099] "D:/compute_lab/lab4-1/lab4-1/lab4-1.srcs/sources_1/new/adder.v" Line 1. Module adder doesn't have a timescale but at least one module in design has a timescale.
WARNING: [XSIM 43-4099] "D:/compute_lab/lab4-1/lab4-1/lab4-1.srcs/sources_1/new/adder.v" Line 22. Module adder_32bit_default doesn't have a timescale but at least one module in design has a timescale.
WARNING: [XSIM 43-4099] "D:/compute_lab/lab4-1/lab4-1/lab4-1.srcs/sources_1/new/adder.v" Line 45. Module full_adder doesn't have a timescale but at least one module in design has a timescale.
WARNING: [XSIM 43-4099] "D:/compute_lab/lab4-1/lab4-1/lab4-1.srcs/sources_1/new/adder.v" Line 45. Module full_adder doesn't have a timescale but at least one module in design has a timescale.
WARNING: [XSIM 43-4099] "D:/compute_lab/lab4-1/lab4-1/lab4-1.srcs/sources_1/new/adder.v" Line 45. Module full_adder doesn't have a timescale but at least one module in design has a timescale.
WARNING: [XSIM 43-4099] "D:/compute_lab/lab4-1/lab4-1/lab4-1.srcs/sources_1/new/adder.v" Line 45. Module full_adder doesn't have a timescale but at least one module in design has a timescale.
WARNING: [XSIM 43-4099] "D:/compute_lab/lab4-1/lab4-1/lab4-1.srcs/sources_1/new/adder.v" Line 45. Module full_adder doesn't have a timescale but at least one module in design has a timescale.
WARNING: [XSIM 43-4099] "D:/compute_lab/lab4-1/lab4-1/lab4-1.srcs/sources_1/new/adder.v" Line 45. Module full_adder doesn't have a timescale but at least one module in design has a timescale.
WARNING: [XSIM 43-4099] "D:/compute_lab/lab4-1/lab4-1/lab4-1.srcs/sources_1/new/adder.v" Line 45. Module full_adder doesn't have a timescale but at least one module in design has a timescale.
WARNING: [XSIM 43-4099] "D:/compute_lab/lab4-1/lab4-1/lab4-1.srcs/sources_1/new/adder.v" Line 45. Module full_adder doesn't have a timescale but at least one module in design has a timescale.
WARNING: [XSIM 43-4099] "D:/compute_lab/lab4-1/lab4-1/lab4-1.srcs/sources_1/new/adder.v" Line 45. Module full_adder doesn't have a timescale but at least one module in design has a timescale.
WARNING: [XSIM 43-4099] "D:/compute_lab/lab4-1/lab4-1/lab4-1.srcs/sources_1/new/adder.v" Line 45. Module full_adder doesn't have a timescale but at least one module in design has a timescale.
WARNING: [XSIM 43-4099] "D:/compute_lab/lab4-1/lab4-1/lab4-1.srcs/sources_1/new/adder.v" Line 45. Module full_adder doesn't have a timescale but at least one module in design has a timescale.
WARNING: [XSIM 43-4099] "D:/compute_lab/lab4-1/lab4-1/lab4-1.srcs/sources_1/new/adder.v" Line 45. Module full_adder doesn't have a timescale but at least one module in design has a timescale.
WARNING: [XSIM 43-4099] "D:/compute_lab/lab4-1/lab4-1/lab4-1.srcs/sources_1/new/adder.v" Line 45. Module full_adder doesn't have a timescale but at least one module in design has a timescale.
WARNING: [XSIM 43-4099] "D:/compute_lab/lab4-1/lab4-1/lab4-1.srcs/sources_1/new/adder.v" Line 45. Module full_adder doesn't have a timescale but at least one module in design has a timescale.
WARNING: [XSIM 43-4099] "D:/compute_lab/lab4-1/lab4-1/lab4-1.srcs/sources_1/new/adder.v" Line 45. Module full_adder doesn't have a timescale but at least one module in design has a timescale.
WARNING: [XSIM 43-4099] "D:/compute_lab/lab4-1/lab4-1/lab4-1.srcs/sources_1/new/adder.v" Line 45. Module full_adder doesn't have a timescale but at least one module in design has a timescale.
WARNING: [XSIM 43-4099] "D:/compute_lab/lab4-1/lab4-1/lab4-1.srcs/sources_1/new/adder.v" Line 45. Module full_adder doesn't have a timescale but at least one module in design has a timescale.
WARNING: [XSIM 43-4099] "D:/compute_lab/lab4-1/lab4-1/lab4-1.srcs/sources_1/new/adder.v" Line 45. Module full_adder doesn't have a timescale but at least one module in design has a timescale.
WARNING: [XSIM 43-4099] "D:/compute_lab/lab4-1/lab4-1/lab4-1.srcs/sources_1/new/adder.v" Line 45. Module full_adder doesn't have a timescale but at least one module in design has a timescale.
WARNING: [XSIM 43-4099] "D:/compute_lab/lab4-1/lab4-1/lab4-1.srcs/sources_1/new/adder.v" Line 45. Module full_adder doesn't have a timescale but at least one module in design has a timescale.
WARNING: [XSIM 43-4099] "D:/compute_lab/lab4-1/lab4-1/lab4-1.srcs/sources_1/new/adder.v" Line 45. Module full_adder doesn't have a timescale but at least one module in design has a timescale.
WARNING: [XSIM 43-4099] "D:/compute_lab/lab4-1/lab4-1/lab4-1.srcs/sources_1/new/adder.v" Line 45. Module full_adder doesn't have a timescale but at least one module in design has a timescale.
WARNING: [XSIM 43-4099] "D:/compute_lab/lab4-1/lab4-1/lab4-1.srcs/sources_1/new/adder.v" Line 45. Module full_adder doesn't have a timescale but at least one module in design has a timescale.
WARNING: [XSIM 43-4099] "D:/compute_lab/lab4-1/lab4-1/lab4-1.srcs/sources_1/new/adder.v" Line 45. Module full_adder doesn't have a timescale but at least one module in design has a timescale.
WARNING: [XSIM 43-4099] "D:/compute_lab/lab4-1/lab4-1/lab4-1.srcs/sources_1/new/adder.v" Line 45. Module full_adder doesn't have a timescale but at least one module in design has a timescale.
WARNING: [XSIM 43-4099] "D:/compute_lab/lab4-1/lab4-1/lab4-1.srcs/sources_1/new/adder.v" Line 45. Module full_adder doesn't have a timescale but at least one module in design has a timescale.
WARNING: [XSIM 43-4099] "D:/compute_lab/lab4-1/lab4-1/lab4-1.srcs/sources_1/new/adder.v" Line 45. Module full_adder doesn't have a timescale but at least one module in design has a timescale.
WARNING: [XSIM 43-4099] "D:/compute_lab/lab4-1/lab4-1/lab4-1.srcs/sources_1/new/adder.v" Line 45. Module full_adder doesn't have a timescale but at least one module in design has a timescale.
WARNING: [XSIM 43-4099] "D:/compute_lab/lab4-1/lab4-1/lab4-1.srcs/sources_1/new/adder.v" Line 45. Module full_adder doesn't have a timescale but at least one module in design has a timescale.
WARNING: [XSIM 43-4099] "D:/compute_lab/lab4-1/lab4-1/lab4-1.srcs/sources_1/new/adder.v" Line 45. Module full_adder doesn't have a timescale but at least one module in design has a timescale.
WARNING: [XSIM 43-4099] "D:/compute_lab/lab4-1/lab4-1/lab4-1.srcs/sources_1/new/adder.v" Line 45. Module full_adder doesn't have a timescale but at least one module in design has a timescale.
WARNING: [XSIM 43-4099] "D:/compute_lab/lab4-1/lab4-1/lab4-1.srcs/sources_1/new/adder.v" Line 45. Module full_adder doesn't have a timescale but at least one module in design has a timescale.
WARNING: [XSIM 43-4099] "D:/compute_lab/lab4-1/lab4-1/lab4-1.srcs/sources_1/new/adder.v" Line 1. Module adder doesn't have a timescale but at least one module in design has a timescale.
WARNING: [XSIM 43-4099] "D:/compute_lab/lab4-1/lab4-1/lab4-1.srcs/sources_1/new/adder.v" Line 22. Module adder_32bit_default doesn't have a timescale but at least one module in design has a timescale.
WARNING: [XSIM 43-4099] "D:/compute_lab/lab4-1/lab4-1/lab4-1.srcs/sources_1/new/adder.v" Line 45. Module full_adder doesn't have a timescale but at least one module in design has a timescale.
WARNING: [XSIM 43-4099] "D:/compute_lab/lab4-1/lab4-1/lab4-1.srcs/sources_1/new/adder.v" Line 45. Module full_adder doesn't have a timescale but at least one module in design has a timescale.
WARNING: [XSIM 43-4099] "D:/compute_lab/lab4-1/lab4-1/lab4-1.srcs/sources_1/new/adder.v" Line 45. Module full_adder doesn't have a timescale but at least one module in design has a timescale.
WARNING: [XSIM 43-4099] "D:/compute_lab/lab4-1/lab4-1/lab4-1.srcs/sources_1/new/adder.v" Line 45. Module full_adder doesn't have a timescale but at least one module in design has a timescale.
WARNING: [XSIM 43-4099] "D:/compute_lab/lab4-1/lab4-1/lab4-1.srcs/sources_1/new/adder.v" Line 45. Module full_adder doesn't have a timescale but at least one module in design has a timescale.
WARNING: [XSIM 43-4099] "D:/compute_lab/lab4-1/lab4-1/lab4-1.srcs/sources_1/new/adder.v" Line 45. Module full_adder doesn't have a timescale but at least one module in design has a timescale.
WARNING: [XSIM 43-4099] "D:/compute_lab/lab4-1/lab4-1/lab4-1.srcs/sources_1/new/adder.v" Line 45. Module full_adder doesn't have a timescale but at least one module in design has a timescale.
WARNING: [XSIM 43-4099] "D:/compute_lab/lab4-1/lab4-1/lab4-1.srcs/sources_1/new/adder.v" Line 45. Module full_adder doesn't have a timescale but at least one module in design has a timescale.
WARNING: [XSIM 43-4099] "D:/compute_lab/lab4-1/lab4-1/lab4-1.srcs/sources_1/new/adder.v" Line 45. Module full_adder doesn't have a timescale but at least one module in design has a timescale.
WARNING: [XSIM 43-4099] "D:/compute_lab/lab4-1/lab4-1/lab4-1.srcs/sources_1/new/adder.v" Line 45. Module full_adder doesn't have a timescale but at least one module in design has a timescale.
WARNING: [XSIM 43-4099] "D:/compute_lab/lab4-1/lab4-1/lab4-1.srcs/sources_1/new/adder.v" Line 45. Module full_adder doesn't have a timescale but at least one module in design has a timescale.
WARNING: [XSIM 43-4099] "D:/compute_lab/lab4-1/lab4-1/lab4-1.srcs/sources_1/new/adder.v" Line 45. Module full_adder doesn't have a timescale but at least one module in design has a timescale.
WARNING: [XSIM 43-4099] "D:/compute_lab/lab4-1/lab4-1/lab4-1.srcs/sources_1/new/adder.v" Line 45. Module full_adder doesn't have a timescale but at least one module in design has a timescale.
WARNING: [XSIM 43-4099] "D:/compute_lab/lab4-1/lab4-1/lab4-1.srcs/sources_1/new/adder.v" Line 45. Module full_adder doesn't have a timescale but at least one module in design has a timescale.
WARNING: [XSIM 43-4099] "D:/compute_lab/lab4-1/lab4-1/lab4-1.srcs/sources_1/new/adder.v" Line 45. Module full_adder doesn't have a timescale but at least one module in design has a timescale.
WARNING: [XSIM 43-4099] "D:/compute_lab/lab4-1/lab4-1/lab4-1.srcs/sources_1/new/adder.v" Line 45. Module full_adder doesn't have a timescale but at least one module in design has a timescale.
WARNING: [XSIM 43-4099] "D:/compute_lab/lab4-1/lab4-1/lab4-1.srcs/sources_1/new/adder.v" Line 45. Module full_adder doesn't have a timescale but at least one module in design has a timescale.
WARNING: [XSIM 43-4099] "D:/compute_lab/lab4-1/lab4-1/lab4-1.srcs/sources_1/new/adder.v" Line 45. Module full_adder doesn't have a timescale but at least one module in design has a timescale.
WARNING: [XSIM 43-4099] "D:/compute_lab/lab4-1/lab4-1/lab4-1.srcs/sources_1/new/adder.v" Line 45. Module full_adder doesn't have a timescale but at least one module in design has a timescale.
WARNING: [XSIM 43-4099] "D:/compute_lab/lab4-1/lab4-1/lab4-1.srcs/sources_1/new/adder.v" Line 45. Module full_adder doesn't have a timescale but at least one module in design has a timescale.
WARNING: [XSIM 43-4099] "D:/compute_lab/lab4-1/lab4-1/lab4-1.srcs/sources_1/new/adder.v" Line 45. Module full_adder doesn't have a timescale but at least one module in design has a timescale.
WARNING: [XSIM 43-4099] "D:/compute_lab/lab4-1/lab4-1/lab4-1.srcs/sources_1/new/adder.v" Line 45. Module full_adder doesn't have a timescale but at least one module in design has a timescale.
WARNING: [XSIM 43-4099] "D:/compute_lab/lab4-1/lab4-1/lab4-1.srcs/sources_1/new/adder.v" Line 45. Module full_adder doesn't have a timescale but at least one module in design has a timescale.
WARNING: [XSIM 43-4099] "D:/compute_lab/lab4-1/lab4-1/lab4-1.srcs/sources_1/new/adder.v" Line 45. Module full_adder doesn't have a timescale but at least one module in design has a timescale.
WARNING: [XSIM 43-4099] "D:/compute_lab/lab4-1/lab4-1/lab4-1.srcs/sources_1/new/adder.v" Line 45. Module full_adder doesn't have a timescale but at least one module in design has a timescale.
WARNING: [XSIM 43-4099] "D:/compute_lab/lab4-1/lab4-1/lab4-1.srcs/sources_1/new/adder.v" Line 45. Module full_adder doesn't have a timescale but at least one module in design has a timescale.
WARNING: [XSIM 43-4099] "D:/compute_lab/lab4-1/lab4-1/lab4-1.srcs/sources_1/new/adder.v" Line 45. Module full_adder doesn't have a timescale but at least one module in design has a timescale.
WARNING: [XSIM 43-4099] "D:/compute_lab/lab4-1/lab4-1/lab4-1.srcs/sources_1/new/adder.v" Line 45. Module full_adder doesn't have a timescale but at least one module in design has a timescale.
WARNING: [XSIM 43-4099] "D:/compute_lab/lab4-1/lab4-1/lab4-1.srcs/sources_1/new/adder.v" Line 45. Module full_adder doesn't have a timescale but at least one module in design has a timescale.
WARNING: [XSIM 43-4099] "D:/compute_lab/lab4-1/lab4-1/lab4-1.srcs/sources_1/new/adder.v" Line 45. Module full_adder doesn't have a timescale but at least one module in design has a timescale.
WARNING: [XSIM 43-4099] "D:/compute_lab/lab4-1/lab4-1/lab4-1.srcs/sources_1/new/adder.v" Line 45. Module full_adder doesn't have a timescale but at least one module in design has a timescale.
WARNING: [XSIM 43-4099] "D:/compute_lab/lab4-1/lab4-1/lab4-1.srcs/sources_1/new/adder.v" Line 45. Module full_adder doesn't have a timescale but at least one module in design has a timescale.
Completed simulation data flow analysis
Time Resolution for simulation is 1ps
Compiling module xil_defaultlib.decoder3_8
Compiling module xil_defaultlib.full_adder
Compiling module xil_defaultlib.adder_32bit_default
Compiling module xil_defaultlib.adder
Compiling module xil_defaultlib.alu
Compiling module xil_defaultlib.tb_alu
Compiling module xil_defaultlib.glbl
Built simulation snapshot tb_alu_behav
