Vivado Simulator 2019.2
Copyright 1986-1999, 2001-2019 Xilinx, Inc. All Rights Reserved.
Running: D:/developp/Vivado/2019.2/bin/unwrapped/win64.o/xelab.exe -wto 36e6732404ec4707abf21dad04075fef --incr --debug typical --relax --mt 2 -L dist_mem_gen_v8_0_13 -L xil_defaultlib -L unisims_ver -L unimacro_ver -L secureip -L xpm --snapshot tb_pc_behav xil_defaultlib.tb_pc xil_defaultlib.glbl -log elaborate.log 
Using 2 slave threads.
Starting static elaboration
Pass Through NonSizing Optimizer
WARNING: [VRFC 10-3091] actual bit length 32 differs from formal bit length 5 for port 'a' [D:/compute_lab/lab4_2/pc/pc.srcs/sources_1/new/pc.v:35]
WARNING: [VRFC 10-5021] port 'test_addr' is not connected on this instance [D:/compute_lab/lab4_2/pc/pc.srcs/sim_1/new/tb_pc.v:24]
Completed static elaboration
Starting simulation data flow analysis
Completed simulation data flow analysis
Time Resolution for simulation is 1ps
Compiling module dist_mem_gen_v8_0_13.dist_mem_gen_v8_0_13(C_FAMILY="a...
Compiling module xil_defaultlib.inst_ram
Compiling module xil_defaultlib.regfile
Compiling module xil_defaultlib.adder_4bit
Compiling module xil_defaultlib.fast_adder_32bit_default
Compiling module xil_defaultlib.pc
Compiling module xil_defaultlib.tb_pc
Compiling module xil_defaultlib.glbl
Built simulation snapshot tb_pc_behav
